# JRE version: OpenJDK Runtime Environment Temurin-17.0.11+9 (17.0.11+9) (build 17.0.11+9)
# Java VM: OpenJDK 64-Bit Server VM Temurin-17.0.11+9 (17.0.11+9, mixed mode, tiered, compressed oops, compressed class ptrs, parallel gc, windows-amd64)
GC Precious Log:
 CPUs: 8 total, 8 available
 Memory: 7969M
 Large Page Support: Disabled
 NUMA Support: Disabled
 Compressed Oops: Enabled (32-bit)
 Alignments: Space 512K, Generation 512K, Heap 2M
 Heap Min Capacity: 100M
 Heap Initial Capacity: 100M
 Heap Max Capacity: 1G
 Pre-touch: Disabled
 Parallel Workers: 8
Heap:
 PSYoungGen      total 19456K, used 9729K [0x00000000eab00000, 0x00000000ec000000, 0x0000000100000000)
  eden space 17408K, 45% used [0x00000000eab00000,0x00000000eb2c42a0,0x00000000ebc00000)
  from space 2048K, 86% used [0x00000000ebe00000,0x00000000ebfbc558,0x00000000ec000000)
  to   space 2048K, 0% used [0x00000000ebc00000,0x00000000ebc00000,0x00000000ebe00000)
 ParOldGen       total 89600K, used 62740K [0x00000000c0000000, 0x00000000c5780000, 0x00000000eab00000)
  object space 89600K, 70% used [0x00000000c0000000,0x00000000c3d45230,0x00000000c5780000)
 Metaspace       used 67855K, committed 68992K, reserved 1114112K
  class space    used 7294K, committed 7808K, reserved 1048576K
GC Heap History (20 events):
Event: 7.641 GC heap before
{Heap before GC invocations=41 (full 3):
 PSYoungGen      total 19968K, used 19767K [0x00000000eab00000, 0x00000000ec280000, 0x0000000100000000)
  eden space 17920K, 100% used [0x00000000eab00000,0x00000000ebc80000,0x00000000ebc80000)
  from space 2048K, 90% used [0x00000000ebc80000,0x00000000ebe4df50,0x00000000ebe80000)
  to   space 3072K, 0% used [0x00000000ebf80000,0x00000000ebf80000,0x00000000ec280000)
 ParOldGen       total 68608K, used 51758K [0x00000000c0000000, 0x00000000c4300000, 0x00000000eab00000)
  object space 68608K, 75% used [0x00000000c0000000,0x00000000c328ba88,0x00000000c4300000)
 Metaspace       used 65111K, committed 66368K, reserved 1114112K
  class space    used 7081K, committed 7616K, reserved 1048576K
}
Event: 7.643 GC heap after
{Heap after GC invocations=41 (full 3):
 PSYoungGen      total 20480K, used 3040K [0x00000000eab00000, 0x00000000ec380000, 0x0000000100000000)
  eden space 17408K, 0% used [0x00000000eab00000,0x00000000eab00000,0x00000000ebc00000)
  from space 3072K, 98% used [0x00000000ebf80000,0x00000000ec278360,0x00000000ec280000)
  to   space 3584K, 0% used [0x00000000ebc00000,0x00000000ebc00000,0x00000000ebf80000)
 ParOldGen       total 68608K, used 53276K [0x00000000c0000000, 0x00000000c4300000, 0x00000000eab00000)
  object space 68608K, 77% used [0x00000000c0000000,0x00000000c3407000,0x00000000c4300000)
 Metaspace       used 65111K, committed 66368K, reserved 1114112K
  class space    used 7081K, committed 7616K, reserved 1048576K
}
Event: 7.700 GC heap before
{Heap before GC invocations=42 (full 3):
 PSYoungGen      total 20480K, used 20448K [0x00000000eab00000, 0x00000000ec380000, 0x0000000100000000)
  eden space 17408K, 100% used [0x00000000eab00000,0x00000000ebc00000,0x00000000ebc00000)
  from space 3072K, 98% used [0x00000000ebf80000,0x00000000ec278360,0x00000000ec280000)
  to   space 3584K, 0% used [0x00000000ebc00000,0x00000000ebc00000,0x00000000ebf80000)
 ParOldGen       total 68608K, used 53276K [0x00000000c0000000, 0x00000000c4300000, 0x00000000eab00000)
  object space 68608K, 77% used [0x00000000c0000000,0x00000000c3407000,0x00000000c4300000)
 Metaspace       used 65452K, committed 66624K, reserved 1114112K
  class space    used 7101K, committed 7616K, reserved 1048576K
}
Event: 7.701 GC heap after
{Heap after GC invocations=42 (full 3):
 PSYoungGen      total 19968K, used 2512K [0x00000000eab00000, 0x00000000ec200000, 0x0000000100000000)
  eden space 17408K, 0% used [0x00000000eab00000,0x00000000eab00000,0x00000000ebc00000)
  from space 2560K, 98% used [0x00000000ebc00000,0x00000000ebe74258,0x00000000ebe80000)
  to   space 3072K, 0% used [0x00000000ebf00000,0x00000000ebf00000,0x00000000ec200000)
 ParOldGen       total 68608K, used 55954K [0x00000000c0000000, 0x00000000c4300000, 0x00000000eab00000)
  object space 68608K, 81% used [0x00000000c0000000,0x00000000c36a4ae0,0x00000000c4300000)
 Metaspace       used 65452K, committed 66624K, reserved 1114112K
  class space    used 7101K, committed 7616K, reserved 1048576K
}
Event: 7.749 GC heap before
{Heap before GC invocations=43 (full 3):
 PSYoungGen      total 19968K, used 19919K [0x00000000eab00000, 0x00000000ec200000, 0x0000000100000000)
  eden space 17408K, 99% used [0x00000000eab00000,0x00000000ebbffa28,0x00000000ebc00000)
  from space 2560K, 98% used [0x00000000ebc00000,0x00000000ebe74258,0x00000000ebe80000)
  to   space 3072K, 0% used [0x00000000ebf00000,0x00000000ebf00000,0x00000000ec200000)
 ParOldGen       total 68608K, used 55954K [0x00000000c0000000, 0x00000000c4300000, 0x00000000eab00000)
  object space 68608K, 81% used [0x00000000c0000000,0x00000000c36a4ae0,0x00000000c4300000)
 Metaspace       used 65690K, committed 66880K, reserved 1114112K
  class space    used 7128K, committed 7616K, reserved 1048576K
}
Event: 7.751 GC heap after
{Heap after GC invocations=43 (full 3):
 PSYoungGen      total 19456K, used 1848K [0x00000000eab00000, 0x00000000ec100000, 0x0000000100000000)
  eden space 17408K, 0% used [0x00000000eab00000,0x00000000eab00000,0x00000000ebc00000)
  from space 2048K, 90% used [0x00000000ebf00000,0x00000000ec0ce288,0x00000000ec100000)
  to   space 2560K, 0% used [0x00000000ebc00000,0x00000000ebc00000,0x00000000ebe80000)
 ParOldGen       total 68608K, used 58192K [0x00000000c0000000, 0x00000000c4300000, 0x00000000eab00000)
  object space 68608K, 84% used [0x00000000c0000000,0x00000000c38d4230,0x00000000c4300000)
 Metaspace       used 65690K, committed 66880K, reserved 1114112K
  class space    used 7128K, committed 7616K, reserved 1048576K
}
Event: 7.797 GC heap before
{Heap before GC invocations=44 (full 3):
 PSYoungGen      total 19456K, used 19256K [0x00000000eab00000, 0x00000000ec100000, 0x0000000100000000)
  eden space 17408K, 100% used [0x00000000eab00000,0x00000000ebc00000,0x00000000ebc00000)
  from space 2048K, 90% used [0x00000000ebf00000,0x00000000ec0ce288,0x00000000ec100000)
  to   space 2560K, 0% used [0x00000000ebc00000,0x00000000ebc00000,0x00000000ebe80000)
 ParOldGen       total 68608K, used 58192K [0x00000000c0000000, 0x00000000c4300000, 0x00000000eab00000)
  object space 68608K, 84% used [0x00000000c0000000,0x00000000c38d4230,0x00000000c4300000)
 Metaspace       used 66007K, committed 67200K, reserved 1114112K
  class space    used 7152K, committed 7680K, reserved 1048576K
}
Event: 7.799 GC heap after
{Heap after GC invocations=44 (full 3):
 PSYoungGen      total 19968K, used 2548K [0x00000000eab00000, 0x00000000ec600000, 0x0000000100000000)
  eden space 17408K, 0% used [0x00000000eab00000,0x00000000eab00000,0x00000000ebc00000)
  from space 2560K, 99% used [0x00000000ebc00000,0x00000000ebe7d1d8,0x00000000ebe80000)
  to   space 5120K, 0% used [0x00000000ec100000,0x00000000ec100000,0x00000000ec600000)
 ParOldGen       total 68608K, used 60231K [0x00000000c0000000, 0x00000000c4300000, 0x00000000eab00000)
  object space 68608K, 87% used [0x00000000c0000000,0x00000000c3ad1e40,0x00000000c4300000)
 Metaspace       used 66007K, committed 67200K, reserved 1114112K
  class space    used 7152K, committed 7680K, reserved 1048576K
}
Event: 7.839 GC heap before
{Heap before GC invocations=45 (full 3):
 PSYoungGen      total 19968K, used 19956K [0x00000000eab00000, 0x00000000ec600000, 0x0000000100000000)
  eden space 17408K, 100% used [0x00000000eab00000,0x00000000ebc00000,0x00000000ebc00000)
  from space 2560K, 99% used [0x00000000ebc00000,0x00000000ebe7d1d8,0x00000000ebe80000)
  to   space 5120K, 0% used [0x00000000ec100000,0x00000000ec100000,0x00000000ec600000)
 ParOldGen       total 68608K, used 60231K [0x00000000c0000000, 0x00000000c4300000, 0x00000000eab00000)
  object space 68608K, 87% used [0x00000000c0000000,0x00000000c3ad1e40,0x00000000c4300000)
 Metaspace       used 66247K, committed 67456K, reserved 1114112K
  class space    used 7164K, committed 7680K, reserved 1048576K
}
Event: 7.842 GC heap after
{Heap after GC invocations=45 (full 3):
 PSYoungGen      total 18944K, used 1413K [0x00000000eab00000, 0x00000000ec280000, 0x0000000100000000)
  eden space 17408K, 0% used [0x00000000eab00000,0x00000000eab00000,0x00000000ebc00000)
  from space 1536K, 92% used [0x00000000ec100000,0x00000000ec2617b8,0x00000000ec280000)
  to   space 3072K, 0% used [0x00000000ebc80000,0x00000000ebc80000,0x00000000ebf80000)
 ParOldGen       total 68608K, used 62695K [0x00000000c0000000, 0x00000000c4300000, 0x00000000eab00000)
  object space 68608K, 91% used [0x00000000c0000000,0x00000000c3d39c20,0x00000000c4300000)
 Metaspace       used 66247K, committed 67456K, reserved 1114112K
  class space    used 7164K, committed 7680K, reserved 1048576K
}
Event: 7.892 GC heap before
{Heap before GC invocations=46 (full 3):
 PSYoungGen      total 18944K, used 18821K [0x00000000eab00000, 0x00000000ec280000, 0x0000000100000000)
  eden space 17408K, 100% used [0x00000000eab00000,0x00000000ebc00000,0x00000000ebc00000)
  from space 1536K, 92% used [0x00000000ec100000,0x00000000ec2617b8,0x00000000ec280000)
  to   space 3072K, 0% used [0x00000000ebc80000,0x00000000ebc80000,0x00000000ebf80000)
 ParOldGen       total 68608K, used 62695K [0x00000000c0000000, 0x00000000c4300000, 0x00000000eab00000)
  object space 68608K, 91% used [0x00000000c0000000,0x00000000c3d39c20,0x00000000c4300000)
 Metaspace       used 66821K, committed 68032K, reserved 1114112K
  class space    used 7203K, committed 7744K, reserved 1048576K
}
Event: 7.893 GC heap after
{Heap after GC invocations=46 (full 3):
 PSYoungGen      total 20480K, used 1546K [0x00000000eab00000, 0x00000000ec180000, 0x0000000100000000)
  eden space 17408K, 0% used [0x00000000eab00000,0x00000000eab00000,0x00000000ebc00000)
  from space 3072K, 50% used [0x00000000ebc80000,0x00000000ebe02b58,0x00000000ebf80000)
  to   space 2048K, 0% used [0x00000000ebf80000,0x00000000ebf80000,0x00000000ec180000)
 ParOldGen       total 68608K, used 63885K [0x00000000c0000000, 0x00000000c4300000, 0x00000000eab00000)
  object space 68608K, 93% used [0x00000000c0000000,0x00000000c3e63688,0x00000000c4300000)
 Metaspace       used 66821K, committed 68032K, reserved 1114112K
  class space    used 7203K, committed 7744K, reserved 1048576K
}
Event: 7.925 GC heap before
{Heap before GC invocations=47 (full 3):
 PSYoungGen      total 20480K, used 18824K [0x00000000eab00000, 0x00000000ec180000, 0x0000000100000000)
  eden space 17408K, 99% used [0x00000000eab00000,0x00000000ebbdf720,0x00000000ebc00000)
  from space 3072K, 50% used [0x00000000ebc80000,0x00000000ebe02b58,0x00000000ebf80000)
  to   space 2048K, 0% used [0x00000000ebf80000,0x00000000ebf80000,0x00000000ec180000)
 ParOldGen       total 68608K, used 63885K [0x00000000c0000000, 0x00000000c4300000, 0x00000000eab00000)
  object space 68608K, 93% used [0x00000000c0000000,0x00000000c3e63688,0x00000000c4300000)
 Metaspace       used 66901K, committed 68096K, reserved 1114112K
  class space    used 7206K, committed 7744K, reserved 1048576K
}
Event: 7.926 GC heap after
{Heap after GC invocations=47 (full 3):
 PSYoungGen      total 19456K, used 1996K [0x00000000eab00000, 0x00000000ec180000, 0x0000000100000000)
  eden space 17408K, 0% used [0x00000000eab00000,0x00000000eab00000,0x00000000ebc00000)
  from space 2048K, 97% used [0x00000000ebf80000,0x00000000ec1731e0,0x00000000ec180000)
  to   space 2560K, 0% used [0x00000000ebc80000,0x00000000ebc80000,0x00000000ebf00000)
 ParOldGen       total 68608K, used 65312K [0x00000000c0000000, 0x00000000c4300000, 0x00000000eab00000)
  object space 68608K, 95% used [0x00000000c0000000,0x00000000c3fc81b8,0x00000000c4300000)
 Metaspace       used 66901K, committed 68096K, reserved 1114112K
  class space    used 7206K, committed 7744K, reserved 1048576K
}
Event: 7.957 GC heap before
{Heap before GC invocations=48 (full 3):
 PSYoungGen      total 19456K, used 19258K [0x00000000eab00000, 0x00000000ec180000, 0x0000000100000000)
  eden space 17408K, 99% used [0x00000000eab00000,0x00000000ebbdb8e0,0x00000000ebc00000)
  from space 2048K, 97% used [0x00000000ebf80000,0x00000000ec1731e0,0x00000000ec180000)
  to   space 2560K, 0% used [0x00000000ebc80000,0x00000000ebc80000,0x00000000ebf00000)
 ParOldGen       total 68608K, used 65312K [0x00000000c0000000, 0x00000000c4300000, 0x00000000eab00000)
  object space 68608K, 95% used [0x00000000c0000000,0x00000000c3fc81b8,0x00000000c4300000)
 Metaspace       used 66930K, committed 68160K, reserved 1114112K
  class space    used 7206K, committed 7744K, reserved 1048576K
}
Event: 7.958 GC heap after
{Heap after GC invocations=48 (full 3):
 PSYoungGen      total 19968K, used 2395K [0x00000000eab00000, 0x00000000ec100000, 0x0000000100000000)
  eden space 17408K, 0% used [0x00000000eab00000,0x00000000eab00000,0x00000000ebc00000)
  from space 2560K, 93% used [0x00000000ebc80000,0x00000000ebed6c68,0x00000000ebf00000)
  to   space 2048K, 0% used [0x00000000ebf00000,0x00000000ebf00000,0x00000000ec100000)
 ParOldGen       total 68608K, used 66074K [0x00000000c0000000, 0x00000000c4300000, 0x00000000eab00000)
  object space 68608K, 96% used [0x00000000c0000000,0x00000000c4086a80,0x00000000c4300000)
 Metaspace       used 66930K, committed 68160K, reserved 1114112K
  class space    used 7206K, committed 7744K, reserved 1048576K
}
Event: 7.987 GC heap before
{Heap before GC invocations=49 (full 3):
 PSYoungGen      total 19968K, used 19803K [0x00000000eab00000, 0x00000000ec100000, 0x0000000100000000)
  eden space 17408K, 100% used [0x00000000eab00000,0x00000000ebc00000,0x00000000ebc00000)
  from space 2560K, 93% used [0x00000000ebc80000,0x00000000ebed6c68,0x00000000ebf00000)
  to   space 2048K, 0% used [0x00000000ebf00000,0x00000000ebf00000,0x00000000ec100000)
 ParOldGen       total 68608K, used 66074K [0x00000000c0000000, 0x00000000c4300000, 0x00000000eab00000)
  object space 68608K, 96% used [0x00000000c0000000,0x00000000c4086a80,0x00000000c4300000)
 Metaspace       used 66950K, committed 68160K, reserved 1114112K
  class space    used 7206K, committed 7744K, reserved 1048576K
}
Event: 7.988 GC heap after
{Heap after GC invocations=49 (full 3):
 PSYoungGen      total 18944K, used 1389K [0x00000000eab00000, 0x00000000ec080000, 0x0000000100000000)
  eden space 17408K, 0% used [0x00000000eab00000,0x00000000eab00000,0x00000000ebc00000)
  from space 1536K, 90% used [0x00000000ebf00000,0x00000000ec05b630,0x00000000ec080000)
  to   space 2048K, 0% used [0x00000000ebc80000,0x00000000ebc80000,0x00000000ebe80000)
 ParOldGen       total 68608K, used 67507K [0x00000000c0000000, 0x00000000c4300000, 0x00000000eab00000)
  object space 68608K, 98% used [0x00000000c0000000,0x00000000c41ece98,0x00000000c4300000)
 Metaspace       used 66950K, committed 68160K, reserved 1114112K
  class space    used 7206K, committed 7744K, reserved 1048576K
}
Event: 7.988 GC heap before
{Heap before GC invocations=50 (full 4):
 PSYoungGen      total 18944K, used 1389K [0x00000000eab00000, 0x00000000ec080000, 0x0000000100000000)
  eden space 17408K, 0% used [0x00000000eab00000,0x00000000eab00000,0x00000000ebc00000)
  from space 1536K, 90% used [0x00000000ebf00000,0x00000000ec05b630,0x00000000ec080000)
  to   space 2048K, 0% used [0x00000000ebc80000,0x00000000ebc80000,0x00000000ebe80000)
 ParOldGen       total 68608K, used 67507K [0x00000000c0000000, 0x00000000c4300000, 0x00000000eab00000)
  object space 68608K, 98% used [0x00000000c0000000,0x00000000c41ece98,0x00000000c4300000)
 Metaspace       used 66950K, committed 68160K, reserved 1114112K
  class space    used 7206K, committed 7744K, reserved 1048576K
}
Event: 8.038 GC heap after
{Heap after GC invocations=50 (full 4):
 PSYoungGen      total 17920K, used 0K [0x00000000eab00000, 0x00000000ec000000, 0x0000000100000000)
  eden space 17408K, 0% used [0x00000000eab00000,0x00000000eab00000,0x00000000ebc00000)
  from space 512K, 0% used [0x00000000ebc80000,0x00000000ebc80000,0x00000000ebd00000)
  to   space 2048K, 0% used [0x00000000ebe00000,0x00000000ebe00000,0x00000000ec000000)
 ParOldGen       total 89600K, used 62740K [0x00000000c0000000, 0x00000000c5780000, 0x00000000eab00000)
  object space 89600K, 70% used [0x00000000c0000000,0x00000000c3d45230,0x00000000c5780000)
 Metaspace       used 66950K, committed 68160K, reserved 1114112K
  class space    used 7206K, committed 7744K, reserved 1048576K
}

