# JRE version: OpenJDK Runtime Environment Temurin-17.0.12+7 (17.0.12+7) (build 17.0.12+7)
# Java VM: OpenJDK 64-Bit Server VM Temurin-17.0.12+7 (17.0.12+7, mixed mode, emulated-client, tiered, compressed oops, compressed class ptrs, g1 gc, windows-amd64)
GC Precious Log:
 CPUs: 8 total, 8 available
 Memory: 7969M
 Large Page Support: Disabled
 NUMA Support: Disabled
 Compressed Oops: Enabled (32-bit)
 Heap Region Size: 1M
 Heap Min Capacity: 8M
 Heap Initial Capacity: 126M
 Heap Max Capacity: 1G
 Pre-touch: Disabled
 Parallel Workers: 8
 Concurrent Workers: 2
 Concurrent Refinement Workers: 8
 Periodic GC: Disabled
Heap:
 garbage-first heap   total 157696K, used 46448K [0x00000000c0000000, 0x0000000100000000)
  region size 1024K, 1 young (1024K), 0 survivors (0K)
 Metaspace       used 62912K, committed 63424K, reserved 1114112K
  class space    used 7726K, committed 7936K, reserved 1048576K
GC Heap History (20 events):
Event: 7862.727 GC heap after
{Heap after GC invocations=768 (full 683):
 garbage-first heap   total 157696K, used 46448K [0x00000000c0000000, 0x0000000100000000)
  region size 1024K, 0 young (0K), 0 survivors (0K)
 Metaspace       used 62912K, committed 63424K, reserved 1114112K
  class space    used 7726K, committed 7936K, reserved 1048576K
}
Event: 7872.791 GC heap before
{Heap before GC invocations=768 (full 683):
 garbage-first heap   total 157696K, used 46448K [0x00000000c0000000, 0x0000000100000000)
  region size 1024K, 1 young (1024K), 0 survivors (0K)
 Metaspace       used 62912K, committed 63424K, reserved 1114112K
  class space    used 7726K, committed 7936K, reserved 1048576K
}
Event: 7872.812 GC heap after
{Heap after GC invocations=769 (full 684):
 garbage-first heap   total 157696K, used 46448K [0x00000000c0000000, 0x0000000100000000)
  region size 1024K, 0 young (0K), 0 survivors (0K)
 Metaspace       used 62912K, committed 63424K, reserved 1114112K
  class space    used 7726K, committed 7936K, reserved 1048576K
}
Event: 7882.864 GC heap before
{Heap before GC invocations=769 (full 684):
 garbage-first heap   total 157696K, used 46448K [0x00000000c0000000, 0x0000000100000000)
  region size 1024K, 1 young (1024K), 0 survivors (0K)
 Metaspace       used 62912K, committed 63424K, reserved 1114112K
  class space    used 7726K, committed 7936K, reserved 1048576K
}
Event: 7882.883 GC heap after
{Heap after GC invocations=770 (full 685):
 garbage-first heap   total 157696K, used 46448K [0x00000000c0000000, 0x0000000100000000)
  region size 1024K, 0 young (0K), 0 survivors (0K)
 Metaspace       used 62912K, committed 63424K, reserved 1114112K
  class space    used 7726K, committed 7936K, reserved 1048576K
}
Event: 7892.943 GC heap before
{Heap before GC invocations=770 (full 685):
 garbage-first heap   total 157696K, used 46448K [0x00000000c0000000, 0x0000000100000000)
  region size 1024K, 1 young (1024K), 0 survivors (0K)
 Metaspace       used 62912K, committed 63424K, reserved 1114112K
  class space    used 7726K, committed 7936K, reserved 1048576K
}
Event: 7892.962 GC heap after
{Heap after GC invocations=771 (full 686):
 garbage-first heap   total 157696K, used 46448K [0x00000000c0000000, 0x0000000100000000)
  region size 1024K, 0 young (0K), 0 survivors (0K)
 Metaspace       used 62912K, committed 63424K, reserved 1114112K
  class space    used 7726K, committed 7936K, reserved 1048576K
}
Event: 7903.024 GC heap before
{Heap before GC invocations=771 (full 686):
 garbage-first heap   total 157696K, used 46448K [0x00000000c0000000, 0x0000000100000000)
  region size 1024K, 1 young (1024K), 0 survivors (0K)
 Metaspace       used 62912K, committed 63424K, reserved 1114112K
  class space    used 7726K, committed 7936K, reserved 1048576K
}
Event: 7903.043 GC heap after
{Heap after GC invocations=772 (full 687):
 garbage-first heap   total 157696K, used 46448K [0x00000000c0000000, 0x0000000100000000)
  region size 1024K, 0 young (0K), 0 survivors (0K)
 Metaspace       used 62912K, committed 63424K, reserved 1114112K
  class space    used 7726K, committed 7936K, reserved 1048576K
}
Event: 7913.096 GC heap before
{Heap before GC invocations=772 (full 687):
 garbage-first heap   total 157696K, used 46448K [0x00000000c0000000, 0x0000000100000000)
  region size 1024K, 1 young (1024K), 0 survivors (0K)
 Metaspace       used 62912K, committed 63424K, reserved 1114112K
  class space    used 7726K, committed 7936K, reserved 1048576K
}
Event: 7913.116 GC heap after
{Heap after GC invocations=773 (full 688):
 garbage-first heap   total 157696K, used 46448K [0x00000000c0000000, 0x0000000100000000)
  region size 1024K, 0 young (0K), 0 survivors (0K)
 Metaspace       used 62912K, committed 63424K, reserved 1114112K
  class space    used 7726K, committed 7936K, reserved 1048576K
}
Event: 7923.185 GC heap before
{Heap before GC invocations=773 (full 688):
 garbage-first heap   total 157696K, used 46448K [0x00000000c0000000, 0x0000000100000000)
  region size 1024K, 1 young (1024K), 0 survivors (0K)
 Metaspace       used 62912K, committed 63424K, reserved 1114112K
  class space    used 7726K, committed 7936K, reserved 1048576K
}
Event: 7923.205 GC heap after
{Heap after GC invocations=774 (full 689):
 garbage-first heap   total 157696K, used 46448K [0x00000000c0000000, 0x0000000100000000)
  region size 1024K, 0 young (0K), 0 survivors (0K)
 Metaspace       used 62912K, committed 63424K, reserved 1114112K
  class space    used 7726K, committed 7936K, reserved 1048576K
}
Event: 7933.272 GC heap before
{Heap before GC invocations=774 (full 689):
 garbage-first heap   total 157696K, used 46448K [0x00000000c0000000, 0x0000000100000000)
  region size 1024K, 1 young (1024K), 0 survivors (0K)
 Metaspace       used 62912K, committed 63424K, reserved 1114112K
  class space    used 7726K, committed 7936K, reserved 1048576K
}
Event: 7933.292 GC heap after
{Heap after GC invocations=775 (full 690):
 garbage-first heap   total 157696K, used 46448K [0x00000000c0000000, 0x0000000100000000)
  region size 1024K, 0 young (0K), 0 survivors (0K)
 Metaspace       used 62912K, committed 63424K, reserved 1114112K
  class space    used 7726K, committed 7936K, reserved 1048576K
}
Event: 7943.356 GC heap before
{Heap before GC invocations=775 (full 690):
 garbage-first heap   total 157696K, used 46448K [0x00000000c0000000, 0x0000000100000000)
  region size 1024K, 1 young (1024K), 0 survivors (0K)
 Metaspace       used 62912K, committed 63424K, reserved 1114112K
  class space    used 7726K, committed 7936K, reserved 1048576K
}
Event: 7943.376 GC heap after
{Heap after GC invocations=776 (full 691):
 garbage-first heap   total 157696K, used 46448K [0x00000000c0000000, 0x0000000100000000)
  region size 1024K, 0 young (0K), 0 survivors (0K)
 Metaspace       used 62912K, committed 63424K, reserved 1114112K
  class space    used 7726K, committed 7936K, reserved 1048576K
}
Event: 7953.443 GC heap before
{Heap before GC invocations=776 (full 691):
 garbage-first heap   total 157696K, used 46448K [0x00000000c0000000, 0x0000000100000000)
  region size 1024K, 1 young (1024K), 0 survivors (0K)
 Metaspace       used 62912K, committed 63424K, reserved 1114112K
  class space    used 7726K, committed 7936K, reserved 1048576K
}
Event: 7953.462 GC heap after
{Heap after GC invocations=777 (full 692):
 garbage-first heap   total 157696K, used 46448K [0x00000000c0000000, 0x0000000100000000)
  region size 1024K, 0 young (0K), 0 survivors (0K)
 Metaspace       used 62912K, committed 63424K, reserved 1114112K
  class space    used 7726K, committed 7936K, reserved 1048576K
}
Event: 7964.080 GC heap before
{Heap before GC invocations=777 (full 692):
 garbage-first heap   total 157696K, used 46448K [0x00000000c0000000, 0x0000000100000000)
  region size 1024K, 1 young (1024K), 0 survivors (0K)
 Metaspace       used 62912K, committed 63424K, reserved 1114112K
  class space    used 7726K, committed 7936K, reserved 1048576K
}

