# JRE version: OpenJDK Runtime Environment Temurin-17.0.12+7 (17.0.12+7) (build 17.0.12+7)
# Java VM: OpenJDK 64-Bit Server VM Temurin-17.0.12+7 (17.0.12+7, mixed mode, emulated-client, tiered, compressed oops, compressed class ptrs, g1 gc, windows-amd64)
GC Precious Log:
 CPUs: 8 total, 8 available
 Memory: 7969M
 Large Page Support: Disabled
 NUMA Support: Disabled
 Compressed Oops: Enabled (32-bit)
 Heap Region Size: 1M
 Heap Min Capacity: 8M
 Heap Initial Capacity: 126M
 Heap Max Capacity: 1G
 Pre-touch: Disabled
 Parallel Workers: 8
 Concurrent Workers: 2
 Concurrent Refinement Workers: 8
 Periodic GC: Disabled
Heap:
 garbage-first heap   total 103424K, used 41469K [0x00000000c0000000, 0x0000000100000000)
  region size 1024K, 1 young (1024K), 0 survivors (0K)
 Metaspace       used 61938K, committed 62336K, reserved 1114112K
  class space    used 7560K, committed 7744K, reserved 1048576K
GC Heap History (20 events):
Event: 19916.799 GC heap after
{Heap after GC invocations=1808 (full 1769):
 garbage-first heap   total 103424K, used 41469K [0x00000000c0000000, 0x0000000100000000)
  region size 1024K, 0 young (0K), 0 survivors (0K)
 Metaspace       used 61938K, committed 62336K, reserved 1114112K
  class space    used 7560K, committed 7744K, reserved 1048576K
}
Event: 19926.850 GC heap before
{Heap before GC invocations=1808 (full 1769):
 garbage-first heap   total 103424K, used 41469K [0x00000000c0000000, 0x0000000100000000)
  region size 1024K, 1 young (1024K), 0 survivors (0K)
 Metaspace       used 61938K, committed 62336K, reserved 1114112K
  class space    used 7560K, committed 7744K, reserved 1048576K
}
Event: 19926.871 GC heap after
{Heap after GC invocations=1809 (full 1770):
 garbage-first heap   total 103424K, used 41469K [0x00000000c0000000, 0x0000000100000000)
  region size 1024K, 0 young (0K), 0 survivors (0K)
 Metaspace       used 61938K, committed 62336K, reserved 1114112K
  class space    used 7560K, committed 7744K, reserved 1048576K
}
Event: 19936.940 GC heap before
{Heap before GC invocations=1809 (full 1770):
 garbage-first heap   total 103424K, used 41469K [0x00000000c0000000, 0x0000000100000000)
  region size 1024K, 1 young (1024K), 0 survivors (0K)
 Metaspace       used 61938K, committed 62336K, reserved 1114112K
  class space    used 7560K, committed 7744K, reserved 1048576K
}
Event: 19936.966 GC heap after
{Heap after GC invocations=1810 (full 1771):
 garbage-first heap   total 103424K, used 41469K [0x00000000c0000000, 0x0000000100000000)
  region size 1024K, 0 young (0K), 0 survivors (0K)
 Metaspace       used 61938K, committed 62336K, reserved 1114112K
  class space    used 7560K, committed 7744K, reserved 1048576K
}
Event: 19947.026 GC heap before
{Heap before GC invocations=1810 (full 1771):
 garbage-first heap   total 103424K, used 41469K [0x00000000c0000000, 0x0000000100000000)
  region size 1024K, 1 young (1024K), 0 survivors (0K)
 Metaspace       used 61938K, committed 62336K, reserved 1114112K
  class space    used 7560K, committed 7744K, reserved 1048576K
}
Event: 19947.051 GC heap after
{Heap after GC invocations=1811 (full 1772):
 garbage-first heap   total 103424K, used 41469K [0x00000000c0000000, 0x0000000100000000)
  region size 1024K, 0 young (0K), 0 survivors (0K)
 Metaspace       used 61938K, committed 62336K, reserved 1114112K
  class space    used 7560K, committed 7744K, reserved 1048576K
}
Event: 19957.120 GC heap before
{Heap before GC invocations=1811 (full 1772):
 garbage-first heap   total 103424K, used 41469K [0x00000000c0000000, 0x0000000100000000)
  region size 1024K, 1 young (1024K), 0 survivors (0K)
 Metaspace       used 61938K, committed 62336K, reserved 1114112K
  class space    used 7560K, committed 7744K, reserved 1048576K
}
Event: 19957.143 GC heap after
{Heap after GC invocations=1812 (full 1773):
 garbage-first heap   total 103424K, used 41469K [0x00000000c0000000, 0x0000000100000000)
  region size 1024K, 0 young (0K), 0 survivors (0K)
 Metaspace       used 61938K, committed 62336K, reserved 1114112K
  class space    used 7560K, committed 7744K, reserved 1048576K
}
Event: 19967.234 GC heap before
{Heap before GC invocations=1812 (full 1773):
 garbage-first heap   total 103424K, used 41469K [0x00000000c0000000, 0x0000000100000000)
  region size 1024K, 1 young (1024K), 0 survivors (0K)
 Metaspace       used 61938K, committed 62336K, reserved 1114112K
  class space    used 7560K, committed 7744K, reserved 1048576K
}
Event: 19967.256 GC heap after
{Heap after GC invocations=1813 (full 1774):
 garbage-first heap   total 103424K, used 41469K [0x00000000c0000000, 0x0000000100000000)
  region size 1024K, 0 young (0K), 0 survivors (0K)
 Metaspace       used 61938K, committed 62336K, reserved 1114112K
  class space    used 7560K, committed 7744K, reserved 1048576K
}
Event: 19977.324 GC heap before
{Heap before GC invocations=1813 (full 1774):
 garbage-first heap   total 103424K, used 41469K [0x00000000c0000000, 0x0000000100000000)
  region size 1024K, 1 young (1024K), 0 survivors (0K)
 Metaspace       used 61938K, committed 62336K, reserved 1114112K
  class space    used 7560K, committed 7744K, reserved 1048576K
}
Event: 19977.351 GC heap after
{Heap after GC invocations=1814 (full 1775):
 garbage-first heap   total 103424K, used 41469K [0x00000000c0000000, 0x0000000100000000)
  region size 1024K, 0 young (0K), 0 survivors (0K)
 Metaspace       used 61938K, committed 62336K, reserved 1114112K
  class space    used 7560K, committed 7744K, reserved 1048576K
}
Event: 19987.417 GC heap before
{Heap before GC invocations=1814 (full 1775):
 garbage-first heap   total 103424K, used 41469K [0x00000000c0000000, 0x0000000100000000)
  region size 1024K, 1 young (1024K), 0 survivors (0K)
 Metaspace       used 61938K, committed 62336K, reserved 1114112K
  class space    used 7560K, committed 7744K, reserved 1048576K
}
Event: 19987.448 GC heap after
{Heap after GC invocations=1815 (full 1776):
 garbage-first heap   total 103424K, used 41469K [0x00000000c0000000, 0x0000000100000000)
  region size 1024K, 0 young (0K), 0 survivors (0K)
 Metaspace       used 61938K, committed 62336K, reserved 1114112K
  class space    used 7560K, committed 7744K, reserved 1048576K
}
Event: 19997.553 GC heap before
{Heap before GC invocations=1815 (full 1776):
 garbage-first heap   total 103424K, used 41469K [0x00000000c0000000, 0x0000000100000000)
  region size 1024K, 1 young (1024K), 0 survivors (0K)
 Metaspace       used 61938K, committed 62336K, reserved 1114112K
  class space    used 7560K, committed 7744K, reserved 1048576K
}
Event: 19997.582 GC heap after
{Heap after GC invocations=1816 (full 1777):
 garbage-first heap   total 103424K, used 41469K [0x00000000c0000000, 0x0000000100000000)
  region size 1024K, 0 young (0K), 0 survivors (0K)
 Metaspace       used 61938K, committed 62336K, reserved 1114112K
  class space    used 7560K, committed 7744K, reserved 1048576K
}
Event: 20007.643 GC heap before
{Heap before GC invocations=1816 (full 1777):
 garbage-first heap   total 103424K, used 41469K [0x00000000c0000000, 0x0000000100000000)
  region size 1024K, 1 young (1024K), 0 survivors (0K)
 Metaspace       used 61938K, committed 62336K, reserved 1114112K
  class space    used 7560K, committed 7744K, reserved 1048576K
}
Event: 20007.666 GC heap after
{Heap after GC invocations=1817 (full 1778):
 garbage-first heap   total 103424K, used 41469K [0x00000000c0000000, 0x0000000100000000)
  region size 1024K, 0 young (0K), 0 survivors (0K)
 Metaspace       used 61938K, committed 62336K, reserved 1114112K
  class space    used 7560K, committed 7744K, reserved 1048576K
}
Event: 20018.201 GC heap before
{Heap before GC invocations=1817 (full 1778):
 garbage-first heap   total 103424K, used 41469K [0x00000000c0000000, 0x0000000100000000)
  region size 1024K, 1 young (1024K), 0 survivors (0K)
 Metaspace       used 61938K, committed 62336K, reserved 1114112K
  class space    used 7560K, committed 7744K, reserved 1048576K
}

