# JRE version: OpenJDK Runtime Environment Temurin-17.0.11+9 (17.0.11+9) (build 17.0.11+9)
# Java VM: OpenJDK 64-Bit Server VM Temurin-17.0.11+9 (17.0.11+9, mixed mode, tiered, compressed oops, compressed class ptrs, parallel gc, windows-amd64)
GC Precious Log:
 CPUs: 8 total, 8 available
 Memory: 7969M
 Large Page Support: Disabled
 NUMA Support: Disabled
 Compressed Oops: Enabled (32-bit)
 Alignments: Space 512K, Generation 512K, Heap 2M
 Heap Min Capacity: 100M
 Heap Initial Capacity: 100M
 Heap Max Capacity: 1G
 Pre-touch: Disabled
 Parallel Workers: 8
Heap:
 PSYoungGen      total 108032K, used 79058K [0x00000000eab00000, 0x00000000f3500000, 0x0000000100000000)
  eden space 85504K, 85% used [0x00000000eab00000,0x00000000ef2869c0,0x00000000efe80000)
  from space 22528K, 25% used [0x00000000efe80000,0x00000000f042df80,0x00000000f1480000)
  to   space 25088K, 0% used [0x00000000f1c80000,0x00000000f1c80000,0x00000000f3500000)
 ParOldGen       total 303616K, used 303610K [0x00000000c0000000, 0x00000000d2880000, 0x00000000eab00000)
  object space 303616K, 99% used [0x00000000c0000000,0x00000000d287e998,0x00000000d2880000)
 Metaspace       used 70668K, committed 72000K, reserved 1114112K
  class space    used 7380K, committed 8000K, reserved 1048576K
GC Heap History (20 events):
Event: 10.912 GC heap before
{Heap before GC invocations=142 (full 10):
 PSYoungGen      total 91136K, used 90784K [0x00000000eab00000, 0x00000000f1600000, 0x0000000100000000)
  eden space 83968K, 100% used [0x00000000eab00000,0x00000000efd00000,0x00000000efd00000)
  from space 7168K, 95% used [0x00000000f0f00000,0x00000000f15a80f0,0x00000000f1600000)
  to   space 10752K, 0% used [0x00000000f0100000,0x00000000f0100000,0x00000000f0b80000)
 ParOldGen       total 303616K, used 216900K [0x00000000c0000000, 0x00000000d2880000, 0x00000000eab00000)
  object space 303616K, 71% used [0x00000000c0000000,0x00000000cd3d1100,0x00000000d2880000)
 Metaspace       used 70373K, committed 71808K, reserved 1114112K
  class space    used 7358K, committed 8000K, reserved 1048576K
}
Event: 10.918 GC heap after
{Heap after GC invocations=142 (full 10):
 PSYoungGen      total 98304K, used 10742K [0x00000000eab00000, 0x00000000f2880000, 0x0000000100000000)
  eden space 87552K, 0% used [0x00000000eab00000,0x00000000eab00000,0x00000000f0080000)
  from space 10752K, 99% used [0x00000000f0100000,0x00000000f0b7d970,0x00000000f0b80000)
  to   space 20480K, 0% used [0x00000000f1480000,0x00000000f1480000,0x00000000f2880000)
 ParOldGen       total 303616K, used 224373K [0x00000000c0000000, 0x00000000d2880000, 0x00000000eab00000)
  object space 303616K, 73% used [0x00000000c0000000,0x00000000cdb1d400,0x00000000d2880000)
 Metaspace       used 70373K, committed 71808K, reserved 1114112K
  class space    used 7358K, committed 8000K, reserved 1048576K
}
Event: 11.036 GC heap before
{Heap before GC invocations=143 (full 10):
 PSYoungGen      total 98304K, used 98294K [0x00000000eab00000, 0x00000000f2880000, 0x0000000100000000)
  eden space 87552K, 100% used [0x00000000eab00000,0x00000000f0080000,0x00000000f0080000)
  from space 10752K, 99% used [0x00000000f0100000,0x00000000f0b7d970,0x00000000f0b80000)
  to   space 20480K, 0% used [0x00000000f1480000,0x00000000f1480000,0x00000000f2880000)
 ParOldGen       total 303616K, used 224373K [0x00000000c0000000, 0x00000000d2880000, 0x00000000eab00000)
  object space 303616K, 73% used [0x00000000c0000000,0x00000000cdb1d400,0x00000000d2880000)
 Metaspace       used 70383K, committed 71808K, reserved 1114112K
  class space    used 7358K, committed 8000K, reserved 1048576K
}
Event: 11.045 GC heap after
{Heap after GC invocations=143 (full 10):
 PSYoungGen      total 105472K, used 20477K [0x00000000eab00000, 0x00000000f3200000, 0x0000000100000000)
  eden space 84992K, 0% used [0x00000000eab00000,0x00000000eab00000,0x00000000efe00000)
  from space 20480K, 99% used [0x00000000f1480000,0x00000000f287f5e0,0x00000000f2880000)
  to   space 23040K, 0% used [0x00000000efe00000,0x00000000efe00000,0x00000000f1480000)
 ParOldGen       total 303616K, used 225625K [0x00000000c0000000, 0x00000000d2880000, 0x00000000eab00000)
  object space 303616K, 74% used [0x00000000c0000000,0x00000000cdc564d8,0x00000000d2880000)
 Metaspace       used 70383K, committed 71808K, reserved 1114112K
  class space    used 7358K, committed 8000K, reserved 1048576K
}
Event: 11.207 GC heap before
{Heap before GC invocations=144 (full 10):
 PSYoungGen      total 105472K, used 105469K [0x00000000eab00000, 0x00000000f3200000, 0x0000000100000000)
  eden space 84992K, 100% used [0x00000000eab00000,0x00000000efe00000,0x00000000efe00000)
  from space 20480K, 99% used [0x00000000f1480000,0x00000000f287f5e0,0x00000000f2880000)
  to   space 23040K, 0% used [0x00000000efe00000,0x00000000efe00000,0x00000000f1480000)
 ParOldGen       total 303616K, used 225626K [0x00000000c0000000, 0x00000000d2880000, 0x00000000eab00000)
  object space 303616K, 74% used [0x00000000c0000000,0x00000000cdc56838,0x00000000d2880000)
 Metaspace       used 70397K, committed 71808K, reserved 1114112K
  class space    used 7359K, committed 8000K, reserved 1048576K
}
Event: 11.216 GC heap after
{Heap after GC invocations=144 (full 10):
 PSYoungGen      total 108032K, used 23033K [0x00000000eab00000, 0x00000000f4c00000, 0x0000000100000000)
  eden space 84992K, 0% used [0x00000000eab00000,0x00000000eab00000,0x00000000efe00000)
  from space 23040K, 99% used [0x00000000efe00000,0x00000000f147e448,0x00000000f1480000)
  to   space 36352K, 0% used [0x00000000f2880000,0x00000000f2880000,0x00000000f4c00000)
 ParOldGen       total 303616K, used 236222K [0x00000000c0000000, 0x00000000d2880000, 0x00000000eab00000)
  object space 303616K, 77% used [0x00000000c0000000,0x00000000ce6af9b0,0x00000000d2880000)
 Metaspace       used 70397K, committed 71808K, reserved 1114112K
  class space    used 7359K, committed 8000K, reserved 1048576K
}
Event: 11.350 GC heap before
{Heap before GC invocations=145 (full 10):
 PSYoungGen      total 108032K, used 108025K [0x00000000eab00000, 0x00000000f4c00000, 0x0000000100000000)
  eden space 84992K, 100% used [0x00000000eab00000,0x00000000efe00000,0x00000000efe00000)
  from space 23040K, 99% used [0x00000000efe00000,0x00000000f147e448,0x00000000f1480000)
  to   space 36352K, 0% used [0x00000000f2880000,0x00000000f2880000,0x00000000f4c00000)
 ParOldGen       total 303616K, used 236226K [0x00000000c0000000, 0x00000000d2880000, 0x00000000eab00000)
  object space 303616K, 77% used [0x00000000c0000000,0x00000000ce6b0a10,0x00000000d2880000)
 Metaspace       used 70401K, committed 71808K, reserved 1114112K
  class space    used 7359K, committed 8000K, reserved 1048576K
}
Event: 11.401 GC heap after
{Heap after GC invocations=145 (full 10):
 PSYoungGen      total 103424K, used 11448K [0x00000000eab00000, 0x00000000f3400000, 0x0000000100000000)
  eden space 91648K, 0% used [0x00000000eab00000,0x00000000eab00000,0x00000000f0480000)
  from space 11776K, 97% used [0x00000000f2880000,0x00000000f33ae190,0x00000000f3400000)
  to   space 19968K, 0% used [0x00000000f0d00000,0x00000000f0d00000,0x00000000f2080000)
 ParOldGen       total 303616K, used 257414K [0x00000000c0000000, 0x00000000d2880000, 0x00000000eab00000)
  object space 303616K, 84% used [0x00000000c0000000,0x00000000cfb61ad0,0x00000000d2880000)
 Metaspace       used 70401K, committed 71808K, reserved 1114112K
  class space    used 7359K, committed 8000K, reserved 1048576K
}
Event: 11.525 GC heap before
{Heap before GC invocations=146 (full 10):
 PSYoungGen      total 103424K, used 103096K [0x00000000eab00000, 0x00000000f3400000, 0x0000000100000000)
  eden space 91648K, 100% used [0x00000000eab00000,0x00000000f0480000,0x00000000f0480000)
  from space 11776K, 97% used [0x00000000f2880000,0x00000000f33ae190,0x00000000f3400000)
  to   space 19968K, 0% used [0x00000000f0d00000,0x00000000f0d00000,0x00000000f2080000)
 ParOldGen       total 303616K, used 257414K [0x00000000c0000000, 0x00000000d2880000, 0x00000000eab00000)
  object space 303616K, 84% used [0x00000000c0000000,0x00000000cfb61ad0,0x00000000d2880000)
 Metaspace       used 70435K, committed 71872K, reserved 1114112K
  class space    used 7359K, committed 8000K, reserved 1048576K
}
Event: 11.530 GC heap after
{Heap after GC invocations=146 (full 10):
 PSYoungGen      total 118272K, used 19914K [0x00000000eab00000, 0x00000000f3600000, 0x0000000100000000)
  eden space 98304K, 0% used [0x00000000eab00000,0x00000000eab00000,0x00000000f0b00000)
  from space 19968K, 99% used [0x00000000f0d00000,0x00000000f2072af8,0x00000000f2080000)
  to   space 22016K, 0% used [0x00000000f2080000,0x00000000f2080000,0x00000000f3600000)
 ParOldGen       total 303616K, used 257414K [0x00000000c0000000, 0x00000000d2880000, 0x00000000eab00000)
  object space 303616K, 84% used [0x00000000c0000000,0x00000000cfb61ad0,0x00000000d2880000)
 Metaspace       used 70435K, committed 71872K, reserved 1114112K
  class space    used 7359K, committed 8000K, reserved 1048576K
}
Event: 11.689 GC heap before
{Heap before GC invocations=147 (full 10):
 PSYoungGen      total 118272K, used 118218K [0x00000000eab00000, 0x00000000f3600000, 0x0000000100000000)
  eden space 98304K, 100% used [0x00000000eab00000,0x00000000f0b00000,0x00000000f0b00000)
  from space 19968K, 99% used [0x00000000f0d00000,0x00000000f2072af8,0x00000000f2080000)
  to   space 22016K, 0% used [0x00000000f2080000,0x00000000f2080000,0x00000000f3600000)
 ParOldGen       total 303616K, used 257414K [0x00000000c0000000, 0x00000000d2880000, 0x00000000eab00000)
  object space 303616K, 84% used [0x00000000c0000000,0x00000000cfb61ad0,0x00000000d2880000)
 Metaspace       used 70450K, committed 71872K, reserved 1114112K
  class space    used 7359K, committed 8000K, reserved 1048576K
}
Event: 11.696 GC heap after
{Heap after GC invocations=147 (full 10):
 PSYoungGen      total 111104K, used 21990K [0x00000000eab00000, 0x00000000f4e00000, 0x0000000100000000)
  eden space 89088K, 0% used [0x00000000eab00000,0x00000000eab00000,0x00000000f0200000)
  from space 22016K, 99% used [0x00000000f2080000,0x00000000f35f9bd0,0x00000000f3600000)
  to   space 31232K, 0% used [0x00000000f0200000,0x00000000f0200000,0x00000000f2080000)
 ParOldGen       total 303616K, used 264454K [0x00000000c0000000, 0x00000000d2880000, 0x00000000eab00000)
  object space 303616K, 87% used [0x00000000c0000000,0x00000000d0241aa0,0x00000000d2880000)
 Metaspace       used 70450K, committed 71872K, reserved 1114112K
  class space    used 7359K, committed 8000K, reserved 1048576K
}
Event: 11.840 GC heap before
{Heap before GC invocations=148 (full 10):
 PSYoungGen      total 111104K, used 111078K [0x00000000eab00000, 0x00000000f4e00000, 0x0000000100000000)
  eden space 89088K, 100% used [0x00000000eab00000,0x00000000f0200000,0x00000000f0200000)
  from space 22016K, 99% used [0x00000000f2080000,0x00000000f35f9bd0,0x00000000f3600000)
  to   space 31232K, 0% used [0x00000000f0200000,0x00000000f0200000,0x00000000f2080000)
 ParOldGen       total 303616K, used 264454K [0x00000000c0000000, 0x00000000d2880000, 0x00000000eab00000)
  object space 303616K, 87% used [0x00000000c0000000,0x00000000d0241aa0,0x00000000d2880000)
 Metaspace       used 70463K, committed 71872K, reserved 1114112K
  class space    used 7359K, committed 8000K, reserved 1048576K
}
Event: 11.851 GC heap after
{Heap after GC invocations=148 (full 10):
 PSYoungGen      total 107008K, used 17627K [0x00000000eab00000, 0x00000000f3280000, 0x0000000100000000)
  eden space 89088K, 0% used [0x00000000eab00000,0x00000000eab00000,0x00000000f0200000)
  from space 17920K, 98% used [0x00000000f0200000,0x00000000f1336f68,0x00000000f1380000)
  to   space 22016K, 0% used [0x00000000f1d00000,0x00000000f1d00000,0x00000000f3280000)
 ParOldGen       total 303616K, used 279660K [0x00000000c0000000, 0x00000000d2880000, 0x00000000eab00000)
  object space 303616K, 92% used [0x00000000c0000000,0x00000000d111b1f0,0x00000000d2880000)
 Metaspace       used 70463K, committed 71872K, reserved 1114112K
  class space    used 7359K, committed 8000K, reserved 1048576K
}
Event: 11.998 GC heap before
{Heap before GC invocations=149 (full 10):
 PSYoungGen      total 107008K, used 106715K [0x00000000eab00000, 0x00000000f3280000, 0x0000000100000000)
  eden space 89088K, 100% used [0x00000000eab00000,0x00000000f0200000,0x00000000f0200000)
  from space 17920K, 98% used [0x00000000f0200000,0x00000000f1336f68,0x00000000f1380000)
  to   space 22016K, 0% used [0x00000000f1d00000,0x00000000f1d00000,0x00000000f3280000)
 ParOldGen       total 303616K, used 279660K [0x00000000c0000000, 0x00000000d2880000, 0x00000000eab00000)
  object space 303616K, 92% used [0x00000000c0000000,0x00000000d111b1f0,0x00000000d2880000)
 Metaspace       used 70477K, committed 71872K, reserved 1114112K
  class space    used 7359K, committed 8000K, reserved 1048576K
}
Event: 12.007 GC heap after
{Heap after GC invocations=149 (full 10):
 PSYoungGen      total 107520K, used 22000K [0x00000000eab00000, 0x00000000f4400000, 0x0000000100000000)
  eden space 85504K, 0% used [0x00000000eab00000,0x00000000eab00000,0x00000000efe80000)
  from space 22016K, 99% used [0x00000000f1d00000,0x00000000f327c110,0x00000000f3280000)
  to   space 31232K, 0% used [0x00000000efe80000,0x00000000efe80000,0x00000000f1d00000)
 ParOldGen       total 303616K, used 286433K [0x00000000c0000000, 0x00000000d2880000, 0x00000000eab00000)
  object space 303616K, 94% used [0x00000000c0000000,0x00000000d17b8510,0x00000000d2880000)
 Metaspace       used 70477K, committed 71872K, reserved 1114112K
  class space    used 7359K, committed 8000K, reserved 1048576K
}
Event: 12.194 GC heap before
{Heap before GC invocations=150 (full 10):
 PSYoungGen      total 107520K, used 107504K [0x00000000eab00000, 0x00000000f4400000, 0x0000000100000000)
  eden space 85504K, 100% used [0x00000000eab00000,0x00000000efe80000,0x00000000efe80000)
  from space 22016K, 99% used [0x00000000f1d00000,0x00000000f327c110,0x00000000f3280000)
  to   space 31232K, 0% used [0x00000000efe80000,0x00000000efe80000,0x00000000f1d00000)
 ParOldGen       total 303616K, used 286433K [0x00000000c0000000, 0x00000000d2880000, 0x00000000eab00000)
  object space 303616K, 94% used [0x00000000c0000000,0x00000000d17b8510,0x00000000d2880000)
 Metaspace       used 70537K, committed 71936K, reserved 1114112K
  class space    used 7367K, committed 8000K, reserved 1048576K
}
Event: 12.206 GC heap after
{Heap after GC invocations=150 (full 10):
 PSYoungGen      total 108032K, used 22398K [0x00000000eab00000, 0x00000000f3480000, 0x0000000100000000)
  eden space 85504K, 0% used [0x00000000eab00000,0x00000000eab00000,0x00000000efe80000)
  from space 22528K, 99% used [0x00000000efe80000,0x00000000f145f8b8,0x00000000f1480000)
  to   space 25088K, 0% used [0x00000000f1c00000,0x00000000f1c00000,0x00000000f3480000)
 ParOldGen       total 303616K, used 299330K [0x00000000c0000000, 0x00000000d2880000, 0x00000000eab00000)
  object space 303616K, 98% used [0x00000000c0000000,0x00000000d2450a38,0x00000000d2880000)
 Metaspace       used 70537K, committed 71936K, reserved 1114112K
  class space    used 7367K, committed 8000K, reserved 1048576K
}
Event: 12.206 GC heap before
{Heap before GC invocations=151 (full 11):
 PSYoungGen      total 108032K, used 22398K [0x00000000eab00000, 0x00000000f3480000, 0x0000000100000000)
  eden space 85504K, 0% used [0x00000000eab00000,0x00000000eab00000,0x00000000efe80000)
  from space 22528K, 99% used [0x00000000efe80000,0x00000000f145f8b8,0x00000000f1480000)
  to   space 25088K, 0% used [0x00000000f1c00000,0x00000000f1c00000,0x00000000f3480000)
 ParOldGen       total 303616K, used 299330K [0x00000000c0000000, 0x00000000d2880000, 0x00000000eab00000)
  object space 303616K, 98% used [0x00000000c0000000,0x00000000d2450a38,0x00000000d2880000)
 Metaspace       used 70537K, committed 71936K, reserved 1114112K
  class space    used 7367K, committed 8000K, reserved 1048576K
}
Event: 12.393 GC heap after
{Heap after GC invocations=151 (full 11):
 PSYoungGen      total 108032K, used 5815K [0x00000000eab00000, 0x00000000f3500000, 0x0000000100000000)
  eden space 85504K, 0% used [0x00000000eab00000,0x00000000eab00000,0x00000000efe80000)
  from space 22528K, 25% used [0x00000000efe80000,0x00000000f042df80,0x00000000f1480000)
  to   space 25088K, 0% used [0x00000000f1c80000,0x00000000f1c80000,0x00000000f3500000)
 ParOldGen       total 303616K, used 303610K [0x00000000c0000000, 0x00000000d2880000, 0x00000000eab00000)
  object space 303616K, 99% used [0x00000000c0000000,0x00000000d287e998,0x00000000d2880000)
 Metaspace       used 70537K, committed 71936K, reserved 1114112K
  class space    used 7367K, committed 8000K, reserved 1048576K
}

