# JRE version: OpenJDK Runtime Environment Temurin-17.0.12+7 (17.0.12+7) (build 17.0.12+7)
# Java VM: OpenJDK 64-Bit Server VM Temurin-17.0.12+7 (17.0.12+7, mixed mode, tiered, compressed oops, compressed class ptrs, parallel gc, windows-amd64)
GC Precious Log:
 CPUs: 8 total, 8 available
 Memory: 7969M
 Large Page Support: Disabled
 NUMA Support: Disabled
 Compressed Oops: Enabled (32-bit)
 Alignments: Space 512K, Generation 512K, Heap 2M
 Heap Min Capacity: 100M
 Heap Initial Capacity: 100M
 Heap Max Capacity: 1G
 Pre-touch: Disabled
 Parallel Workers: 8
Heap:
 PSYoungGen      total 21504K, used 15652K [0x00000000eab00000, 0x00000000ec200000, 0x0000000100000000)
  eden space 20480K, 76% used [0x00000000eab00000,0x00000000eba49260,0x00000000ebf00000)
  from space 1024K, 0% used [0x00000000ebf00000,0x00000000ebf00000,0x00000000ec000000)
  to   space 1024K, 0% used [0x00000000ec100000,0x00000000ec100000,0x00000000ec200000)
 ParOldGen       total 139776K, used 126714K [0x00000000c0000000, 0x00000000c8880000, 0x00000000eab00000)
  object space 139776K, 90% used [0x00000000c0000000,0x00000000c7bbe8f8,0x00000000c8880000)
 Metaspace       used 69378K, committed 70656K, reserved 1114112K
  class space    used 7326K, committed 7872K, reserved 1048576K
GC Heap History (20 events):
Event: 8.086 GC heap before
{Heap before GC invocations=103 (full 5):
 PSYoungGen      total 18944K, used 18920K [0x00000000eab00000, 0x00000000ec280000, 0x0000000100000000)
  eden space 16896K, 100% used [0x00000000eab00000,0x00000000ebb80000,0x00000000ebb80000)
  from space 2048K, 98% used [0x00000000ebc00000,0x00000000ebdfa1d8,0x00000000ebe00000)
  to   space 3584K, 0% used [0x00000000ebf00000,0x00000000ebf00000,0x00000000ec280000)
 ParOldGen       total 121856K, used 119399K [0x00000000c0000000, 0x00000000c7700000, 0x00000000eab00000)
  object space 121856K, 97% used [0x00000000c0000000,0x00000000c7499fd8,0x00000000c7700000)
 Metaspace       used 68965K, committed 70336K, reserved 1114112K
  class space    used 7285K, committed 7872K, reserved 1048576K
}
Event: 8.087 GC heap after
{Heap after GC invocations=103 (full 5):
 PSYoungGen      total 19456K, used 2236K [0x00000000eab00000, 0x00000000ec180000, 0x0000000100000000)
  eden space 16896K, 0% used [0x00000000eab00000,0x00000000eab00000,0x00000000ebb80000)
  from space 2560K, 87% used [0x00000000ebf00000,0x00000000ec12f038,0x00000000ec180000)
  to   space 2560K, 0% used [0x00000000ebc80000,0x00000000ebc80000,0x00000000ebf00000)
 ParOldGen       total 121856K, used 119846K [0x00000000c0000000, 0x00000000c7700000, 0x00000000eab00000)
  object space 121856K, 98% used [0x00000000c0000000,0x00000000c7509b10,0x00000000c7700000)
 Metaspace       used 68965K, committed 70336K, reserved 1114112K
  class space    used 7285K, committed 7872K, reserved 1048576K
}
Event: 8.106 GC heap before
{Heap before GC invocations=104 (full 5):
 PSYoungGen      total 19456K, used 19132K [0x00000000eab00000, 0x00000000ec180000, 0x0000000100000000)
  eden space 16896K, 100% used [0x00000000eab00000,0x00000000ebb80000,0x00000000ebb80000)
  from space 2560K, 87% used [0x00000000ebf00000,0x00000000ec12f038,0x00000000ec180000)
  to   space 2560K, 0% used [0x00000000ebc80000,0x00000000ebc80000,0x00000000ebf00000)
 ParOldGen       total 121856K, used 119846K [0x00000000c0000000, 0x00000000c7700000, 0x00000000eab00000)
  object space 121856K, 98% used [0x00000000c0000000,0x00000000c7509b10,0x00000000c7700000)
 Metaspace       used 68991K, committed 70336K, reserved 1114112K
  class space    used 7286K, committed 7872K, reserved 1048576K
}
Event: 8.108 GC heap after
{Heap after GC invocations=104 (full 5):
 PSYoungGen      total 18432K, used 1244K [0x00000000eab00000, 0x00000000ebf80000, 0x0000000100000000)
  eden space 16896K, 0% used [0x00000000eab00000,0x00000000eab00000,0x00000000ebb80000)
  from space 1536K, 81% used [0x00000000ebc80000,0x00000000ebdb71f0,0x00000000ebe00000)
  to   space 1536K, 0% used [0x00000000ebe00000,0x00000000ebe00000,0x00000000ebf80000)
 ParOldGen       total 122368K, used 121913K [0x00000000c0000000, 0x00000000c7780000, 0x00000000eab00000)
  object space 122368K, 99% used [0x00000000c0000000,0x00000000c770e788,0x00000000c7780000)
 Metaspace       used 68991K, committed 70336K, reserved 1114112K
  class space    used 7286K, committed 7872K, reserved 1048576K
}
Event: 8.108 GC heap before
{Heap before GC invocations=105 (full 6):
 PSYoungGen      total 18432K, used 1244K [0x00000000eab00000, 0x00000000ebf80000, 0x0000000100000000)
  eden space 16896K, 0% used [0x00000000eab00000,0x00000000eab00000,0x00000000ebb80000)
  from space 1536K, 81% used [0x00000000ebc80000,0x00000000ebdb71f0,0x00000000ebe00000)
  to   space 1536K, 0% used [0x00000000ebe00000,0x00000000ebe00000,0x00000000ebf80000)
 ParOldGen       total 122368K, used 121913K [0x00000000c0000000, 0x00000000c7780000, 0x00000000eab00000)
  object space 122368K, 99% used [0x00000000c0000000,0x00000000c770e788,0x00000000c7780000)
 Metaspace       used 68991K, committed 70336K, reserved 1114112K
  class space    used 7286K, committed 7872K, reserved 1048576K
}
Event: 8.157 GC heap after
{Heap after GC invocations=105 (full 6):
 PSYoungGen      total 18432K, used 0K [0x00000000eab00000, 0x00000000ebf80000, 0x0000000100000000)
  eden space 16896K, 0% used [0x00000000eab00000,0x00000000eab00000,0x00000000ebb80000)
  from space 1536K, 0% used [0x00000000ebe00000,0x00000000ebe00000,0x00000000ebf80000)
  to   space 2048K, 0% used [0x00000000ebb80000,0x00000000ebb80000,0x00000000ebd80000)
 ParOldGen       total 139776K, used 113020K [0x00000000c0000000, 0x00000000c8880000, 0x00000000eab00000)
  object space 139776K, 80% used [0x00000000c0000000,0x00000000c6e5f118,0x00000000c8880000)
 Metaspace       used 68991K, committed 70336K, reserved 1114112K
  class space    used 7286K, committed 7872K, reserved 1048576K
}
Event: 8.169 GC heap before
{Heap before GC invocations=106 (full 6):
 PSYoungGen      total 18432K, used 16896K [0x00000000eab00000, 0x00000000ebf80000, 0x0000000100000000)
  eden space 16896K, 100% used [0x00000000eab00000,0x00000000ebb80000,0x00000000ebb80000)
  from space 1536K, 0% used [0x00000000ebe00000,0x00000000ebe00000,0x00000000ebf80000)
  to   space 2048K, 0% used [0x00000000ebb80000,0x00000000ebb80000,0x00000000ebd80000)
 ParOldGen       total 139776K, used 113022K [0x00000000c0000000, 0x00000000c8880000, 0x00000000eab00000)
  object space 139776K, 80% used [0x00000000c0000000,0x00000000c6e5f920,0x00000000c8880000)
 Metaspace       used 69015K, committed 70336K, reserved 1114112K
  class space    used 7291K, committed 7872K, reserved 1048576K
}
Event: 8.171 GC heap after
{Heap after GC invocations=106 (full 6):
 PSYoungGen      total 18944K, used 2025K [0x00000000eab00000, 0x00000000ec780000, 0x0000000100000000)
  eden space 16896K, 0% used [0x00000000eab00000,0x00000000eab00000,0x00000000ebb80000)
  from space 2048K, 98% used [0x00000000ebb80000,0x00000000ebd7a780,0x00000000ebd80000)
  to   space 6144K, 0% used [0x00000000ec180000,0x00000000ec180000,0x00000000ec780000)
 ParOldGen       total 139776K, used 116286K [0x00000000c0000000, 0x00000000c8880000, 0x00000000eab00000)
  object space 139776K, 83% used [0x00000000c0000000,0x00000000c718f808,0x00000000c8880000)
 Metaspace       used 69015K, committed 70336K, reserved 1114112K
  class space    used 7291K, committed 7872K, reserved 1048576K
}
Event: 8.178 GC heap before
{Heap before GC invocations=107 (full 6):
 PSYoungGen      total 18944K, used 15741K [0x00000000eab00000, 0x00000000ec780000, 0x0000000100000000)
  eden space 16896K, 81% used [0x00000000eab00000,0x00000000eb864dc0,0x00000000ebb80000)
  from space 2048K, 98% used [0x00000000ebb80000,0x00000000ebd7a780,0x00000000ebd80000)
  to   space 6144K, 0% used [0x00000000ec180000,0x00000000ec180000,0x00000000ec780000)
 ParOldGen       total 139776K, used 116286K [0x00000000c0000000, 0x00000000c8880000, 0x00000000eab00000)
  object space 139776K, 83% used [0x00000000c0000000,0x00000000c718f808,0x00000000c8880000)
 Metaspace       used 69043K, committed 70336K, reserved 1114112K
  class space    used 7294K, committed 7872K, reserved 1048576K
}
Event: 8.180 GC heap after
{Heap after GC invocations=107 (full 6):
 PSYoungGen      total 21504K, used 4406K [0x00000000eab00000, 0x00000000ec600000, 0x0000000100000000)
  eden space 16896K, 0% used [0x00000000eab00000,0x00000000eab00000,0x00000000ebb80000)
  from space 4608K, 95% used [0x00000000ec180000,0x00000000ec5cd810,0x00000000ec600000)
  to   space 5120K, 0% used [0x00000000ebc00000,0x00000000ebc00000,0x00000000ec100000)
 ParOldGen       total 139776K, used 122029K [0x00000000c0000000, 0x00000000c8880000, 0x00000000eab00000)
  object space 139776K, 87% used [0x00000000c0000000,0x00000000c772b670,0x00000000c8880000)
 Metaspace       used 69043K, committed 70336K, reserved 1114112K
  class space    used 7294K, committed 7872K, reserved 1048576K
}
Event: 8.189 GC heap before
{Heap before GC invocations=108 (full 6):
 PSYoungGen      total 21504K, used 21302K [0x00000000eab00000, 0x00000000ec600000, 0x0000000100000000)
  eden space 16896K, 100% used [0x00000000eab00000,0x00000000ebb80000,0x00000000ebb80000)
  from space 4608K, 95% used [0x00000000ec180000,0x00000000ec5cd810,0x00000000ec600000)
  to   space 5120K, 0% used [0x00000000ebc00000,0x00000000ebc00000,0x00000000ec100000)
 ParOldGen       total 139776K, used 122029K [0x00000000c0000000, 0x00000000c8880000, 0x00000000eab00000)
  object space 139776K, 87% used [0x00000000c0000000,0x00000000c772b690,0x00000000c8880000)
 Metaspace       used 69056K, committed 70400K, reserved 1114112K
  class space    used 7294K, committed 7872K, reserved 1048576K
}
Event: 8.193 GC heap after
{Heap after GC invocations=108 (full 6):
 PSYoungGen      total 17408K, used 512K [0x00000000eab00000, 0x00000000ec200000, 0x0000000100000000)
  eden space 16896K, 0% used [0x00000000eab00000,0x00000000eab00000,0x00000000ebb80000)
  from space 512K, 100% used [0x00000000ebc00000,0x00000000ebc80000,0x00000000ebc80000)
  to   space 2048K, 0% used [0x00000000ec000000,0x00000000ec000000,0x00000000ec200000)
 ParOldGen       total 139776K, used 130121K [0x00000000c0000000, 0x00000000c8880000, 0x00000000eab00000)
  object space 139776K, 93% used [0x00000000c0000000,0x00000000c7f126c8,0x00000000c8880000)
 Metaspace       used 69056K, committed 70400K, reserved 1114112K
  class space    used 7294K, committed 7872K, reserved 1048576K
}
Event: 8.208 GC heap before
{Heap before GC invocations=109 (full 6):
 PSYoungGen      total 17408K, used 15951K [0x00000000eab00000, 0x00000000ec200000, 0x0000000100000000)
  eden space 16896K, 91% used [0x00000000eab00000,0x00000000eba13c38,0x00000000ebb80000)
  from space 512K, 100% used [0x00000000ebc00000,0x00000000ebc80000,0x00000000ebc80000)
  to   space 2048K, 0% used [0x00000000ec000000,0x00000000ec000000,0x00000000ec200000)
 ParOldGen       total 139776K, used 130121K [0x00000000c0000000, 0x00000000c8880000, 0x00000000eab00000)
  object space 139776K, 93% used [0x00000000c0000000,0x00000000c7f126c8,0x00000000c8880000)
 Metaspace       used 69132K, committed 70464K, reserved 1114112K
  class space    used 7303K, committed 7872K, reserved 1048576K
}
Event: 8.208 GC heap after
{Heap after GC invocations=109 (full 6):
 PSYoungGen      total 20480K, used 790K [0x00000000eab00000, 0x00000000ec100000, 0x0000000100000000)
  eden space 19456K, 0% used [0x00000000eab00000,0x00000000eab00000,0x00000000ebe00000)
  from space 1024K, 77% used [0x00000000ec000000,0x00000000ec0c5818,0x00000000ec100000)
  to   space 1024K, 0% used [0x00000000ebf00000,0x00000000ebf00000,0x00000000ec000000)
 ParOldGen       total 139776K, used 130502K [0x00000000c0000000, 0x00000000c8880000, 0x00000000eab00000)
  object space 139776K, 93% used [0x00000000c0000000,0x00000000c7f71b00,0x00000000c8880000)
 Metaspace       used 69132K, committed 70464K, reserved 1114112K
  class space    used 7303K, committed 7872K, reserved 1048576K
}
Event: 8.214 GC heap before
{Heap before GC invocations=110 (full 6):
 PSYoungGen      total 20480K, used 20246K [0x00000000eab00000, 0x00000000ec100000, 0x0000000100000000)
  eden space 19456K, 100% used [0x00000000eab00000,0x00000000ebe00000,0x00000000ebe00000)
  from space 1024K, 77% used [0x00000000ec000000,0x00000000ec0c5818,0x00000000ec100000)
  to   space 1024K, 0% used [0x00000000ebf00000,0x00000000ebf00000,0x00000000ec000000)
 ParOldGen       total 139776K, used 130502K [0x00000000c0000000, 0x00000000c8880000, 0x00000000eab00000)
  object space 139776K, 93% used [0x00000000c0000000,0x00000000c7f71b00,0x00000000c8880000)
 Metaspace       used 69197K, committed 70528K, reserved 1114112K
  class space    used 7303K, committed 7872K, reserved 1048576K
}
Event: 8.215 GC heap after
{Heap after GC invocations=110 (full 6):
 PSYoungGen      total 20480K, used 20246K [0x00000000eab00000, 0x00000000ec100000, 0x0000000100000000)
  eden space 19456K, 100% used [0x00000000eab00000,0x00000000ebe00000,0x00000000ebe00000)
  from space 1024K, 77% used [0x00000000ec000000,0x00000000ec0c5818,0x00000000ec100000)
  to   space 1024K, 45% used [0x00000000ebf00000,0x00000000ebf75818,0x00000000ec000000)
 ParOldGen       total 139776K, used 131108K [0x00000000c0000000, 0x00000000c8880000, 0x00000000eab00000)
  object space 139776K, 93% used [0x00000000c0000000,0x00000000c80093b0,0x00000000c8880000)
 Metaspace       used 69197K, committed 70528K, reserved 1114112K
  class space    used 7303K, committed 7872K, reserved 1048576K
}
Event: 8.215 GC heap before
{Heap before GC invocations=111 (full 7):
 PSYoungGen      total 20480K, used 20246K [0x00000000eab00000, 0x00000000ec100000, 0x0000000100000000)
  eden space 19456K, 100% used [0x00000000eab00000,0x00000000ebe00000,0x00000000ebe00000)
  from space 1024K, 77% used [0x00000000ec000000,0x00000000ec0c5818,0x00000000ec100000)
  to   space 1024K, 45% used [0x00000000ebf00000,0x00000000ebf75818,0x00000000ec000000)
 ParOldGen       total 139776K, used 131108K [0x00000000c0000000, 0x00000000c8880000, 0x00000000eab00000)
  object space 139776K, 93% used [0x00000000c0000000,0x00000000c80093b0,0x00000000c8880000)
 Metaspace       used 69197K, committed 70528K, reserved 1114112K
  class space    used 7303K, committed 7872K, reserved 1048576K
}
Event: 8.258 GC heap after
{Heap after GC invocations=111 (full 7):
 PSYoungGen      total 21504K, used 0K [0x00000000eab00000, 0x00000000ec200000, 0x0000000100000000)
  eden space 20480K, 0% used [0x00000000eab00000,0x00000000eab00000,0x00000000ebf00000)
  from space 1024K, 0% used [0x00000000ebf00000,0x00000000ebf00000,0x00000000ec000000)
  to   space 1024K, 0% used [0x00000000ec100000,0x00000000ec100000,0x00000000ec200000)
 ParOldGen       total 139776K, used 129986K [0x00000000c0000000, 0x00000000c8880000, 0x00000000eab00000)
  object space 139776K, 92% used [0x00000000c0000000,0x00000000c7ef0830,0x00000000c8880000)
 Metaspace       used 69197K, committed 70528K, reserved 1114112K
  class space    used 7303K, committed 7872K, reserved 1048576K
}
Event: 8.280 GC heap before
{Heap before GC invocations=112 (full 7):
 PSYoungGen      total 21504K, used 20480K [0x00000000eab00000, 0x00000000ec200000, 0x0000000100000000)
  eden space 20480K, 100% used [0x00000000eab00000,0x00000000ebf00000,0x00000000ebf00000)
  from space 1024K, 0% used [0x00000000ebf00000,0x00000000ebf00000,0x00000000ec000000)
  to   space 1024K, 0% used [0x00000000ec100000,0x00000000ec100000,0x00000000ec200000)
 ParOldGen       total 139776K, used 129986K [0x00000000c0000000, 0x00000000c8880000, 0x00000000eab00000)
  object space 139776K, 92% used [0x00000000c0000000,0x00000000c7ef0830,0x00000000c8880000)
 Metaspace       used 69319K, committed 70592K, reserved 1114112K
  class space    used 7318K, committed 7872K, reserved 1048576K
}
Event: 8.281 GC heap after
{Heap after GC invocations=112 (full 7):
 PSYoungGen      total 21504K, used 1024K [0x00000000eab00000, 0x00000000ec200000, 0x0000000100000000)
  eden space 20480K, 0% used [0x00000000eab00000,0x00000000eab00000,0x00000000ebf00000)
  from space 1024K, 100% used [0x00000000ec100000,0x00000000ec200000,0x00000000ec200000)
  to   space 1024K, 0% used [0x00000000ebf00000,0x00000000ebf00000,0x00000000ec000000)
 ParOldGen       total 139776K, used 130002K [0x00000000c0000000, 0x00000000c8880000, 0x00000000eab00000)
  object space 139776K, 93% used [0x00000000c0000000,0x00000000c7ef4830,0x00000000c8880000)
 Metaspace       used 69319K, committed 70592K, reserved 1114112K
  class space    used 7318K, committed 7872K, reserved 1048576K
}

