# JRE version: OpenJDK Runtime Environment Temurin-17.0.12+7 (17.0.12+7) (build 17.0.12+7)
# Java VM: OpenJDK 64-Bit Server VM Temurin-17.0.12+7 (17.0.12+7, mixed mode, tiered, compressed oops, compressed class ptrs, parallel gc, windows-amd64)
GC Precious Log:
 CPUs: 8 total, 8 available
 Memory: 7969M
 Large Page Support: Disabled
 NUMA Support: Disabled
 Compressed Oops: Enabled (32-bit)
 Alignments: Space 512K, Generation 512K, Heap 2M
 Heap Min Capacity: 100M
 Heap Initial Capacity: 100M
 Heap Max Capacity: 1G
 Pre-touch: Disabled
 Parallel Workers: 8
Heap:
 PSYoungGen      total 22528K, used 9306K [0x00000000eab00000, 0x00000000ecb80000, 0x0000000100000000)
  eden space 18432K, 28% used [0x00000000eab00000,0x00000000eb017bf0,0x00000000ebd00000)
  from space 4096K, 99% used [0x00000000ebd00000,0x00000000ec0fec10,0x00000000ec100000)
  to   space 7168K, 0% used [0x00000000ec400000,0x00000000ec400000,0x00000000ecb00000)
 ParOldGen       total 699392K, used 242540K [0x00000000c0000000, 0x00000000eab00000, 0x00000000eab00000)
  object space 699392K, 34% used [0x00000000c0000000,0x00000000cecdb350,0x00000000eab00000)
 Metaspace       used 76114K, committed 77632K, reserved 1179648K
  class space    used 7860K, committed 8576K, reserved 1048576K
GC Heap History (20 events):
Event: 163.877 GC heap before
{Heap before GC invocations=2657 (full 2438):
 PSYoungGen      total 25600K, used 18432K [0x00000000eab00000, 0x00000000ecb80000, 0x0000000100000000)
  eden space 18432K, 100% used [0x00000000eab00000,0x00000000ebd00000,0x00000000ebd00000)
  from space 7168K, 0% used [0x00000000ec400000,0x00000000ec400000,0x00000000ecb00000)
  to   space 4096K, 0% used [0x00000000ebd00000,0x00000000ebd00000,0x00000000ec100000)
 ParOldGen       total 220672K, used 220357K [0x00000000c0000000, 0x00000000cd780000, 0x00000000eab00000)
  object space 220672K, 99% used [0x00000000c0000000,0x00000000cd731458,0x00000000cd780000)
 Metaspace       used 76114K, committed 77632K, reserved 1179648K
  class space    used 7860K, committed 8576K, reserved 1048576K
}
Event: 163.939 GC heap after
{Heap after GC invocations=2657 (full 2438):
 PSYoungGen      total 22528K, used 18431K [0x00000000eab00000, 0x00000000ecb80000, 0x0000000100000000)
  eden space 18432K, 99% used [0x00000000eab00000,0x00000000ebcfffa0,0x00000000ebd00000)
  from space 4096K, 0% used [0x00000000ebd00000,0x00000000ebd00000,0x00000000ec100000)
  to   space 7168K, 0% used [0x00000000ec400000,0x00000000ec400000,0x00000000ecb00000)
 ParOldGen       total 220672K, used 220355K [0x00000000c0000000, 0x00000000cd780000, 0x00000000eab00000)
  object space 220672K, 99% used [0x00000000c0000000,0x00000000cd730f48,0x00000000cd780000)
 Metaspace       used 76114K, committed 77632K, reserved 1179648K
  class space    used 7860K, committed 8576K, reserved 1048576K
}
Event: 163.939 GC heap before
{Heap before GC invocations=2658 (full 2439):
 PSYoungGen      total 22528K, used 18431K [0x00000000eab00000, 0x00000000ecb80000, 0x0000000100000000)
  eden space 18432K, 99% used [0x00000000eab00000,0x00000000ebcffff8,0x00000000ebd00000)
  from space 4096K, 0% used [0x00000000ebd00000,0x00000000ebd00000,0x00000000ec100000)
  to   space 7168K, 0% used [0x00000000ec400000,0x00000000ec400000,0x00000000ecb00000)
 ParOldGen       total 220672K, used 220358K [0x00000000c0000000, 0x00000000cd780000, 0x00000000eab00000)
  object space 220672K, 99% used [0x00000000c0000000,0x00000000cd7319d8,0x00000000cd780000)
 Metaspace       used 76114K, committed 77632K, reserved 1179648K
  class space    used 7860K, committed 8576K, reserved 1048576K
}
Event: 164.003 GC heap after
{Heap after GC invocations=2658 (full 2439):
 PSYoungGen      total 25600K, used 18431K [0x00000000eab00000, 0x00000000ecb80000, 0x0000000100000000)
  eden space 18432K, 99% used [0x00000000eab00000,0x00000000ebcfffc8,0x00000000ebd00000)
  from space 7168K, 0% used [0x00000000ec400000,0x00000000ec400000,0x00000000ecb00000)
  to   space 4096K, 0% used [0x00000000ebd00000,0x00000000ebd00000,0x00000000ec100000)
 ParOldGen       total 220672K, used 220357K [0x00000000c0000000, 0x00000000cd780000, 0x00000000eab00000)
  object space 220672K, 99% used [0x00000000c0000000,0x00000000cd731560,0x00000000cd780000)
 Metaspace       used 76114K, committed 77632K, reserved 1179648K
  class space    used 7860K, committed 8576K, reserved 1048576K
}
Event: 164.003 GC heap before
{Heap before GC invocations=2659 (full 2440):
 PSYoungGen      total 25600K, used 18431K [0x00000000eab00000, 0x00000000ecb80000, 0x0000000100000000)
  eden space 18432K, 99% used [0x00000000eab00000,0x00000000ebcffff8,0x00000000ebd00000)
  from space 7168K, 0% used [0x00000000ec400000,0x00000000ec400000,0x00000000ecb00000)
  to   space 4096K, 0% used [0x00000000ebd00000,0x00000000ebd00000,0x00000000ec100000)
 ParOldGen       total 220672K, used 220357K [0x00000000c0000000, 0x00000000cd780000, 0x00000000eab00000)
  object space 220672K, 99% used [0x00000000c0000000,0x00000000cd731560,0x00000000cd780000)
 Metaspace       used 76114K, committed 77632K, reserved 1179648K
  class space    used 7860K, committed 8576K, reserved 1048576K
}
Event: 164.062 GC heap after
{Heap after GC invocations=2659 (full 2440):
 PSYoungGen      total 22528K, used 18431K [0x00000000eab00000, 0x00000000ecb80000, 0x0000000100000000)
  eden space 18432K, 99% used [0x00000000eab00000,0x00000000ebcffff8,0x00000000ebd00000)
  from space 4096K, 0% used [0x00000000ebd00000,0x00000000ebd00000,0x00000000ec100000)
  to   space 7168K, 0% used [0x00000000ec400000,0x00000000ec400000,0x00000000ecb00000)
 ParOldGen       total 220672K, used 220357K [0x00000000c0000000, 0x00000000cd780000, 0x00000000eab00000)
  object space 220672K, 99% used [0x00000000c0000000,0x00000000cd731560,0x00000000cd780000)
 Metaspace       used 76114K, committed 77632K, reserved 1179648K
  class space    used 7860K, committed 8576K, reserved 1048576K
}
Event: 164.062 GC heap before
{Heap before GC invocations=2660 (full 2441):
 PSYoungGen      total 22528K, used 18431K [0x00000000eab00000, 0x00000000ecb80000, 0x0000000100000000)
  eden space 18432K, 99% used [0x00000000eab00000,0x00000000ebcffff8,0x00000000ebd00000)
  from space 4096K, 0% used [0x00000000ebd00000,0x00000000ebd00000,0x00000000ec100000)
  to   space 7168K, 0% used [0x00000000ec400000,0x00000000ec400000,0x00000000ecb00000)
 ParOldGen       total 220672K, used 220359K [0x00000000c0000000, 0x00000000cd780000, 0x00000000eab00000)
  object space 220672K, 99% used [0x00000000c0000000,0x00000000cd731f98,0x00000000cd780000)
 Metaspace       used 76114K, committed 77632K, reserved 1179648K
  class space    used 7860K, committed 8576K, reserved 1048576K
}
Event: 164.128 GC heap after
{Heap after GC invocations=2660 (full 2441):
 PSYoungGen      total 25600K, used 18431K [0x00000000eab00000, 0x00000000ecb80000, 0x0000000100000000)
  eden space 18432K, 99% used [0x00000000eab00000,0x00000000ebcfffc8,0x00000000ebd00000)
  from space 7168K, 0% used [0x00000000ec400000,0x00000000ec400000,0x00000000ecb00000)
  to   space 4096K, 0% used [0x00000000ebd00000,0x00000000ebd00000,0x00000000ec100000)
 ParOldGen       total 220672K, used 220358K [0x00000000c0000000, 0x00000000cd780000, 0x00000000eab00000)
  object space 220672K, 99% used [0x00000000c0000000,0x00000000cd731a38,0x00000000cd780000)
 Metaspace       used 76114K, committed 77632K, reserved 1179648K
  class space    used 7860K, committed 8576K, reserved 1048576K
}
Event: 164.128 GC heap before
{Heap before GC invocations=2661 (full 2442):
 PSYoungGen      total 25600K, used 18432K [0x00000000eab00000, 0x00000000ecb80000, 0x0000000100000000)
  eden space 18432K, 100% used [0x00000000eab00000,0x00000000ebd00000,0x00000000ebd00000)
  from space 7168K, 0% used [0x00000000ec400000,0x00000000ec400000,0x00000000ecb00000)
  to   space 4096K, 0% used [0x00000000ebd00000,0x00000000ebd00000,0x00000000ec100000)
 ParOldGen       total 220672K, used 220358K [0x00000000c0000000, 0x00000000cd780000, 0x00000000eab00000)
  object space 220672K, 99% used [0x00000000c0000000,0x00000000cd731a38,0x00000000cd780000)
 Metaspace       used 76114K, committed 77632K, reserved 1179648K
  class space    used 7860K, committed 8576K, reserved 1048576K
}
Event: 164.189 GC heap after
{Heap after GC invocations=2661 (full 2442):
 PSYoungGen      total 22528K, used 18432K [0x00000000eab00000, 0x00000000ecb80000, 0x0000000100000000)
  eden space 18432K, 100% used [0x00000000eab00000,0x00000000ebd00000,0x00000000ebd00000)
  from space 4096K, 0% used [0x00000000ebd00000,0x00000000ebd00000,0x00000000ec100000)
  to   space 7168K, 0% used [0x00000000ec400000,0x00000000ec400000,0x00000000ecb00000)
 ParOldGen       total 220672K, used 220358K [0x00000000c0000000, 0x00000000cd780000, 0x00000000eab00000)
  object space 220672K, 99% used [0x00000000c0000000,0x00000000cd731a18,0x00000000cd780000)
 Metaspace       used 76114K, committed 77632K, reserved 1179648K
  class space    used 7860K, committed 8576K, reserved 1048576K
}
Event: 164.189 GC heap before
{Heap before GC invocations=2662 (full 2443):
 PSYoungGen      total 22528K, used 18432K [0x00000000eab00000, 0x00000000ecb80000, 0x0000000100000000)
  eden space 18432K, 100% used [0x00000000eab00000,0x00000000ebd00000,0x00000000ebd00000)
  from space 4096K, 0% used [0x00000000ebd00000,0x00000000ebd00000,0x00000000ec100000)
  to   space 7168K, 0% used [0x00000000ec400000,0x00000000ec400000,0x00000000ecb00000)
 ParOldGen       total 220672K, used 220361K [0x00000000c0000000, 0x00000000cd780000, 0x00000000eab00000)
  object space 220672K, 99% used [0x00000000c0000000,0x00000000cd7324c0,0x00000000cd780000)
 Metaspace       used 76114K, committed 77632K, reserved 1179648K
  class space    used 7860K, committed 8576K, reserved 1048576K
}
Event: 164.251 GC heap after
{Heap after GC invocations=2662 (full 2443):
 PSYoungGen      total 25600K, used 18431K [0x00000000eab00000, 0x00000000ecb80000, 0x0000000100000000)
  eden space 18432K, 99% used [0x00000000eab00000,0x00000000ebcfffe8,0x00000000ebd00000)
  from space 7168K, 0% used [0x00000000ec400000,0x00000000ec400000,0x00000000ecb00000)
  to   space 4096K, 0% used [0x00000000ebd00000,0x00000000ebd00000,0x00000000ec100000)
 ParOldGen       total 220672K, used 220359K [0x00000000c0000000, 0x00000000cd780000, 0x00000000eab00000)
  object space 220672K, 99% used [0x00000000c0000000,0x00000000cd731f18,0x00000000cd780000)
 Metaspace       used 76114K, committed 77632K, reserved 1179648K
  class space    used 7860K, committed 8576K, reserved 1048576K
}
Event: 164.251 GC heap before
{Heap before GC invocations=2663 (full 2444):
 PSYoungGen      total 25600K, used 18432K [0x00000000eab00000, 0x00000000ecb80000, 0x0000000100000000)
  eden space 18432K, 100% used [0x00000000eab00000,0x00000000ebd00000,0x00000000ebd00000)
  from space 7168K, 0% used [0x00000000ec400000,0x00000000ec400000,0x00000000ecb00000)
  to   space 4096K, 0% used [0x00000000ebd00000,0x00000000ebd00000,0x00000000ec100000)
 ParOldGen       total 220672K, used 220362K [0x00000000c0000000, 0x00000000cd780000, 0x00000000eab00000)
  object space 220672K, 99% used [0x00000000c0000000,0x00000000cd7328b0,0x00000000cd780000)
 Metaspace       used 76114K, committed 77632K, reserved 1179648K
  class space    used 7860K, committed 8576K, reserved 1048576K
}
Event: 164.314 GC heap after
{Heap after GC invocations=2663 (full 2444):
 PSYoungGen      total 22528K, used 18432K [0x00000000eab00000, 0x00000000ecb80000, 0x0000000100000000)
  eden space 18432K, 100% used [0x00000000eab00000,0x00000000ebd00000,0x00000000ebd00000)
  from space 4096K, 0% used [0x00000000ebd00000,0x00000000ebd00000,0x00000000ec100000)
  to   space 7168K, 0% used [0x00000000ec400000,0x00000000ec400000,0x00000000ecb00000)
 ParOldGen       total 220672K, used 220361K [0x00000000c0000000, 0x00000000cd780000, 0x00000000eab00000)
  object space 220672K, 99% used [0x00000000c0000000,0x00000000cd732580,0x00000000cd780000)
 Metaspace       used 76114K, committed 77632K, reserved 1179648K
  class space    used 7860K, committed 8576K, reserved 1048576K
}
Event: 164.314 GC heap before
{Heap before GC invocations=2664 (full 2445):
 PSYoungGen      total 22528K, used 18432K [0x00000000eab00000, 0x00000000ecb80000, 0x0000000100000000)
  eden space 18432K, 100% used [0x00000000eab00000,0x00000000ebd00000,0x00000000ebd00000)
  from space 4096K, 0% used [0x00000000ebd00000,0x00000000ebd00000,0x00000000ec100000)
  to   space 7168K, 0% used [0x00000000ec400000,0x00000000ec400000,0x00000000ecb00000)
 ParOldGen       total 220672K, used 220363K [0x00000000c0000000, 0x00000000cd780000, 0x00000000eab00000)
  object space 220672K, 99% used [0x00000000c0000000,0x00000000cd732ee8,0x00000000cd780000)
 Metaspace       used 76114K, committed 77632K, reserved 1179648K
  class space    used 7860K, committed 8576K, reserved 1048576K
}
Event: 164.375 GC heap after
{Heap after GC invocations=2664 (full 2445):
 PSYoungGen      total 25600K, used 18432K [0x00000000eab00000, 0x00000000ecb80000, 0x0000000100000000)
  eden space 18432K, 100% used [0x00000000eab00000,0x00000000ebd00000,0x00000000ebd00000)
  from space 7168K, 0% used [0x00000000ec400000,0x00000000ec400000,0x00000000ecb00000)
  to   space 4096K, 0% used [0x00000000ebd00000,0x00000000ebd00000,0x00000000ec100000)
 ParOldGen       total 699392K, used 220363K [0x00000000c0000000, 0x00000000eab00000, 0x00000000eab00000)
  object space 699392K, 31% used [0x00000000c0000000,0x00000000cd732c18,0x00000000eab00000)
 Metaspace       used 76114K, committed 77632K, reserved 1179648K
  class space    used 7860K, committed 8576K, reserved 1048576K
}
Event: 164.375 GC heap before
{Heap before GC invocations=2665 (full 2445):
 PSYoungGen      total 25600K, used 18432K [0x00000000eab00000, 0x00000000ecb80000, 0x0000000100000000)
  eden space 18432K, 100% used [0x00000000eab00000,0x00000000ebd00000,0x00000000ebd00000)
  from space 7168K, 0% used [0x00000000ec400000,0x00000000ec400000,0x00000000ecb00000)
  to   space 4096K, 0% used [0x00000000ebd00000,0x00000000ebd00000,0x00000000ec100000)
 ParOldGen       total 699392K, used 220365K [0x00000000c0000000, 0x00000000eab00000, 0x00000000eab00000)
  object space 699392K, 31% used [0x00000000c0000000,0x00000000cd7335c8,0x00000000eab00000)
 Metaspace       used 76114K, committed 77632K, reserved 1179648K
  class space    used 7860K, committed 8576K, reserved 1048576K
}
Event: 164.390 GC heap after
{Heap after GC invocations=2665 (full 2445):
 PSYoungGen      total 22528K, used 4076K [0x00000000eab00000, 0x00000000ecb80000, 0x0000000100000000)
  eden space 18432K, 0% used [0x00000000eab00000,0x00000000eab00000,0x00000000ebd00000)
  from space 4096K, 99% used [0x00000000ebd00000,0x00000000ec0fb068,0x00000000ec100000)
  to   space 7168K, 0% used [0x00000000ec400000,0x00000000ec400000,0x00000000ecb00000)
 ParOldGen       total 699392K, used 235314K [0x00000000c0000000, 0x00000000eab00000, 0x00000000eab00000)
  object space 699392K, 33% used [0x00000000c0000000,0x00000000ce5ccab0,0x00000000eab00000)
 Metaspace       used 76114K, committed 77632K, reserved 1179648K
  class space    used 7860K, committed 8576K, reserved 1048576K
}
Event: 164.401 GC heap before
{Heap before GC invocations=2666 (full 2445):
 PSYoungGen      total 22528K, used 22508K [0x00000000eab00000, 0x00000000ecb80000, 0x0000000100000000)
  eden space 18432K, 99% used [0x00000000eab00000,0x00000000ebcffff0,0x00000000ebd00000)
  from space 4096K, 99% used [0x00000000ebd00000,0x00000000ec0fb068,0x00000000ec100000)
  to   space 7168K, 0% used [0x00000000ec400000,0x00000000ec400000,0x00000000ecb00000)
 ParOldGen       total 699392K, used 235314K [0x00000000c0000000, 0x00000000eab00000, 0x00000000eab00000)
  object space 699392K, 33% used [0x00000000c0000000,0x00000000ce5ccab0,0x00000000eab00000)
 Metaspace       used 76114K, committed 77632K, reserved 1179648K
  class space    used 7860K, committed 8576K, reserved 1048576K
}
Event: 164.403 GC heap after
{Heap after GC invocations=2666 (full 2445):
 PSYoungGen      total 25600K, used 3268K [0x00000000eab00000, 0x00000000ecb80000, 0x0000000100000000)
  eden space 18432K, 0% used [0x00000000eab00000,0x00000000eab00000,0x00000000ebd00000)
  from space 7168K, 45% used [0x00000000ec400000,0x00000000ec7310c0,0x00000000ecb00000)
  to   space 4096K, 0% used [0x00000000ebd00000,0x00000000ebd00000,0x00000000ec100000)
 ParOldGen       total 699392K, used 239455K [0x00000000c0000000, 0x00000000eab00000, 0x00000000eab00000)
  object space 699392K, 34% used [0x00000000c0000000,0x00000000ce9d7f70,0x00000000eab00000)
 Metaspace       used 76114K, committed 77632K, reserved 1179648K
  class space    used 7860K, committed 8576K, reserved 1048576K
}

