# JRE version: OpenJDK Runtime Environment Temurin-17.0.11+9 (17.0.11+9) (build 17.0.11+9)
# Java VM: OpenJDK 64-Bit Server VM Temurin-17.0.11+9 (17.0.11+9, mixed mode, emulated-client, tiered, compressed oops, compressed class ptrs, g1 gc, windows-amd64)
GC Precious Log:
 CPUs: 8 total, 8 available
 Memory: 7969M
 Large Page Support: Disabled
 NUMA Support: Disabled
 Compressed Oops: Enabled (32-bit)
 Heap Region Size: 1M
 Heap Min Capacity: 8M
 Heap Initial Capacity: 126M
 Heap Max Capacity: 1G
 Pre-touch: Disabled
 Parallel Workers: 8
 Concurrent Workers: 2
 Concurrent Refinement Workers: 8
 Periodic GC: Disabled
Heap:
 garbage-first heap   total 78848K, used 33834K [0x00000000c0000000, 0x0000000100000000)
  region size 1024K, 5 young (5120K), 2 survivors (2048K)
 Metaspace       used 43972K, committed 44352K, reserved 1114112K
  class space    used 5559K, committed 5760K, reserved 1048576K
GC Heap History (18 events):
Event: 0.736 GC heap before
{Heap before GC invocations=0 (full 0):
 garbage-first heap   total 129024K, used 28672K [0x00000000c0000000, 0x0000000100000000)
  region size 1024K, 23 young (23552K), 0 survivors (0K)
 Metaspace       used 7857K, committed 8000K, reserved 1114112K
  class space    used 839K, committed 896K, reserved 1048576K
}
Event: 0.741 GC heap after
{Heap after GC invocations=1 (full 0):
 garbage-first heap   total 129024K, used 15513K [0x00000000c0000000, 0x0000000100000000)
  region size 1024K, 3 young (3072K), 3 survivors (3072K)
 Metaspace       used 7857K, committed 8000K, reserved 1114112K
  class space    used 839K, committed 896K, reserved 1048576K
}
Event: 1.081 GC heap before
{Heap before GC invocations=1 (full 0):
 garbage-first heap   total 129024K, used 39065K [0x00000000c0000000, 0x0000000100000000)
  region size 1024K, 26 young (26624K), 3 survivors (3072K)
 Metaspace       used 13656K, committed 13824K, reserved 1114112K
  class space    used 1685K, committed 1792K, reserved 1048576K
}
Event: 1.084 GC heap after
{Heap after GC invocations=2 (full 0):
 garbage-first heap   total 129024K, used 17164K [0x00000000c0000000, 0x0000000100000000)
  region size 1024K, 2 young (2048K), 2 survivors (2048K)
 Metaspace       used 13656K, committed 13824K, reserved 1114112K
  class space    used 1685K, committed 1792K, reserved 1048576K
}
Event: 1.440 GC heap before
{Heap before GC invocations=2 (full 0):
 garbage-first heap   total 129024K, used 50956K [0x00000000c0000000, 0x0000000100000000)
  region size 1024K, 37 young (37888K), 2 survivors (2048K)
 Metaspace       used 21273K, committed 21504K, reserved 1114112K
  class space    used 2628K, committed 2752K, reserved 1048576K
}
Event: 1.443 GC heap after
{Heap after GC invocations=3 (full 0):
 garbage-first heap   total 129024K, used 20526K [0x00000000c0000000, 0x0000000100000000)
  region size 1024K, 5 young (5120K), 5 survivors (5120K)
 Metaspace       used 21273K, committed 21504K, reserved 1114112K
  class space    used 2628K, committed 2752K, reserved 1048576K
}
Event: 1.810 GC heap before
{Heap before GC invocations=4 (full 0):
 garbage-first heap   total 78848K, used 60462K [0x00000000c0000000, 0x0000000100000000)
  region size 1024K, 45 young (46080K), 5 survivors (5120K)
 Metaspace       used 28142K, committed 28352K, reserved 1114112K
  class space    used 3511K, committed 3584K, reserved 1048576K
}
Event: 1.816 GC heap after
{Heap after GC invocations=5 (full 0):
 garbage-first heap   total 78848K, used 24029K [0x00000000c0000000, 0x0000000100000000)
  region size 1024K, 4 young (4096K), 4 survivors (4096K)
 Metaspace       used 28142K, committed 28352K, reserved 1114112K
  class space    used 3511K, committed 3584K, reserved 1048576K
}
Event: 1.833 GC heap before
{Heap before GC invocations=5 (full 0):
 garbage-first heap   total 78848K, used 25053K [0x00000000c0000000, 0x0000000100000000)
  region size 1024K, 5 young (5120K), 4 survivors (4096K)
 Metaspace       used 28200K, committed 28480K, reserved 1114112K
  class space    used 3523K, committed 3648K, reserved 1048576K
}
Event: 1.837 GC heap after
{Heap after GC invocations=6 (full 0):
 garbage-first heap   total 78848K, used 24628K [0x00000000c0000000, 0x0000000100000000)
  region size 1024K, 1 young (1024K), 1 survivors (1024K)
 Metaspace       used 28200K, committed 28480K, reserved 1114112K
  class space    used 3523K, committed 3648K, reserved 1048576K
}
Event: 2.301 GC heap before
{Heap before GC invocations=6 (full 0):
 garbage-first heap   total 78848K, used 51252K [0x00000000c0000000, 0x0000000100000000)
  region size 1024K, 28 young (28672K), 1 survivors (1024K)
 Metaspace       used 32357K, committed 32768K, reserved 1114112K
  class space    used 4111K, committed 4288K, reserved 1048576K
}
Event: 2.306 GC heap after
{Heap after GC invocations=7 (full 0):
 garbage-first heap   total 78848K, used 26349K [0x00000000c0000000, 0x0000000100000000)
  region size 1024K, 3 young (3072K), 3 survivors (3072K)
 Metaspace       used 32357K, committed 32768K, reserved 1114112K
  class space    used 4111K, committed 4288K, reserved 1048576K
}
Event: 2.683 GC heap before
{Heap before GC invocations=7 (full 0):
 garbage-first heap   total 78848K, used 47853K [0x00000000c0000000, 0x0000000100000000)
  region size 1024K, 24 young (24576K), 3 survivors (3072K)
 Metaspace       used 35789K, committed 36160K, reserved 1114112K
  class space    used 4410K, committed 4608K, reserved 1048576K
}
Event: 2.688 GC heap after
{Heap after GC invocations=8 (full 0):
 garbage-first heap   total 78848K, used 28978K [0x00000000c0000000, 0x0000000100000000)
  region size 1024K, 3 young (3072K), 3 survivors (3072K)
 Metaspace       used 35789K, committed 36160K, reserved 1114112K
  class space    used 4410K, committed 4608K, reserved 1048576K
}
Event: 3.376 GC heap before
{Heap before GC invocations=9 (full 0):
 garbage-first heap   total 78848K, used 54578K [0x00000000c0000000, 0x0000000100000000)
  region size 1024K, 28 young (28672K), 3 survivors (3072K)
 Metaspace       used 40231K, committed 40704K, reserved 1114112K
  class space    used 5086K, committed 5312K, reserved 1048576K
}
Event: 3.379 GC heap after
{Heap after GC invocations=10 (full 0):
 garbage-first heap   total 78848K, used 31194K [0x00000000c0000000, 0x0000000100000000)
  region size 1024K, 3 young (3072K), 3 survivors (3072K)
 Metaspace       used 40231K, committed 40704K, reserved 1114112K
  class space    used 5086K, committed 5312K, reserved 1048576K
}
Event: 5.654 GC heap before
{Heap before GC invocations=10 (full 0):
 garbage-first heap   total 78848K, used 55770K [0x00000000c0000000, 0x0000000100000000)
  region size 1024K, 28 young (28672K), 3 survivors (3072K)
 Metaspace       used 43428K, committed 43840K, reserved 1114112K
  class space    used 5539K, committed 5760K, reserved 1048576K
}
Event: 5.658 GC heap after
{Heap after GC invocations=11 (full 0):
 garbage-first heap   total 78848K, used 32810K [0x00000000c0000000, 0x0000000100000000)
  region size 1024K, 2 young (2048K), 2 survivors (2048K)
 Metaspace       used 43428K, committed 43840K, reserved 1114112K
  class space    used 5539K, committed 5760K, reserved 1048576K
}

