# JRE version: OpenJDK Runtime Environment Temurin-17.0.12+7 (17.0.12+7) (build 17.0.12+7)
# Java VM: OpenJDK 64-Bit Server VM Temurin-17.0.12+7 (17.0.12+7, mixed mode, emulated-client, tiered, compressed oops, compressed class ptrs, g1 gc, windows-amd64)
GC Precious Log:
 CPUs: 8 total, 8 available
 Memory: 7969M
 Large Page Support: Disabled
 NUMA Support: Disabled
 Compressed Oops: Enabled (32-bit)
 Heap Region Size: 1M
 Heap Min Capacity: 8M
 Heap Initial Capacity: 126M
 Heap Max Capacity: 1G
 Pre-touch: Disabled
 Parallel Workers: 8
 Concurrent Workers: 2
 Concurrent Refinement Workers: 8
 Periodic GC: Disabled
Heap:
 garbage-first heap   total 112640K, used 34994K [0x00000000c0000000, 0x0000000100000000)
  region size 1024K, 1 young (1024K), 0 survivors (0K)
 Metaspace       used 63031K, committed 63616K, reserved 1114112K
  class space    used 7812K, committed 8064K, reserved 1048576K
GC Heap History (20 events):
Event: 5666.315 GC heap after
{Heap after GC invocations=578 (full 550):
 garbage-first heap   total 112640K, used 34994K [0x00000000c0000000, 0x0000000100000000)
  region size 1024K, 0 young (0K), 0 survivors (0K)
 Metaspace       used 63031K, committed 63616K, reserved 1114112K
  class space    used 7812K, committed 8064K, reserved 1048576K
}
Event: 5676.376 GC heap before
{Heap before GC invocations=578 (full 550):
 garbage-first heap   total 112640K, used 34994K [0x00000000c0000000, 0x0000000100000000)
  region size 1024K, 1 young (1024K), 0 survivors (0K)
 Metaspace       used 63031K, committed 63616K, reserved 1114112K
  class space    used 7812K, committed 8064K, reserved 1048576K
}
Event: 5676.396 GC heap after
{Heap after GC invocations=579 (full 551):
 garbage-first heap   total 112640K, used 34994K [0x00000000c0000000, 0x0000000100000000)
  region size 1024K, 0 young (0K), 0 survivors (0K)
 Metaspace       used 63031K, committed 63616K, reserved 1114112K
  class space    used 7812K, committed 8064K, reserved 1048576K
}
Event: 5686.481 GC heap before
{Heap before GC invocations=579 (full 551):
 garbage-first heap   total 112640K, used 34994K [0x00000000c0000000, 0x0000000100000000)
  region size 1024K, 1 young (1024K), 0 survivors (0K)
 Metaspace       used 63031K, committed 63616K, reserved 1114112K
  class space    used 7812K, committed 8064K, reserved 1048576K
}
Event: 5686.503 GC heap after
{Heap after GC invocations=580 (full 552):
 garbage-first heap   total 112640K, used 34994K [0x00000000c0000000, 0x0000000100000000)
  region size 1024K, 0 young (0K), 0 survivors (0K)
 Metaspace       used 63031K, committed 63616K, reserved 1114112K
  class space    used 7812K, committed 8064K, reserved 1048576K
}
Event: 5696.591 GC heap before
{Heap before GC invocations=580 (full 552):
 garbage-first heap   total 112640K, used 34994K [0x00000000c0000000, 0x0000000100000000)
  region size 1024K, 1 young (1024K), 0 survivors (0K)
 Metaspace       used 63031K, committed 63616K, reserved 1114112K
  class space    used 7812K, committed 8064K, reserved 1048576K
}
Event: 5696.610 GC heap after
{Heap after GC invocations=581 (full 553):
 garbage-first heap   total 112640K, used 34994K [0x00000000c0000000, 0x0000000100000000)
  region size 1024K, 0 young (0K), 0 survivors (0K)
 Metaspace       used 63031K, committed 63616K, reserved 1114112K
  class space    used 7812K, committed 8064K, reserved 1048576K
}
Event: 5706.682 GC heap before
{Heap before GC invocations=581 (full 553):
 garbage-first heap   total 112640K, used 34994K [0x00000000c0000000, 0x0000000100000000)
  region size 1024K, 1 young (1024K), 0 survivors (0K)
 Metaspace       used 63031K, committed 63616K, reserved 1114112K
  class space    used 7812K, committed 8064K, reserved 1048576K
}
Event: 5706.704 GC heap after
{Heap after GC invocations=582 (full 554):
 garbage-first heap   total 112640K, used 34994K [0x00000000c0000000, 0x0000000100000000)
  region size 1024K, 0 young (0K), 0 survivors (0K)
 Metaspace       used 63031K, committed 63616K, reserved 1114112K
  class space    used 7812K, committed 8064K, reserved 1048576K
}
Event: 5716.790 GC heap before
{Heap before GC invocations=582 (full 554):
 garbage-first heap   total 112640K, used 34994K [0x00000000c0000000, 0x0000000100000000)
  region size 1024K, 1 young (1024K), 0 survivors (0K)
 Metaspace       used 63031K, committed 63616K, reserved 1114112K
  class space    used 7812K, committed 8064K, reserved 1048576K
}
Event: 5716.810 GC heap after
{Heap after GC invocations=583 (full 555):
 garbage-first heap   total 112640K, used 34994K [0x00000000c0000000, 0x0000000100000000)
  region size 1024K, 0 young (0K), 0 survivors (0K)
 Metaspace       used 63031K, committed 63616K, reserved 1114112K
  class space    used 7812K, committed 8064K, reserved 1048576K
}
Event: 5726.874 GC heap before
{Heap before GC invocations=583 (full 555):
 garbage-first heap   total 112640K, used 34994K [0x00000000c0000000, 0x0000000100000000)
  region size 1024K, 1 young (1024K), 0 survivors (0K)
 Metaspace       used 63031K, committed 63616K, reserved 1114112K
  class space    used 7812K, committed 8064K, reserved 1048576K
}
Event: 5726.900 GC heap after
{Heap after GC invocations=584 (full 556):
 garbage-first heap   total 112640K, used 34994K [0x00000000c0000000, 0x0000000100000000)
  region size 1024K, 0 young (0K), 0 survivors (0K)
 Metaspace       used 63031K, committed 63616K, reserved 1114112K
  class space    used 7812K, committed 8064K, reserved 1048576K
}
Event: 5736.963 GC heap before
{Heap before GC invocations=584 (full 556):
 garbage-first heap   total 112640K, used 34994K [0x00000000c0000000, 0x0000000100000000)
  region size 1024K, 1 young (1024K), 0 survivors (0K)
 Metaspace       used 63031K, committed 63616K, reserved 1114112K
  class space    used 7812K, committed 8064K, reserved 1048576K
}
Event: 5736.982 GC heap after
{Heap after GC invocations=585 (full 557):
 garbage-first heap   total 112640K, used 34994K [0x00000000c0000000, 0x0000000100000000)
  region size 1024K, 0 young (0K), 0 survivors (0K)
 Metaspace       used 63031K, committed 63616K, reserved 1114112K
  class space    used 7812K, committed 8064K, reserved 1048576K
}
Event: 5747.042 GC heap before
{Heap before GC invocations=585 (full 557):
 garbage-first heap   total 112640K, used 34994K [0x00000000c0000000, 0x0000000100000000)
  region size 1024K, 1 young (1024K), 0 survivors (0K)
 Metaspace       used 63031K, committed 63616K, reserved 1114112K
  class space    used 7812K, committed 8064K, reserved 1048576K
}
Event: 5747.061 GC heap after
{Heap after GC invocations=586 (full 558):
 garbage-first heap   total 112640K, used 34994K [0x00000000c0000000, 0x0000000100000000)
  region size 1024K, 0 young (0K), 0 survivors (0K)
 Metaspace       used 63031K, committed 63616K, reserved 1114112K
  class space    used 7812K, committed 8064K, reserved 1048576K
}
Event: 5757.124 GC heap before
{Heap before GC invocations=586 (full 558):
 garbage-first heap   total 112640K, used 34994K [0x00000000c0000000, 0x0000000100000000)
  region size 1024K, 1 young (1024K), 0 survivors (0K)
 Metaspace       used 63031K, committed 63616K, reserved 1114112K
  class space    used 7812K, committed 8064K, reserved 1048576K
}
Event: 5757.143 GC heap after
{Heap after GC invocations=587 (full 559):
 garbage-first heap   total 112640K, used 34994K [0x00000000c0000000, 0x0000000100000000)
  region size 1024K, 0 young (0K), 0 survivors (0K)
 Metaspace       used 63031K, committed 63616K, reserved 1114112K
  class space    used 7812K, committed 8064K, reserved 1048576K
}
Event: 5767.168 GC heap before
{Heap before GC invocations=587 (full 559):
 garbage-first heap   total 112640K, used 34994K [0x00000000c0000000, 0x0000000100000000)
  region size 1024K, 1 young (1024K), 0 survivors (0K)
 Metaspace       used 63031K, committed 63616K, reserved 1114112K
  class space    used 7812K, committed 8064K, reserved 1048576K
}

