# JRE version: OpenJDK Runtime Environment Temurin-17.0.12+7 (17.0.12+7) (build 17.0.12+7)
# Java VM: OpenJDK 64-Bit Server VM Temurin-17.0.12+7 (17.0.12+7, mixed mode, tiered, compressed oops, compressed class ptrs, parallel gc, windows-amd64)
GC Precious Log:
 CPUs: 8 total, 8 available
 Memory: 7969M
 Large Page Support: Disabled
 NUMA Support: Disabled
 Compressed Oops: Enabled (32-bit)
 Alignments: Space 512K, Generation 512K, Heap 2M
 Heap Min Capacity: 100M
 Heap Initial Capacity: 100M
 Heap Max Capacity: 1G
 Pre-touch: Disabled
 Parallel Workers: 8
Heap:
 PSYoungGen      total 215040K, used 60528K [0x00000000eab00000, 0x00000000fd100000, 0x0000000100000000)
  eden space 186368K, 17% used [0x00000000eab00000,0x00000000eca22ee0,0x00000000f6100000)
  from space 28672K, 99% used [0x00000000f9000000,0x00000000fabf94e0,0x00000000fac00000)
  to   space 48128K, 0% used [0x00000000f6100000,0x00000000f6100000,0x00000000f9000000)
 ParOldGen       total 368640K, used 318229K [0x00000000c0000000, 0x00000000d6800000, 0x00000000eab00000)
  object space 368640K, 86% used [0x00000000c0000000,0x00000000d36c56e8,0x00000000d6800000)
 Metaspace       used 80003K, committed 81472K, reserved 1179648K
  class space    used 8227K, committed 8896K, reserved 1048576K
GC Heap History (20 events):
Event: 22.068 GC heap before
{Heap before GC invocations=199 (full 11):
 PSYoungGen      total 144896K, used 144603K [0x00000000eab00000, 0x00000000f3b80000, 0x0000000100000000)
  eden space 142848K, 100% used [0x00000000eab00000,0x00000000f3680000,0x00000000f3680000)
  from space 2048K, 85% used [0x00000000f3980000,0x00000000f3b36cd8,0x00000000f3b80000)
  to   space 2048K, 0% used [0x00000000f3780000,0x00000000f3780000,0x00000000f3980000)
 ParOldGen       total 328192K, used 303664K [0x00000000c0000000, 0x00000000d4080000, 0x00000000eab00000)
  object space 328192K, 92% used [0x00000000c0000000,0x00000000d288c1a0,0x00000000d4080000)
 Metaspace       used 79089K, committed 80512K, reserved 1179648K
  class space    used 8157K, committed 8832K, reserved 1048576K
}
Event: 22.090 GC heap after
{Heap after GC invocations=199 (full 11):
 PSYoungGen      total 145920K, used 2048K [0x00000000eab00000, 0x00000000f5600000, 0x0000000100000000)
  eden space 143872K, 0% used [0x00000000eab00000,0x00000000eab00000,0x00000000f3780000)
  from space 2048K, 100% used [0x00000000f3780000,0x00000000f3980000,0x00000000f3980000)
  to   space 7168K, 0% used [0x00000000f4f00000,0x00000000f4f00000,0x00000000f5600000)
 ParOldGen       total 328192K, used 307616K [0x00000000c0000000, 0x00000000d4080000, 0x00000000eab00000)
  object space 328192K, 93% used [0x00000000c0000000,0x00000000d2c683e0,0x00000000d4080000)
 Metaspace       used 79089K, committed 80512K, reserved 1179648K
  class space    used 8157K, committed 8832K, reserved 1048576K
}
Event: 22.145 GC heap before
{Heap before GC invocations=200 (full 11):
 PSYoungGen      total 145920K, used 145920K [0x00000000eab00000, 0x00000000f5600000, 0x0000000100000000)
  eden space 143872K, 100% used [0x00000000eab00000,0x00000000f3780000,0x00000000f3780000)
  from space 2048K, 100% used [0x00000000f3780000,0x00000000f3980000,0x00000000f3980000)
  to   space 7168K, 0% used [0x00000000f4f00000,0x00000000f4f00000,0x00000000f5600000)
 ParOldGen       total 328192K, used 307616K [0x00000000c0000000, 0x00000000d4080000, 0x00000000eab00000)
  object space 328192K, 93% used [0x00000000c0000000,0x00000000d2c683e0,0x00000000d4080000)
 Metaspace       used 79111K, committed 80576K, reserved 1179648K
  class space    used 8160K, committed 8832K, reserved 1048576K
}
Event: 22.156 GC heap after
{Heap after GC invocations=200 (full 11):
 PSYoungGen      total 164864K, used 3003K [0x00000000eab00000, 0x00000000f5200000, 0x0000000100000000)
  eden space 161792K, 0% used [0x00000000eab00000,0x00000000eab00000,0x00000000f4900000)
  from space 3072K, 97% used [0x00000000f4f00000,0x00000000f51eec00,0x00000000f5200000)
  to   space 4096K, 0% used [0x00000000f4a00000,0x00000000f4a00000,0x00000000f4e00000)
 ParOldGen       total 328192K, used 309304K [0x00000000c0000000, 0x00000000d4080000, 0x00000000eab00000)
  object space 328192K, 94% used [0x00000000c0000000,0x00000000d2e0e3f0,0x00000000d4080000)
 Metaspace       used 79111K, committed 80576K, reserved 1179648K
  class space    used 8160K, committed 8832K, reserved 1048576K
}
Event: 22.269 GC heap before
{Heap before GC invocations=201 (full 11):
 PSYoungGen      total 164864K, used 164795K [0x00000000eab00000, 0x00000000f5200000, 0x0000000100000000)
  eden space 161792K, 100% used [0x00000000eab00000,0x00000000f4900000,0x00000000f4900000)
  from space 3072K, 97% used [0x00000000f4f00000,0x00000000f51eec00,0x00000000f5200000)
  to   space 4096K, 0% used [0x00000000f4a00000,0x00000000f4a00000,0x00000000f4e00000)
 ParOldGen       total 328192K, used 309304K [0x00000000c0000000, 0x00000000d4080000, 0x00000000eab00000)
  object space 328192K, 94% used [0x00000000c0000000,0x00000000d2e0e3f0,0x00000000d4080000)
 Metaspace       used 79120K, committed 80576K, reserved 1179648K
  class space    used 8160K, committed 8832K, reserved 1048576K
}
Event: 22.284 GC heap after
{Heap after GC invocations=201 (full 11):
 PSYoungGen      total 166912K, used 3997K [0x00000000eab00000, 0x00000000f6480000, 0x0000000100000000)
  eden space 162816K, 0% used [0x00000000eab00000,0x00000000eab00000,0x00000000f4a00000)
  from space 4096K, 97% used [0x00000000f4a00000,0x00000000f4de7608,0x00000000f4e00000)
  to   space 4608K, 0% used [0x00000000f6000000,0x00000000f6000000,0x00000000f6480000)
 ParOldGen       total 328192K, used 311937K [0x00000000c0000000, 0x00000000d4080000, 0x00000000eab00000)
  object space 328192K, 95% used [0x00000000c0000000,0x00000000d30a07f0,0x00000000d4080000)
 Metaspace       used 79120K, committed 80576K, reserved 1179648K
  class space    used 8160K, committed 8832K, reserved 1048576K
}
Event: 22.512 GC heap before
{Heap before GC invocations=202 (full 11):
 PSYoungGen      total 166912K, used 166813K [0x00000000eab00000, 0x00000000f6480000, 0x0000000100000000)
  eden space 162816K, 100% used [0x00000000eab00000,0x00000000f4a00000,0x00000000f4a00000)
  from space 4096K, 97% used [0x00000000f4a00000,0x00000000f4de7608,0x00000000f4e00000)
  to   space 4608K, 0% used [0x00000000f6000000,0x00000000f6000000,0x00000000f6480000)
 ParOldGen       total 328192K, used 311937K [0x00000000c0000000, 0x00000000d4080000, 0x00000000eab00000)
  object space 328192K, 95% used [0x00000000c0000000,0x00000000d30a07f0,0x00000000d4080000)
 Metaspace       used 79337K, committed 80704K, reserved 1179648K
  class space    used 8183K, committed 8832K, reserved 1048576K
}
Event: 22.578 GC heap after
{Heap after GC invocations=202 (full 11):
 PSYoungGen      total 172032K, used 4594K [0x00000000eab00000, 0x00000000f8080000, 0x0000000100000000)
  eden space 167424K, 0% used [0x00000000eab00000,0x00000000eab00000,0x00000000f4e80000)
  from space 4608K, 99% used [0x00000000f6000000,0x00000000f647cb00,0x00000000f6480000)
  to   space 17920K, 0% used [0x00000000f4e80000,0x00000000f4e80000,0x00000000f6000000)
 ParOldGen       total 328192K, used 323134K [0x00000000c0000000, 0x00000000d4080000, 0x00000000eab00000)
  object space 328192K, 98% used [0x00000000c0000000,0x00000000d3b8f830,0x00000000d4080000)
 Metaspace       used 79337K, committed 80704K, reserved 1179648K
  class space    used 8183K, committed 8832K, reserved 1048576K
}
Event: 22.579 GC heap before
{Heap before GC invocations=203 (full 12):
 PSYoungGen      total 172032K, used 4594K [0x00000000eab00000, 0x00000000f8080000, 0x0000000100000000)
  eden space 167424K, 0% used [0x00000000eab00000,0x00000000eab00000,0x00000000f4e80000)
  from space 4608K, 99% used [0x00000000f6000000,0x00000000f647cb00,0x00000000f6480000)
  to   space 17920K, 0% used [0x00000000f4e80000,0x00000000f4e80000,0x00000000f6000000)
 ParOldGen       total 328192K, used 323134K [0x00000000c0000000, 0x00000000d4080000, 0x00000000eab00000)
  object space 328192K, 98% used [0x00000000c0000000,0x00000000d3b8f830,0x00000000d4080000)
 Metaspace       used 79337K, committed 80704K, reserved 1179648K
  class space    used 8183K, committed 8832K, reserved 1048576K
}
Event: 24.210 GC heap after
{Heap after GC invocations=203 (full 12):
 PSYoungGen      total 185344K, used 0K [0x00000000eab00000, 0x00000000f8480000, 0x0000000100000000)
  eden space 167424K, 0% used [0x00000000eab00000,0x00000000eab00000,0x00000000f4e80000)
  from space 17920K, 0% used [0x00000000f4e80000,0x00000000f4e80000,0x00000000f6000000)
  to   space 17920K, 0% used [0x00000000f7300000,0x00000000f7300000,0x00000000f8480000)
 ParOldGen       total 368640K, used 278557K [0x00000000c0000000, 0x00000000d6800000, 0x00000000eab00000)
  object space 368640K, 75% used [0x00000000c0000000,0x00000000d1007470,0x00000000d6800000)
 Metaspace       used 79337K, committed 80704K, reserved 1179648K
  class space    used 8183K, committed 8832K, reserved 1048576K
}
Event: 24.624 GC heap before
{Heap before GC invocations=204 (full 12):
 PSYoungGen      total 185344K, used 167401K [0x00000000eab00000, 0x00000000f8480000, 0x0000000100000000)
  eden space 167424K, 99% used [0x00000000eab00000,0x00000000f4e7a548,0x00000000f4e80000)
  from space 17920K, 0% used [0x00000000f4e80000,0x00000000f4e80000,0x00000000f6000000)
  to   space 17920K, 0% used [0x00000000f7300000,0x00000000f7300000,0x00000000f8480000)
 ParOldGen       total 368640K, used 278557K [0x00000000c0000000, 0x00000000d6800000, 0x00000000eab00000)
  object space 368640K, 75% used [0x00000000c0000000,0x00000000d1007470,0x00000000d6800000)
 Metaspace       used 79533K, committed 80896K, reserved 1179648K
  class space    used 8202K, committed 8832K, reserved 1048576K
}
Event: 24.635 GC heap after
{Heap after GC invocations=204 (full 12):
 PSYoungGen      total 193024K, used 8499K [0x00000000eab00000, 0x00000000f7b80000, 0x0000000100000000)
  eden space 184320K, 0% used [0x00000000eab00000,0x00000000eab00000,0x00000000f5f00000)
  from space 8704K, 97% used [0x00000000f7300000,0x00000000f7b4cf90,0x00000000f7b80000)
  to   space 11264K, 0% used [0x00000000f6580000,0x00000000f6580000,0x00000000f7080000)
 ParOldGen       total 368640K, used 278565K [0x00000000c0000000, 0x00000000d6800000, 0x00000000eab00000)
  object space 368640K, 75% used [0x00000000c0000000,0x00000000d1009470,0x00000000d6800000)
 Metaspace       used 79533K, committed 80896K, reserved 1179648K
  class space    used 8202K, committed 8832K, reserved 1048576K
}
Event: 24.989 GC heap before
{Heap before GC invocations=205 (full 12):
 PSYoungGen      total 193024K, used 192819K [0x00000000eab00000, 0x00000000f7b80000, 0x0000000100000000)
  eden space 184320K, 100% used [0x00000000eab00000,0x00000000f5f00000,0x00000000f5f00000)
  from space 8704K, 97% used [0x00000000f7300000,0x00000000f7b4cf90,0x00000000f7b80000)
  to   space 11264K, 0% used [0x00000000f6580000,0x00000000f6580000,0x00000000f7080000)
 ParOldGen       total 368640K, used 278565K [0x00000000c0000000, 0x00000000d6800000, 0x00000000eab00000)
  object space 368640K, 75% used [0x00000000c0000000,0x00000000d1009470,0x00000000d6800000)
 Metaspace       used 79553K, committed 80960K, reserved 1179648K
  class space    used 8202K, committed 8832K, reserved 1048576K
}
Event: 24.998 GC heap after
{Heap after GC invocations=205 (full 12):
 PSYoungGen      total 202240K, used 5824K [0x00000000eab00000, 0x00000000f7e00000, 0x0000000100000000)
  eden space 190976K, 0% used [0x00000000eab00000,0x00000000eab00000,0x00000000f6580000)
  from space 11264K, 51% used [0x00000000f6580000,0x00000000f6b30000,0x00000000f7080000)
  to   space 7680K, 0% used [0x00000000f7680000,0x00000000f7680000,0x00000000f7e00000)
 ParOldGen       total 368640K, used 285982K [0x00000000c0000000, 0x00000000d6800000, 0x00000000eab00000)
  object space 368640K, 77% used [0x00000000c0000000,0x00000000d1747a88,0x00000000d6800000)
 Metaspace       used 79553K, committed 80960K, reserved 1179648K
  class space    used 8202K, committed 8832K, reserved 1048576K
}
Event: 25.538 GC heap before
{Heap before GC invocations=206 (full 12):
 PSYoungGen      total 202240K, used 196800K [0x00000000eab00000, 0x00000000f7e00000, 0x0000000100000000)
  eden space 190976K, 100% used [0x00000000eab00000,0x00000000f6580000,0x00000000f6580000)
  from space 11264K, 51% used [0x00000000f6580000,0x00000000f6b30000,0x00000000f7080000)
  to   space 7680K, 0% used [0x00000000f7680000,0x00000000f7680000,0x00000000f7e00000)
 ParOldGen       total 368640K, used 285982K [0x00000000c0000000, 0x00000000d6800000, 0x00000000eab00000)
  object space 368640K, 77% used [0x00000000c0000000,0x00000000d1747a88,0x00000000d6800000)
 Metaspace       used 79561K, committed 80960K, reserved 1179648K
  class space    used 8202K, committed 8832K, reserved 1048576K
}
Event: 25.593 GC heap after
{Heap after GC invocations=206 (full 12):
 PSYoungGen      total 198656K, used 7677K [0x00000000eab00000, 0x00000000f9800000, 0x0000000100000000)
  eden space 190976K, 0% used [0x00000000eab00000,0x00000000eab00000,0x00000000f6580000)
  from space 7680K, 99% used [0x00000000f7680000,0x00000000f7dff528,0x00000000f7e00000)
  to   space 17408K, 0% used [0x00000000f6580000,0x00000000f6580000,0x00000000f7680000)
 ParOldGen       total 368640K, used 293719K [0x00000000c0000000, 0x00000000d6800000, 0x00000000eab00000)
  object space 368640K, 79% used [0x00000000c0000000,0x00000000d1ed5ee0,0x00000000d6800000)
 Metaspace       used 79561K, committed 80960K, reserved 1179648K
  class space    used 8202K, committed 8832K, reserved 1048576K
}
Event: 26.348 GC heap before
{Heap before GC invocations=207 (full 12):
 PSYoungGen      total 198656K, used 198651K [0x00000000eab00000, 0x00000000f9800000, 0x0000000100000000)
  eden space 190976K, 99% used [0x00000000eab00000,0x00000000f657f8c8,0x00000000f6580000)
  from space 7680K, 99% used [0x00000000f7680000,0x00000000f7dff528,0x00000000f7e00000)
  to   space 17408K, 0% used [0x00000000f6580000,0x00000000f6580000,0x00000000f7680000)
 ParOldGen       total 368640K, used 293719K [0x00000000c0000000, 0x00000000d6800000, 0x00000000eab00000)
  object space 368640K, 79% used [0x00000000c0000000,0x00000000d1ed5ee0,0x00000000d6800000)
 Metaspace       used 79594K, committed 81024K, reserved 1179648K
  class space    used 8203K, committed 8896K, reserved 1048576K
}
Event: 26.366 GC heap after
{Heap after GC invocations=207 (full 12):
 PSYoungGen      total 208384K, used 17400K [0x00000000eab00000, 0x00000000fac00000, 0x0000000100000000)
  eden space 190976K, 0% used [0x00000000eab00000,0x00000000eab00000,0x00000000f6580000)
  from space 17408K, 99% used [0x00000000f6580000,0x00000000f767e010,0x00000000f7680000)
  to   space 28672K, 0% used [0x00000000f9000000,0x00000000f9000000,0x00000000fac00000)
 ParOldGen       total 368640K, used 302567K [0x00000000c0000000, 0x00000000d6800000, 0x00000000eab00000)
  object space 368640K, 82% used [0x00000000c0000000,0x00000000d2779f20,0x00000000d6800000)
 Metaspace       used 79594K, committed 81024K, reserved 1179648K
  class space    used 8203K, committed 8896K, reserved 1048576K
}
Event: 26.884 GC heap before
{Heap before GC invocations=208 (full 12):
 PSYoungGen      total 208384K, used 208376K [0x00000000eab00000, 0x00000000fac00000, 0x0000000100000000)
  eden space 190976K, 100% used [0x00000000eab00000,0x00000000f6580000,0x00000000f6580000)
  from space 17408K, 99% used [0x00000000f6580000,0x00000000f767e010,0x00000000f7680000)
  to   space 28672K, 0% used [0x00000000f9000000,0x00000000f9000000,0x00000000fac00000)
 ParOldGen       total 368640K, used 302567K [0x00000000c0000000, 0x00000000d6800000, 0x00000000eab00000)
  object space 368640K, 82% used [0x00000000c0000000,0x00000000d2779f20,0x00000000d6800000)
 Metaspace       used 79892K, committed 81408K, reserved 1179648K
  class space    used 8221K, committed 8896K, reserved 1048576K
}
Event: 26.908 GC heap after
{Heap after GC invocations=208 (full 12):
 PSYoungGen      total 215040K, used 28645K [0x00000000eab00000, 0x00000000fd100000, 0x0000000100000000)
  eden space 186368K, 0% used [0x00000000eab00000,0x00000000eab00000,0x00000000f6100000)
  from space 28672K, 99% used [0x00000000f9000000,0x00000000fabf94e0,0x00000000fac00000)
  to   space 48128K, 0% used [0x00000000f6100000,0x00000000f6100000,0x00000000f9000000)
 ParOldGen       total 368640K, used 318229K [0x00000000c0000000, 0x00000000d6800000, 0x00000000eab00000)
  object space 368640K, 86% used [0x00000000c0000000,0x00000000d36c56e8,0x00000000d6800000)
 Metaspace       used 79892K, committed 81408K, reserved 1179648K
  class space    used 8221K, committed 8896K, reserved 1048576K
}

