# JRE version: OpenJDK Runtime Environment Temurin-17.0.12+7 (17.0.12+7) (build 17.0.12+7)
# Java VM: OpenJDK 64-Bit Server VM Temurin-17.0.12+7 (17.0.12+7, mixed mode, emulated-client, tiered, compressed oops, compressed class ptrs, g1 gc, windows-amd64)
GC Precious Log:
 CPUs: 8 total, 8 available
 Memory: 7969M
 Large Page Support: Disabled
 NUMA Support: Disabled
 Compressed Oops: Enabled (32-bit)
 Heap Region Size: 1M
 Heap Min Capacity: 8M
 Heap Initial Capacity: 126M
 Heap Max Capacity: 1G
 Pre-touch: Disabled
 Parallel Workers: 8
 Concurrent Workers: 2
 Concurrent Refinement Workers: 8
 Periodic GC: Disabled
Heap:
 garbage-first heap   total 75776K, used 25073K [0x00000000c0000000, 0x0000000100000000)
  region size 1024K, 1 young (1024K), 0 survivors (0K)
 Metaspace       used 40911K, committed 41536K, reserved 1114112K
  class space    used 5224K, committed 5504K, reserved 1048576K
GC Heap History (20 events):
Event: 7469.001 GC heap after
{Heap after GC invocations=748 (full 738):
 garbage-first heap   total 75776K, used 25073K [0x00000000c0000000, 0x0000000100000000)
  region size 1024K, 0 young (0K), 0 survivors (0K)
 Metaspace       used 40911K, committed 41536K, reserved 1114112K
  class space    used 5224K, committed 5504K, reserved 1048576K
}
Event: 7479.060 GC heap before
{Heap before GC invocations=748 (full 738):
 garbage-first heap   total 75776K, used 25073K [0x00000000c0000000, 0x0000000100000000)
  region size 1024K, 1 young (1024K), 0 survivors (0K)
 Metaspace       used 40911K, committed 41536K, reserved 1114112K
  class space    used 5224K, committed 5504K, reserved 1048576K
}
Event: 7479.072 GC heap after
{Heap after GC invocations=749 (full 739):
 garbage-first heap   total 75776K, used 25073K [0x00000000c0000000, 0x0000000100000000)
  region size 1024K, 0 young (0K), 0 survivors (0K)
 Metaspace       used 40911K, committed 41536K, reserved 1114112K
  class space    used 5224K, committed 5504K, reserved 1048576K
}
Event: 7489.150 GC heap before
{Heap before GC invocations=749 (full 739):
 garbage-first heap   total 75776K, used 25073K [0x00000000c0000000, 0x0000000100000000)
  region size 1024K, 1 young (1024K), 0 survivors (0K)
 Metaspace       used 40911K, committed 41536K, reserved 1114112K
  class space    used 5224K, committed 5504K, reserved 1048576K
}
Event: 7489.162 GC heap after
{Heap after GC invocations=750 (full 740):
 garbage-first heap   total 75776K, used 25073K [0x00000000c0000000, 0x0000000100000000)
  region size 1024K, 0 young (0K), 0 survivors (0K)
 Metaspace       used 40911K, committed 41536K, reserved 1114112K
  class space    used 5224K, committed 5504K, reserved 1048576K
}
Event: 7499.565 GC heap before
{Heap before GC invocations=750 (full 740):
 garbage-first heap   total 75776K, used 25073K [0x00000000c0000000, 0x0000000100000000)
  region size 1024K, 1 young (1024K), 0 survivors (0K)
 Metaspace       used 40911K, committed 41536K, reserved 1114112K
  class space    used 5224K, committed 5504K, reserved 1048576K
}
Event: 7499.581 GC heap after
{Heap after GC invocations=751 (full 741):
 garbage-first heap   total 75776K, used 25073K [0x00000000c0000000, 0x0000000100000000)
  region size 1024K, 0 young (0K), 0 survivors (0K)
 Metaspace       used 40911K, committed 41536K, reserved 1114112K
  class space    used 5224K, committed 5504K, reserved 1048576K
}
Event: 7509.639 GC heap before
{Heap before GC invocations=751 (full 741):
 garbage-first heap   total 75776K, used 25073K [0x00000000c0000000, 0x0000000100000000)
  region size 1024K, 1 young (1024K), 0 survivors (0K)
 Metaspace       used 40911K, committed 41536K, reserved 1114112K
  class space    used 5224K, committed 5504K, reserved 1048576K
}
Event: 7509.651 GC heap after
{Heap after GC invocations=752 (full 742):
 garbage-first heap   total 75776K, used 25073K [0x00000000c0000000, 0x0000000100000000)
  region size 1024K, 0 young (0K), 0 survivors (0K)
 Metaspace       used 40911K, committed 41536K, reserved 1114112K
  class space    used 5224K, committed 5504K, reserved 1048576K
}
Event: 7519.712 GC heap before
{Heap before GC invocations=752 (full 742):
 garbage-first heap   total 75776K, used 25073K [0x00000000c0000000, 0x0000000100000000)
  region size 1024K, 1 young (1024K), 0 survivors (0K)
 Metaspace       used 40911K, committed 41536K, reserved 1114112K
  class space    used 5224K, committed 5504K, reserved 1048576K
}
Event: 7519.722 GC heap after
{Heap after GC invocations=753 (full 743):
 garbage-first heap   total 75776K, used 25073K [0x00000000c0000000, 0x0000000100000000)
  region size 1024K, 0 young (0K), 0 survivors (0K)
 Metaspace       used 40911K, committed 41536K, reserved 1114112K
  class space    used 5224K, committed 5504K, reserved 1048576K
}
Event: 7530.258 GC heap before
{Heap before GC invocations=753 (full 743):
 garbage-first heap   total 75776K, used 25073K [0x00000000c0000000, 0x0000000100000000)
  region size 1024K, 1 young (1024K), 0 survivors (0K)
 Metaspace       used 40911K, committed 41536K, reserved 1114112K
  class space    used 5224K, committed 5504K, reserved 1048576K
}
Event: 7530.272 GC heap after
{Heap after GC invocations=754 (full 744):
 garbage-first heap   total 75776K, used 25073K [0x00000000c0000000, 0x0000000100000000)
  region size 1024K, 0 young (0K), 0 survivors (0K)
 Metaspace       used 40911K, committed 41536K, reserved 1114112K
  class space    used 5224K, committed 5504K, reserved 1048576K
}
Event: 7540.355 GC heap before
{Heap before GC invocations=754 (full 744):
 garbage-first heap   total 75776K, used 25073K [0x00000000c0000000, 0x0000000100000000)
  region size 1024K, 1 young (1024K), 0 survivors (0K)
 Metaspace       used 40911K, committed 41536K, reserved 1114112K
  class space    used 5224K, committed 5504K, reserved 1048576K
}
Event: 7540.368 GC heap after
{Heap after GC invocations=755 (full 745):
 garbage-first heap   total 75776K, used 25073K [0x00000000c0000000, 0x0000000100000000)
  region size 1024K, 0 young (0K), 0 survivors (0K)
 Metaspace       used 40911K, committed 41536K, reserved 1114112K
  class space    used 5224K, committed 5504K, reserved 1048576K
}
Event: 7550.432 GC heap before
{Heap before GC invocations=755 (full 745):
 garbage-first heap   total 75776K, used 25073K [0x00000000c0000000, 0x0000000100000000)
  region size 1024K, 1 young (1024K), 0 survivors (0K)
 Metaspace       used 40911K, committed 41536K, reserved 1114112K
  class space    used 5224K, committed 5504K, reserved 1048576K
}
Event: 7550.445 GC heap after
{Heap after GC invocations=756 (full 746):
 garbage-first heap   total 75776K, used 25073K [0x00000000c0000000, 0x0000000100000000)
  region size 1024K, 0 young (0K), 0 survivors (0K)
 Metaspace       used 40911K, committed 41536K, reserved 1114112K
  class space    used 5224K, committed 5504K, reserved 1048576K
}
Event: 7560.515 GC heap before
{Heap before GC invocations=756 (full 746):
 garbage-first heap   total 75776K, used 25073K [0x00000000c0000000, 0x0000000100000000)
  region size 1024K, 1 young (1024K), 0 survivors (0K)
 Metaspace       used 40911K, committed 41536K, reserved 1114112K
  class space    used 5224K, committed 5504K, reserved 1048576K
}
Event: 7560.526 GC heap after
{Heap after GC invocations=757 (full 747):
 garbage-first heap   total 75776K, used 25073K [0x00000000c0000000, 0x0000000100000000)
  region size 1024K, 0 young (0K), 0 survivors (0K)
 Metaspace       used 40911K, committed 41536K, reserved 1114112K
  class space    used 5224K, committed 5504K, reserved 1048576K
}
Event: 7570.547 GC heap before
{Heap before GC invocations=757 (full 747):
 garbage-first heap   total 75776K, used 25073K [0x00000000c0000000, 0x0000000100000000)
  region size 1024K, 1 young (1024K), 0 survivors (0K)
 Metaspace       used 40911K, committed 41536K, reserved 1114112K
  class space    used 5224K, committed 5504K, reserved 1048576K
}

