# JRE version: OpenJDK Runtime Environment Temurin-17.0.11+9 (17.0.11+9) (build 17.0.11+9)
# Java VM: OpenJDK 64-Bit Server VM Temurin-17.0.11+9 (17.0.11+9, mixed mode, tiered, compressed oops, compressed class ptrs, parallel gc, windows-amd64)
GC Precious Log:
 CPUs: 8 total, 8 available
 Memory: 7969M
 Large Page Support: Disabled
 NUMA Support: Disabled
 Compressed Oops: Enabled (32-bit)
 Alignments: Space 512K, Generation 512K, Heap 2M
 Heap Min Capacity: 100M
 Heap Initial Capacity: 100M
 Heap Max Capacity: 1G
 Pre-touch: Disabled
 Parallel Workers: 8
Heap:
 PSYoungGen      total 10240K, used 10109K [0x00000000eab00000, 0x00000000eb700000, 0x0000000100000000)
  eden space 7680K, 100% used [0x00000000eab00000,0x00000000eb280000,0x00000000eb280000)
  from space 2560K, 94% used [0x00000000eb280000,0x00000000eb4df518,0x00000000eb500000)
  to   space 2048K, 100% used [0x00000000eb500000,0x00000000eb700000,0x00000000eb700000)
 ParOldGen       total 123904K, used 115481K [0x00000000c0000000, 0x00000000c7900000, 0x00000000eab00000)
  object space 123904K, 93% used [0x00000000c0000000,0x00000000c70c6678,0x00000000c7900000)
 Metaspace       used 67385K, committed 68672K, reserved 1114112K
  class space    used 7094K, committed 7680K, reserved 1048576K
GC Heap History (20 events):
Event: 5.633 GC heap before
{Heap before GC invocations=73 (full 5):
 PSYoungGen      total 8192K, used 7136K [0x00000000eab00000, 0x00000000eb600000, 0x0000000100000000)
  eden space 5120K, 100% used [0x00000000eab00000,0x00000000eb000000,0x00000000eb000000)
  from space 3072K, 65% used [0x00000000eb000000,0x00000000eb1f8000,0x00000000eb300000)
  to   space 2560K, 0% used [0x00000000eb380000,0x00000000eb380000,0x00000000eb600000)
 ParOldGen       total 123904K, used 92259K [0x00000000c0000000, 0x00000000c7900000, 0x00000000eab00000)
  object space 123904K, 74% used [0x00000000c0000000,0x00000000c5a18f00,0x00000000c7900000)
 Metaspace       used 67141K, committed 68480K, reserved 1114112K
  class space    used 7086K, committed 7680K, reserved 1048576K
}
Event: 5.635 GC heap after
{Heap after GC invocations=73 (full 5):
 PSYoungGen      total 6144K, used 2531K [0x00000000eab00000, 0x00000000ebb00000, 0x0000000100000000)
  eden space 3584K, 0% used [0x00000000eab00000,0x00000000eab00000,0x00000000eae80000)
  from space 2560K, 98% used [0x00000000eb380000,0x00000000eb5f8e98,0x00000000eb600000)
  to   space 5120K, 0% used [0x00000000eae80000,0x00000000eae80000,0x00000000eb380000)
 ParOldGen       total 123904K, used 94117K [0x00000000c0000000, 0x00000000c7900000, 0x00000000eab00000)
  object space 123904K, 75% used [0x00000000c0000000,0x00000000c5be9778,0x00000000c7900000)
 Metaspace       used 67141K, committed 68480K, reserved 1114112K
  class space    used 7086K, committed 7680K, reserved 1048576K
}
Event: 5.646 GC heap before
{Heap before GC invocations=74 (full 5):
 PSYoungGen      total 6144K, used 6107K [0x00000000eab00000, 0x00000000ebb00000, 0x0000000100000000)
  eden space 3584K, 99% used [0x00000000eab00000,0x00000000eae7e0f8,0x00000000eae80000)
  from space 2560K, 98% used [0x00000000eb380000,0x00000000eb5f8e98,0x00000000eb600000)
  to   space 5120K, 0% used [0x00000000eae80000,0x00000000eae80000,0x00000000eb380000)
 ParOldGen       total 123904K, used 94117K [0x00000000c0000000, 0x00000000c7900000, 0x00000000eab00000)
  object space 123904K, 75% used [0x00000000c0000000,0x00000000c5be9778,0x00000000c7900000)
 Metaspace       used 67214K, committed 68544K, reserved 1114112K
  class space    used 7090K, committed 7680K, reserved 1048576K
}
Event: 5.647 GC heap after
{Heap after GC invocations=74 (full 5):
 PSYoungGen      total 5632K, used 1680K [0x00000000eab00000, 0x00000000eb580000, 0x0000000100000000)
  eden space 3584K, 0% used [0x00000000eab00000,0x00000000eab00000,0x00000000eae80000)
  from space 2048K, 82% used [0x00000000eae80000,0x00000000eb024010,0x00000000eb080000)
  to   space 3072K, 0% used [0x00000000eb280000,0x00000000eb280000,0x00000000eb580000)
 ParOldGen       total 123904K, used 96318K [0x00000000c0000000, 0x00000000c7900000, 0x00000000eab00000)
  object space 123904K, 77% used [0x00000000c0000000,0x00000000c5e0fae0,0x00000000c7900000)
 Metaspace       used 67214K, committed 68544K, reserved 1114112K
  class space    used 7090K, committed 7680K, reserved 1048576K
}
Event: 5.652 GC heap before
{Heap before GC invocations=75 (full 5):
 PSYoungGen      total 5632K, used 5264K [0x00000000eab00000, 0x00000000eb580000, 0x0000000100000000)
  eden space 3584K, 100% used [0x00000000eab00000,0x00000000eae80000,0x00000000eae80000)
  from space 2048K, 82% used [0x00000000eae80000,0x00000000eb024010,0x00000000eb080000)
  to   space 3072K, 0% used [0x00000000eb280000,0x00000000eb280000,0x00000000eb580000)
 ParOldGen       total 123904K, used 96318K [0x00000000c0000000, 0x00000000c7900000, 0x00000000eab00000)
  object space 123904K, 77% used [0x00000000c0000000,0x00000000c5e0fae0,0x00000000c7900000)
 Metaspace       used 67230K, committed 68544K, reserved 1114112K
  class space    used 7091K, committed 7680K, reserved 1048576K
}
Event: 5.654 GC heap after
{Heap after GC invocations=75 (full 5):
 PSYoungGen      total 6144K, used 1472K [0x00000000eab00000, 0x00000000eb400000, 0x0000000100000000)
  eden space 4608K, 0% used [0x00000000eab00000,0x00000000eab00000,0x00000000eaf80000)
  from space 1536K, 95% used [0x00000000eb280000,0x00000000eb3f0020,0x00000000eb400000)
  to   space 2048K, 0% used [0x00000000eb000000,0x00000000eb000000,0x00000000eb200000)
 ParOldGen       total 123904K, used 97798K [0x00000000c0000000, 0x00000000c7900000, 0x00000000eab00000)
  object space 123904K, 78% used [0x00000000c0000000,0x00000000c5f81b08,0x00000000c7900000)
 Metaspace       used 67230K, committed 68544K, reserved 1114112K
  class space    used 7091K, committed 7680K, reserved 1048576K
}
Event: 5.662 GC heap before
{Heap before GC invocations=76 (full 5):
 PSYoungGen      total 6144K, used 6080K [0x00000000eab00000, 0x00000000eb400000, 0x0000000100000000)
  eden space 4608K, 100% used [0x00000000eab00000,0x00000000eaf80000,0x00000000eaf80000)
  from space 1536K, 95% used [0x00000000eb280000,0x00000000eb3f0020,0x00000000eb400000)
  to   space 2048K, 0% used [0x00000000eb000000,0x00000000eb000000,0x00000000eb200000)
 ParOldGen       total 123904K, used 97798K [0x00000000c0000000, 0x00000000c7900000, 0x00000000eab00000)
  object space 123904K, 78% used [0x00000000c0000000,0x00000000c5f81b08,0x00000000c7900000)
 Metaspace       used 67244K, committed 68544K, reserved 1114112K
  class space    used 7091K, committed 7680K, reserved 1048576K
}
Event: 5.664 GC heap after
{Heap after GC invocations=76 (full 5):
 PSYoungGen      total 7168K, used 2017K [0x00000000eab00000, 0x00000000eb880000, 0x0000000100000000)
  eden space 5120K, 0% used [0x00000000eab00000,0x00000000eab00000,0x00000000eb000000)
  from space 2048K, 98% used [0x00000000eb000000,0x00000000eb1f85d0,0x00000000eb200000)
  to   space 4096K, 0% used [0x00000000eb480000,0x00000000eb480000,0x00000000eb880000)
 ParOldGen       total 123904K, used 99301K [0x00000000c0000000, 0x00000000c7900000, 0x00000000eab00000)
  object space 123904K, 80% used [0x00000000c0000000,0x00000000c60f95d8,0x00000000c7900000)
 Metaspace       used 67244K, committed 68544K, reserved 1114112K
  class space    used 7091K, committed 7680K, reserved 1048576K
}
Event: 5.676 GC heap before
{Heap before GC invocations=77 (full 5):
 PSYoungGen      total 7168K, used 7137K [0x00000000eab00000, 0x00000000eb880000, 0x0000000100000000)
  eden space 5120K, 100% used [0x00000000eab00000,0x00000000eb000000,0x00000000eb000000)
  from space 2048K, 98% used [0x00000000eb000000,0x00000000eb1f85d0,0x00000000eb200000)
  to   space 4096K, 0% used [0x00000000eb480000,0x00000000eb480000,0x00000000eb880000)
 ParOldGen       total 123904K, used 99301K [0x00000000c0000000, 0x00000000c7900000, 0x00000000eab00000)
  object space 123904K, 80% used [0x00000000c0000000,0x00000000c60f95d8,0x00000000c7900000)
 Metaspace       used 67293K, committed 68608K, reserved 1114112K
  class space    used 7092K, committed 7680K, reserved 1048576K
}
Event: 5.678 GC heap after
{Heap after GC invocations=77 (full 5):
 PSYoungGen      total 8704K, used 2449K [0x00000000eab00000, 0x00000000eb700000, 0x0000000100000000)
  eden space 6144K, 0% used [0x00000000eab00000,0x00000000eab00000,0x00000000eb100000)
  from space 2560K, 95% used [0x00000000eb480000,0x00000000eb6e4550,0x00000000eb700000)
  to   space 3072K, 0% used [0x00000000eb100000,0x00000000eb100000,0x00000000eb400000)
 ParOldGen       total 123904K, used 101230K [0x00000000c0000000, 0x00000000c7900000, 0x00000000eab00000)
  object space 123904K, 81% used [0x00000000c0000000,0x00000000c62db808,0x00000000c7900000)
 Metaspace       used 67293K, committed 68608K, reserved 1114112K
  class space    used 7092K, committed 7680K, reserved 1048576K
}
Event: 5.692 GC heap before
{Heap before GC invocations=78 (full 5):
 PSYoungGen      total 8704K, used 8593K [0x00000000eab00000, 0x00000000eb700000, 0x0000000100000000)
  eden space 6144K, 99% used [0x00000000eab00000,0x00000000eb0ffff0,0x00000000eb100000)
  from space 2560K, 95% used [0x00000000eb480000,0x00000000eb6e4550,0x00000000eb700000)
  to   space 3072K, 0% used [0x00000000eb100000,0x00000000eb100000,0x00000000eb400000)
 ParOldGen       total 123904K, used 101230K [0x00000000c0000000, 0x00000000c7900000, 0x00000000eab00000)
  object space 123904K, 81% used [0x00000000c0000000,0x00000000c62db808,0x00000000c7900000)
 Metaspace       used 67306K, committed 68608K, reserved 1114112K
  class space    used 7092K, committed 7680K, reserved 1048576K
}
Event: 5.694 GC heap after
{Heap after GC invocations=78 (full 5):
 PSYoungGen      total 9216K, used 2595K [0x00000000eab00000, 0x00000000eb800000, 0x0000000100000000)
  eden space 6144K, 0% used [0x00000000eab00000,0x00000000eab00000,0x00000000eb100000)
  from space 3072K, 84% used [0x00000000eb100000,0x00000000eb388c60,0x00000000eb400000)
  to   space 3072K, 0% used [0x00000000eb500000,0x00000000eb500000,0x00000000eb800000)
 ParOldGen       total 123904K, used 103503K [0x00000000c0000000, 0x00000000c7900000, 0x00000000eab00000)
  object space 123904K, 83% used [0x00000000c0000000,0x00000000c6513d48,0x00000000c7900000)
 Metaspace       used 67306K, committed 68608K, reserved 1114112K
  class space    used 7092K, committed 7680K, reserved 1048576K
}
Event: 5.703 GC heap before
{Heap before GC invocations=79 (full 5):
 PSYoungGen      total 9216K, used 8739K [0x00000000eab00000, 0x00000000eb800000, 0x0000000100000000)
  eden space 6144K, 99% used [0x00000000eab00000,0x00000000eb0ffff0,0x00000000eb100000)
  from space 3072K, 84% used [0x00000000eb100000,0x00000000eb388c60,0x00000000eb400000)
  to   space 3072K, 0% used [0x00000000eb500000,0x00000000eb500000,0x00000000eb800000)
 ParOldGen       total 123904K, used 103503K [0x00000000c0000000, 0x00000000c7900000, 0x00000000eab00000)
  object space 123904K, 83% used [0x00000000c0000000,0x00000000c6513d48,0x00000000c7900000)
 Metaspace       used 67319K, committed 68672K, reserved 1114112K
  class space    used 7092K, committed 7680K, reserved 1048576K
}
Event: 5.705 GC heap after
{Heap after GC invocations=79 (full 5):
 PSYoungGen      total 9728K, used 2361K [0x00000000eab00000, 0x00000000eb780000, 0x0000000100000000)
  eden space 7168K, 0% used [0x00000000eab00000,0x00000000eab00000,0x00000000eb200000)
  from space 2560K, 92% used [0x00000000eb500000,0x00000000eb74e470,0x00000000eb780000)
  to   space 2560K, 0% used [0x00000000eb280000,0x00000000eb280000,0x00000000eb500000)
 ParOldGen       total 123904K, used 105957K [0x00000000c0000000, 0x00000000c7900000, 0x00000000eab00000)
  object space 123904K, 85% used [0x00000000c0000000,0x00000000c6779458,0x00000000c7900000)
 Metaspace       used 67319K, committed 68672K, reserved 1114112K
  class space    used 7092K, committed 7680K, reserved 1048576K
}
Event: 5.716 GC heap before
{Heap before GC invocations=80 (full 5):
 PSYoungGen      total 9728K, used 9529K [0x00000000eab00000, 0x00000000eb780000, 0x0000000100000000)
  eden space 7168K, 100% used [0x00000000eab00000,0x00000000eb200000,0x00000000eb200000)
  from space 2560K, 92% used [0x00000000eb500000,0x00000000eb74e470,0x00000000eb780000)
  to   space 2560K, 0% used [0x00000000eb280000,0x00000000eb280000,0x00000000eb500000)
 ParOldGen       total 123904K, used 105957K [0x00000000c0000000, 0x00000000c7900000, 0x00000000eab00000)
  object space 123904K, 85% used [0x00000000c0000000,0x00000000c6779458,0x00000000c7900000)
 Metaspace       used 67343K, committed 68672K, reserved 1114112K
  class space    used 7093K, committed 7680K, reserved 1048576K
}
Event: 5.718 GC heap after
{Heap after GC invocations=80 (full 5):
 PSYoungGen      total 10240K, used 1399K [0x00000000eab00000, 0x00000000eb700000, 0x0000000100000000)
  eden space 7680K, 0% used [0x00000000eab00000,0x00000000eab00000,0x00000000eb280000)
  from space 2560K, 54% used [0x00000000eb280000,0x00000000eb3ddc00,0x00000000eb500000)
  to   space 2048K, 0% used [0x00000000eb500000,0x00000000eb500000,0x00000000eb700000)
 ParOldGen       total 123904K, used 108119K [0x00000000c0000000, 0x00000000c7900000, 0x00000000eab00000)
  object space 123904K, 87% used [0x00000000c0000000,0x00000000c6995ca0,0x00000000c7900000)
 Metaspace       used 67343K, committed 68672K, reserved 1114112K
  class space    used 7093K, committed 7680K, reserved 1048576K
}
Event: 5.725 GC heap before
{Heap before GC invocations=81 (full 5):
 PSYoungGen      total 10240K, used 9079K [0x00000000eab00000, 0x00000000eb700000, 0x0000000100000000)
  eden space 7680K, 100% used [0x00000000eab00000,0x00000000eb280000,0x00000000eb280000)
  from space 2560K, 54% used [0x00000000eb280000,0x00000000eb3ddc00,0x00000000eb500000)
  to   space 2048K, 0% used [0x00000000eb500000,0x00000000eb500000,0x00000000eb700000)
 ParOldGen       total 123904K, used 108119K [0x00000000c0000000, 0x00000000c7900000, 0x00000000eab00000)
  object space 123904K, 87% used [0x00000000c0000000,0x00000000c6995ca0,0x00000000c7900000)
 Metaspace       used 67345K, committed 68672K, reserved 1114112K
  class space    used 7093K, committed 7680K, reserved 1048576K
}
Event: 5.727 GC heap after
{Heap after GC invocations=81 (full 5):
 PSYoungGen      total 9728K, used 2032K [0x00000000eab00000, 0x00000000eb700000, 0x0000000100000000)
  eden space 7680K, 0% used [0x00000000eab00000,0x00000000eab00000,0x00000000eb280000)
  from space 2048K, 99% used [0x00000000eb500000,0x00000000eb6fc010,0x00000000eb700000)
  to   space 2560K, 0% used [0x00000000eb280000,0x00000000eb280000,0x00000000eb500000)
 ParOldGen       total 123904K, used 110729K [0x00000000c0000000, 0x00000000c7900000, 0x00000000eab00000)
  object space 123904K, 89% used [0x00000000c0000000,0x00000000c6c22660,0x00000000c7900000)
 Metaspace       used 67345K, committed 68672K, reserved 1114112K
  class space    used 7093K, committed 7680K, reserved 1048576K
}
Event: 5.734 GC heap before
{Heap before GC invocations=82 (full 5):
 PSYoungGen      total 9728K, used 9712K [0x00000000eab00000, 0x00000000eb700000, 0x0000000100000000)
  eden space 7680K, 100% used [0x00000000eab00000,0x00000000eb280000,0x00000000eb280000)
  from space 2048K, 99% used [0x00000000eb500000,0x00000000eb6fc010,0x00000000eb700000)
  to   space 2560K, 0% used [0x00000000eb280000,0x00000000eb280000,0x00000000eb500000)
 ParOldGen       total 123904K, used 110729K [0x00000000c0000000, 0x00000000c7900000, 0x00000000eab00000)
  object space 123904K, 89% used [0x00000000c0000000,0x00000000c6c22660,0x00000000c7900000)
 Metaspace       used 67367K, committed 68672K, reserved 1114112K
  class space    used 7094K, committed 7680K, reserved 1048576K
}
Event: 5.736 GC heap after
{Heap after GC invocations=82 (full 5):
 PSYoungGen      total 10240K, used 2429K [0x00000000eab00000, 0x00000000eb700000, 0x0000000100000000)
  eden space 7680K, 0% used [0x00000000eab00000,0x00000000eab00000,0x00000000eb280000)
  from space 2560K, 94% used [0x00000000eb280000,0x00000000eb4df518,0x00000000eb500000)
  to   space 2048K, 0% used [0x00000000eb500000,0x00000000eb500000,0x00000000eb700000)
 ParOldGen       total 123904K, used 112783K [0x00000000c0000000, 0x00000000c7900000, 0x00000000eab00000)
  object space 123904K, 91% used [0x00000000c0000000,0x00000000c6e23d38,0x00000000c7900000)
 Metaspace       used 67367K, committed 68672K, reserved 1114112K
  class space    used 7094K, committed 7680K, reserved 1048576K
}

