# JRE version: OpenJDK Runtime Environment Temurin-17.0.12+7 (17.0.12+7) (build 17.0.12+7)
# Java VM: OpenJDK 64-Bit Server VM Temurin-17.0.12+7 (17.0.12+7, mixed mode, tiered, compressed oops, compressed class ptrs, parallel gc, windows-amd64)
GC Precious Log:
 CPUs: 8 total, 8 available
 Memory: 7969M
 Large Page Support: Disabled
 NUMA Support: Disabled
 Compressed Oops: Enabled (32-bit)
 Alignments: Space 512K, Generation 512K, Heap 2M
 Heap Min Capacity: 100M
 Heap Initial Capacity: 100M
 Heap Max Capacity: 1G
 Pre-touch: Disabled
 Parallel Workers: 8
Heap:
 PSYoungGen      total 117760K, used 106535K [0x00000000eab00000, 0x00000000f2b80000, 0x0000000100000000)
  eden space 103424K, 89% used [0x00000000eab00000,0x00000000f050cab0,0x00000000f1000000)
  from space 14336K, 99% used [0x00000000f1d80000,0x00000000f2b7d418,0x00000000f2b80000)
  to   space 13824K, 0% used [0x00000000f1000000,0x00000000f1000000,0x00000000f1d80000)
 ParOldGen       total 345600K, used 273909K [0x00000000c0000000, 0x00000000d5180000, 0x00000000eab00000)
  object space 345600K, 79% used [0x00000000c0000000,0x00000000d0b7d510,0x00000000d5180000)
 Metaspace       used 74682K, committed 76096K, reserved 1179648K
  class space    used 7750K, committed 8384K, reserved 1048576K
GC Heap History (20 events):
Event: 10.953 GC heap before
{Heap before GC invocations=128 (full 9):
 PSYoungGen      total 98816K, used 98812K [0x00000000eab00000, 0x00000000f3780000, 0x0000000100000000)
  eden space 87040K, 100% used [0x00000000eab00000,0x00000000f0000000,0x00000000f0000000)
  from space 11776K, 99% used [0x00000000f1680000,0x00000000f21ff3c8,0x00000000f2200000)
  to   space 23040K, 0% used [0x00000000f0000000,0x00000000f0000000,0x00000000f1680000)
 ParOldGen       total 262656K, used 213747K [0x00000000c0000000, 0x00000000d0080000, 0x00000000eab00000)
  object space 262656K, 81% used [0x00000000c0000000,0x00000000cd0bcdc8,0x00000000d0080000)
 Metaspace       used 73559K, committed 74944K, reserved 1179648K
  class space    used 7637K, committed 8256K, reserved 1048576K
}
Event: 10.963 GC heap after
{Heap after GC invocations=128 (full 9):
 PSYoungGen      total 110080K, used 16149K [0x00000000eab00000, 0x00000000f2900000, 0x0000000100000000)
  eden space 87040K, 0% used [0x00000000eab00000,0x00000000eab00000,0x00000000f0000000)
  from space 23040K, 70% used [0x00000000f0000000,0x00000000f0fc5480,0x00000000f1680000)
  to   space 17920K, 0% used [0x00000000f1780000,0x00000000f1780000,0x00000000f2900000)
 ParOldGen       total 262656K, used 219099K [0x00000000c0000000, 0x00000000d0080000, 0x00000000eab00000)
  object space 262656K, 83% used [0x00000000c0000000,0x00000000cd5f6f08,0x00000000d0080000)
 Metaspace       used 73559K, committed 74944K, reserved 1179648K
  class space    used 7637K, committed 8256K, reserved 1048576K
}
Event: 11.244 GC heap before
{Heap before GC invocations=129 (full 9):
 PSYoungGen      total 110080K, used 103189K [0x00000000eab00000, 0x00000000f2900000, 0x0000000100000000)
  eden space 87040K, 100% used [0x00000000eab00000,0x00000000f0000000,0x00000000f0000000)
  from space 23040K, 70% used [0x00000000f0000000,0x00000000f0fc5480,0x00000000f1680000)
  to   space 17920K, 0% used [0x00000000f1780000,0x00000000f1780000,0x00000000f2900000)
 ParOldGen       total 262656K, used 219099K [0x00000000c0000000, 0x00000000d0080000, 0x00000000eab00000)
  object space 262656K, 83% used [0x00000000c0000000,0x00000000cd5f6f08,0x00000000d0080000)
 Metaspace       used 74524K, committed 75968K, reserved 1179648K
  class space    used 7743K, committed 8384K, reserved 1048576K
}
Event: 11.258 GC heap after
{Heap after GC invocations=129 (full 9):
 PSYoungGen      total 97792K, used 17895K [0x00000000eab00000, 0x00000000f4280000, 0x0000000100000000)
  eden space 79872K, 0% used [0x00000000eab00000,0x00000000eab00000,0x00000000ef900000)
  from space 17920K, 99% used [0x00000000f1780000,0x00000000f28f9dd0,0x00000000f2900000)
  to   space 31232K, 0% used [0x00000000ef900000,0x00000000ef900000,0x00000000f1780000)
 ParOldGen       total 262656K, used 229824K [0x00000000c0000000, 0x00000000d0080000, 0x00000000eab00000)
  object space 262656K, 87% used [0x00000000c0000000,0x00000000ce0700b8,0x00000000d0080000)
 Metaspace       used 74524K, committed 75968K, reserved 1179648K
  class space    used 7743K, committed 8384K, reserved 1048576K
}
Event: 11.337 GC heap before
{Heap before GC invocations=130 (full 9):
 PSYoungGen      total 97792K, used 97767K [0x00000000eab00000, 0x00000000f4280000, 0x0000000100000000)
  eden space 79872K, 100% used [0x00000000eab00000,0x00000000ef900000,0x00000000ef900000)
  from space 17920K, 99% used [0x00000000f1780000,0x00000000f28f9dd0,0x00000000f2900000)
  to   space 31232K, 0% used [0x00000000ef900000,0x00000000ef900000,0x00000000f1780000)
 ParOldGen       total 262656K, used 229824K [0x00000000c0000000, 0x00000000d0080000, 0x00000000eab00000)
  object space 262656K, 87% used [0x00000000c0000000,0x00000000ce0700b8,0x00000000d0080000)
 Metaspace       used 74524K, committed 75968K, reserved 1179648K
  class space    used 7743K, committed 8384K, reserved 1048576K
}
Event: 11.350 GC heap after
{Heap after GC invocations=130 (full 9):
 PSYoungGen      total 94208K, used 14072K [0x00000000eab00000, 0x00000000f2500000, 0x0000000100000000)
  eden space 79872K, 0% used [0x00000000eab00000,0x00000000eab00000,0x00000000ef900000)
  from space 14336K, 98% used [0x00000000ef900000,0x00000000f06be148,0x00000000f0700000)
  to   space 19456K, 0% used [0x00000000f1200000,0x00000000f1200000,0x00000000f2500000)
 ParOldGen       total 262656K, used 238913K [0x00000000c0000000, 0x00000000d0080000, 0x00000000eab00000)
  object space 262656K, 90% used [0x00000000c0000000,0x00000000ce950580,0x00000000d0080000)
 Metaspace       used 74524K, committed 75968K, reserved 1179648K
  class space    used 7743K, committed 8384K, reserved 1048576K
}
Event: 11.419 GC heap before
{Heap before GC invocations=131 (full 9):
 PSYoungGen      total 94208K, used 93944K [0x00000000eab00000, 0x00000000f2500000, 0x0000000100000000)
  eden space 79872K, 100% used [0x00000000eab00000,0x00000000ef900000,0x00000000ef900000)
  from space 14336K, 98% used [0x00000000ef900000,0x00000000f06be148,0x00000000f0700000)
  to   space 19456K, 0% used [0x00000000f1200000,0x00000000f1200000,0x00000000f2500000)
 ParOldGen       total 262656K, used 238913K [0x00000000c0000000, 0x00000000d0080000, 0x00000000eab00000)
  object space 262656K, 90% used [0x00000000c0000000,0x00000000ce950580,0x00000000d0080000)
 Metaspace       used 74524K, committed 75968K, reserved 1179648K
  class space    used 7743K, committed 8384K, reserved 1048576K
}
Event: 11.427 GC heap after
{Heap after GC invocations=131 (full 9):
 PSYoungGen      total 105472K, used 18110K [0x00000000eab00000, 0x00000000f2500000, 0x0000000100000000)
  eden space 86016K, 0% used [0x00000000eab00000,0x00000000eab00000,0x00000000eff00000)
  from space 19456K, 93% used [0x00000000f1200000,0x00000000f23afa78,0x00000000f2500000)
  to   space 19456K, 0% used [0x00000000eff00000,0x00000000eff00000,0x00000000f1200000)
 ParOldGen       total 262656K, used 238913K [0x00000000c0000000, 0x00000000d0080000, 0x00000000eab00000)
  object space 262656K, 90% used [0x00000000c0000000,0x00000000ce950580,0x00000000d0080000)
 Metaspace       used 74524K, committed 75968K, reserved 1179648K
  class space    used 7743K, committed 8384K, reserved 1048576K
}
Event: 11.544 GC heap before
{Heap before GC invocations=132 (full 9):
 PSYoungGen      total 105472K, used 104126K [0x00000000eab00000, 0x00000000f2500000, 0x0000000100000000)
  eden space 86016K, 100% used [0x00000000eab00000,0x00000000eff00000,0x00000000eff00000)
  from space 19456K, 93% used [0x00000000f1200000,0x00000000f23afa78,0x00000000f2500000)
  to   space 19456K, 0% used [0x00000000eff00000,0x00000000eff00000,0x00000000f1200000)
 ParOldGen       total 262656K, used 238913K [0x00000000c0000000, 0x00000000d0080000, 0x00000000eab00000)
  object space 262656K, 90% used [0x00000000c0000000,0x00000000ce950580,0x00000000d0080000)
 Metaspace       used 74531K, committed 75968K, reserved 1179648K
  class space    used 7743K, committed 8384K, reserved 1048576K
}
Event: 11.554 GC heap after
{Heap after GC invocations=132 (full 9):
 PSYoungGen      total 105472K, used 19431K [0x00000000eab00000, 0x00000000f3980000, 0x0000000100000000)
  eden space 86016K, 0% used [0x00000000eab00000,0x00000000eab00000,0x00000000eff00000)
  from space 19456K, 99% used [0x00000000eff00000,0x00000000f11f9d78,0x00000000f1200000)
  to   space 26624K, 0% used [0x00000000f1f80000,0x00000000f1f80000,0x00000000f3980000)
 ParOldGen       total 262656K, used 244352K [0x00000000c0000000, 0x00000000d0080000, 0x00000000eab00000)
  object space 262656K, 93% used [0x00000000c0000000,0x00000000ceea0378,0x00000000d0080000)
 Metaspace       used 74531K, committed 75968K, reserved 1179648K
  class space    used 7743K, committed 8384K, reserved 1048576K
}
Event: 11.664 GC heap before
{Heap before GC invocations=133 (full 9):
 PSYoungGen      total 105472K, used 105447K [0x00000000eab00000, 0x00000000f3980000, 0x0000000100000000)
  eden space 86016K, 100% used [0x00000000eab00000,0x00000000eff00000,0x00000000eff00000)
  from space 19456K, 99% used [0x00000000eff00000,0x00000000f11f9d78,0x00000000f1200000)
  to   space 26624K, 0% used [0x00000000f1f80000,0x00000000f1f80000,0x00000000f3980000)
 ParOldGen       total 262656K, used 244352K [0x00000000c0000000, 0x00000000d0080000, 0x00000000eab00000)
  object space 262656K, 93% used [0x00000000c0000000,0x00000000ceea0378,0x00000000d0080000)
 Metaspace       used 74531K, committed 75968K, reserved 1179648K
  class space    used 7743K, committed 8384K, reserved 1048576K
}
Event: 11.674 GC heap after
{Heap after GC invocations=133 (full 9):
 PSYoungGen      total 105984K, used 13720K [0x00000000eab00000, 0x00000000f2d00000, 0x0000000100000000)
  eden space 92160K, 0% used [0x00000000eab00000,0x00000000eab00000,0x00000000f0500000)
  from space 13824K, 99% used [0x00000000f1f80000,0x00000000f2ce6048,0x00000000f2d00000)
  to   space 17920K, 0% used [0x00000000f0a00000,0x00000000f0a00000,0x00000000f1b80000)
 ParOldGen       total 262656K, used 255458K [0x00000000c0000000, 0x00000000d0080000, 0x00000000eab00000)
  object space 262656K, 97% used [0x00000000c0000000,0x00000000cf978890,0x00000000d0080000)
 Metaspace       used 74531K, committed 75968K, reserved 1179648K
  class space    used 7743K, committed 8384K, reserved 1048576K
}
Event: 11.674 GC heap before
{Heap before GC invocations=134 (full 10):
 PSYoungGen      total 105984K, used 13720K [0x00000000eab00000, 0x00000000f2d00000, 0x0000000100000000)
  eden space 92160K, 0% used [0x00000000eab00000,0x00000000eab00000,0x00000000f0500000)
  from space 13824K, 99% used [0x00000000f1f80000,0x00000000f2ce6048,0x00000000f2d00000)
  to   space 17920K, 0% used [0x00000000f0a00000,0x00000000f0a00000,0x00000000f1b80000)
 ParOldGen       total 262656K, used 255458K [0x00000000c0000000, 0x00000000d0080000, 0x00000000eab00000)
  object space 262656K, 97% used [0x00000000c0000000,0x00000000cf978890,0x00000000d0080000)
 Metaspace       used 74531K, committed 75968K, reserved 1179648K
  class space    used 7743K, committed 8384K, reserved 1048576K
}
Event: 11.850 GC heap after
{Heap after GC invocations=134 (full 10):
 PSYoungGen      total 115200K, used 0K [0x00000000eab00000, 0x00000000f2f00000, 0x0000000100000000)
  eden space 97280K, 0% used [0x00000000eab00000,0x00000000eab00000,0x00000000f0a00000)
  from space 17920K, 0% used [0x00000000f0a00000,0x00000000f0a00000,0x00000000f1b80000)
  to   space 17920K, 0% used [0x00000000f1d80000,0x00000000f1d80000,0x00000000f2f00000)
 ParOldGen       total 345600K, used 250496K [0x00000000c0000000, 0x00000000d5180000, 0x00000000eab00000)
  object space 345600K, 72% used [0x00000000c0000000,0x00000000cf4a0388,0x00000000d5180000)
 Metaspace       used 74529K, committed 75968K, reserved 1179648K
  class space    used 7743K, committed 8384K, reserved 1048576K
}
Event: 11.970 GC heap before
{Heap before GC invocations=135 (full 10):
 PSYoungGen      total 115200K, used 97280K [0x00000000eab00000, 0x00000000f2f00000, 0x0000000100000000)
  eden space 97280K, 100% used [0x00000000eab00000,0x00000000f0a00000,0x00000000f0a00000)
  from space 17920K, 0% used [0x00000000f0a00000,0x00000000f0a00000,0x00000000f1b80000)
  to   space 17920K, 0% used [0x00000000f1d80000,0x00000000f1d80000,0x00000000f2f00000)
 ParOldGen       total 345600K, used 250496K [0x00000000c0000000, 0x00000000d5180000, 0x00000000eab00000)
  object space 345600K, 72% used [0x00000000c0000000,0x00000000cf4a0388,0x00000000d5180000)
 Metaspace       used 74602K, committed 76032K, reserved 1179648K
  class space    used 7746K, committed 8384K, reserved 1048576K
}
Event: 11.976 GC heap after
{Heap after GC invocations=135 (full 10):
 PSYoungGen      total 117760K, used 12429K [0x00000000eab00000, 0x00000000f2b80000, 0x0000000100000000)
  eden space 103424K, 0% used [0x00000000eab00000,0x00000000eab00000,0x00000000f1000000)
  from space 14336K, 86% used [0x00000000f1d80000,0x00000000f29a36c8,0x00000000f2b80000)
  to   space 13824K, 0% used [0x00000000f1000000,0x00000000f1000000,0x00000000f1d80000)
 ParOldGen       total 345600K, used 250504K [0x00000000c0000000, 0x00000000d5180000, 0x00000000eab00000)
  object space 345600K, 72% used [0x00000000c0000000,0x00000000cf4a2388,0x00000000d5180000)
 Metaspace       used 74602K, committed 76032K, reserved 1179648K
  class space    used 7746K, committed 8384K, reserved 1048576K
}
Event: 12.124 GC heap before
{Heap before GC invocations=136 (full 10):
 PSYoungGen      total 117760K, used 115853K [0x00000000eab00000, 0x00000000f2b80000, 0x0000000100000000)
  eden space 103424K, 100% used [0x00000000eab00000,0x00000000f1000000,0x00000000f1000000)
  from space 14336K, 86% used [0x00000000f1d80000,0x00000000f29a36c8,0x00000000f2b80000)
  to   space 13824K, 0% used [0x00000000f1000000,0x00000000f1000000,0x00000000f1d80000)
 ParOldGen       total 345600K, used 250504K [0x00000000c0000000, 0x00000000d5180000, 0x00000000eab00000)
  object space 345600K, 72% used [0x00000000c0000000,0x00000000cf4a2388,0x00000000d5180000)
 Metaspace       used 74606K, committed 76032K, reserved 1179648K
  class space    used 7746K, committed 8384K, reserved 1048576K
}
Event: 12.132 GC heap after
{Heap after GC invocations=136 (full 10):
 PSYoungGen      total 117248K, used 13809K [0x00000000eab00000, 0x00000000f2b80000, 0x0000000100000000)
  eden space 103424K, 0% used [0x00000000eab00000,0x00000000eab00000,0x00000000f1000000)
  from space 13824K, 99% used [0x00000000f1000000,0x00000000f1d7c778,0x00000000f1d80000)
  to   space 14336K, 0% used [0x00000000f1d80000,0x00000000f1d80000,0x00000000f2b80000)
 ParOldGen       total 345600K, used 259668K [0x00000000c0000000, 0x00000000d5180000, 0x00000000eab00000)
  object space 345600K, 75% used [0x00000000c0000000,0x00000000cfd95130,0x00000000d5180000)
 Metaspace       used 74606K, committed 76032K, reserved 1179648K
  class space    used 7746K, committed 8384K, reserved 1048576K
}
Event: 12.319 GC heap before
{Heap before GC invocations=137 (full 10):
 PSYoungGen      total 117248K, used 117233K [0x00000000eab00000, 0x00000000f2b80000, 0x0000000100000000)
  eden space 103424K, 100% used [0x00000000eab00000,0x00000000f1000000,0x00000000f1000000)
  from space 13824K, 99% used [0x00000000f1000000,0x00000000f1d7c778,0x00000000f1d80000)
  to   space 14336K, 0% used [0x00000000f1d80000,0x00000000f1d80000,0x00000000f2b80000)
 ParOldGen       total 345600K, used 259668K [0x00000000c0000000, 0x00000000d5180000, 0x00000000eab00000)
  object space 345600K, 75% used [0x00000000c0000000,0x00000000cfd95130,0x00000000d5180000)
 Metaspace       used 74675K, committed 76096K, reserved 1179648K
  class space    used 7750K, committed 8384K, reserved 1048576K
}
Event: 12.335 GC heap after
{Heap after GC invocations=137 (full 10):
 PSYoungGen      total 117760K, used 14325K [0x00000000eab00000, 0x00000000f2b80000, 0x0000000100000000)
  eden space 103424K, 0% used [0x00000000eab00000,0x00000000eab00000,0x00000000f1000000)
  from space 14336K, 99% used [0x00000000f1d80000,0x00000000f2b7d418,0x00000000f2b80000)
  to   space 13824K, 0% used [0x00000000f1000000,0x00000000f1000000,0x00000000f1d80000)
 ParOldGen       total 345600K, used 273909K [0x00000000c0000000, 0x00000000d5180000, 0x00000000eab00000)
  object space 345600K, 79% used [0x00000000c0000000,0x00000000d0b7d510,0x00000000d5180000)
 Metaspace       used 74675K, committed 76096K, reserved 1179648K
  class space    used 7750K, committed 8384K, reserved 1048576K
}

