# JRE version: OpenJDK Runtime Environment Temurin-17.0.12+7 (17.0.12+7) (build 17.0.12+7)
# Java VM: OpenJDK 64-Bit Server VM Temurin-17.0.12+7 (17.0.12+7, mixed mode, tiered, compressed oops, compressed class ptrs, parallel gc, windows-amd64)
GC Precious Log:
 CPUs: 8 total, 8 available
 Memory: 7969M
 Large Page Support: Disabled
 NUMA Support: Disabled
 Compressed Oops: Enabled (32-bit)
 Alignments: Space 512K, Generation 512K, Heap 2M
 Heap Min Capacity: 100M
 Heap Initial Capacity: 100M
 Heap Max Capacity: 1G
 Pre-touch: Disabled
 Parallel Workers: 8
Heap:
 PSYoungGen      total 38912K, used 24912K [0x00000000eab00000, 0x00000000ed400000, 0x0000000100000000)
  eden space 38400K, 63% used [0x00000000eab00000,0x00000000ec2dc0d0,0x00000000ed080000)
  from space 512K, 93% used [0x00000000ed380000,0x00000000ed3f8020,0x00000000ed400000)
  to   space 512K, 0% used [0x00000000ed300000,0x00000000ed300000,0x00000000ed380000)
 ParOldGen       total 390656K, used 286930K [0x00000000c0000000, 0x00000000d7d80000, 0x00000000eab00000)
  object space 390656K, 73% used [0x00000000c0000000,0x00000000d1834b78,0x00000000d7d80000)
 Metaspace       used 79627K, committed 81152K, reserved 1179648K
  class space    used 8034K, committed 8704K, reserved 1048576K
GC Heap History (20 events):
Event: 16.461 GC heap before
{Heap before GC invocations=223 (full 10):
 PSYoungGen      total 45568K, used 39936K [0x00000000eab00000, 0x00000000edd00000, 0x0000000100000000)
  eden space 39936K, 100% used [0x00000000eab00000,0x00000000ed200000,0x00000000ed200000)
  from space 5632K, 0% used [0x00000000ed780000,0x00000000ed780000,0x00000000edd00000)
  to   space 5632K, 0% used [0x00000000ed200000,0x00000000ed200000,0x00000000ed780000)
 ParOldGen       total 390656K, used 276247K [0x00000000c0000000, 0x00000000d7d80000, 0x00000000eab00000)
  object space 390656K, 70% used [0x00000000c0000000,0x00000000d0dc5f60,0x00000000d7d80000)
 Metaspace       used 78291K, committed 79744K, reserved 1179648K
  class space    used 7927K, committed 8512K, reserved 1048576K
}
Event: 16.464 GC heap after
{Heap after GC invocations=223 (full 10):
 PSYoungGen      total 45056K, used 5620K [0x00000000eab00000, 0x00000000edd80000, 0x0000000100000000)
  eden space 39424K, 0% used [0x00000000eab00000,0x00000000eab00000,0x00000000ed180000)
  from space 5632K, 99% used [0x00000000ed200000,0x00000000ed77d270,0x00000000ed780000)
  to   space 6144K, 0% used [0x00000000ed780000,0x00000000ed780000,0x00000000edd80000)
 ParOldGen       total 390656K, used 276300K [0x00000000c0000000, 0x00000000d7d80000, 0x00000000eab00000)
  object space 390656K, 70% used [0x00000000c0000000,0x00000000d0dd3160,0x00000000d7d80000)
 Metaspace       used 78291K, committed 79744K, reserved 1179648K
  class space    used 7927K, committed 8512K, reserved 1048576K
}
Event: 16.521 GC heap before
{Heap before GC invocations=224 (full 10):
 PSYoungGen      total 45056K, used 45044K [0x00000000eab00000, 0x00000000edd80000, 0x0000000100000000)
  eden space 39424K, 100% used [0x00000000eab00000,0x00000000ed180000,0x00000000ed180000)
  from space 5632K, 99% used [0x00000000ed200000,0x00000000ed77d270,0x00000000ed780000)
  to   space 6144K, 0% used [0x00000000ed780000,0x00000000ed780000,0x00000000edd80000)
 ParOldGen       total 390656K, used 276300K [0x00000000c0000000, 0x00000000d7d80000, 0x00000000eab00000)
  object space 390656K, 70% used [0x00000000c0000000,0x00000000d0dd3160,0x00000000d7d80000)
 Metaspace       used 78355K, committed 79808K, reserved 1179648K
  class space    used 7930K, committed 8512K, reserved 1048576K
}
Event: 16.525 GC heap after
{Heap after GC invocations=224 (full 10):
 PSYoungGen      total 45056K, used 5879K [0x00000000eab00000, 0x00000000edd80000, 0x0000000100000000)
  eden space 38912K, 0% used [0x00000000eab00000,0x00000000eab00000,0x00000000ed100000)
  from space 6144K, 95% used [0x00000000ed780000,0x00000000edd3dd28,0x00000000edd80000)
  to   space 6144K, 0% used [0x00000000ed180000,0x00000000ed180000,0x00000000ed780000)
 ParOldGen       total 390656K, used 279469K [0x00000000c0000000, 0x00000000d7d80000, 0x00000000eab00000)
  object space 390656K, 71% used [0x00000000c0000000,0x00000000d10eb5f8,0x00000000d7d80000)
 Metaspace       used 78355K, committed 79808K, reserved 1179648K
  class space    used 7930K, committed 8512K, reserved 1048576K
}
Event: 16.649 GC heap before
{Heap before GC invocations=225 (full 10):
 PSYoungGen      total 45056K, used 44791K [0x00000000eab00000, 0x00000000edd80000, 0x0000000100000000)
  eden space 38912K, 100% used [0x00000000eab00000,0x00000000ed100000,0x00000000ed100000)
  from space 6144K, 95% used [0x00000000ed780000,0x00000000edd3dd28,0x00000000edd80000)
  to   space 6144K, 0% used [0x00000000ed180000,0x00000000ed180000,0x00000000ed780000)
 ParOldGen       total 390656K, used 279469K [0x00000000c0000000, 0x00000000d7d80000, 0x00000000eab00000)
  object space 390656K, 71% used [0x00000000c0000000,0x00000000d10eb5f8,0x00000000d7d80000)
 Metaspace       used 79039K, committed 80576K, reserved 1179648K
  class space    used 7994K, committed 8640K, reserved 1048576K
}
Event: 16.652 GC heap after
{Heap after GC invocations=225 (full 10):
 PSYoungGen      total 39424K, used 852K [0x00000000eab00000, 0x00000000ed800000, 0x0000000100000000)
  eden space 38400K, 0% used [0x00000000eab00000,0x00000000eab00000,0x00000000ed080000)
  from space 1024K, 83% used [0x00000000ed180000,0x00000000ed255200,0x00000000ed280000)
  to   space 3072K, 0% used [0x00000000ed500000,0x00000000ed500000,0x00000000ed800000)
 ParOldGen       total 390656K, used 283820K [0x00000000c0000000, 0x00000000d7d80000, 0x00000000eab00000)
  object space 390656K, 72% used [0x00000000c0000000,0x00000000d152b2e8,0x00000000d7d80000)
 Metaspace       used 79039K, committed 80576K, reserved 1179648K
  class space    used 7994K, committed 8640K, reserved 1048576K
}
Event: 16.827 GC heap before
{Heap before GC invocations=226 (full 10):
 PSYoungGen      total 39424K, used 39252K [0x00000000eab00000, 0x00000000ed800000, 0x0000000100000000)
  eden space 38400K, 100% used [0x00000000eab00000,0x00000000ed080000,0x00000000ed080000)
  from space 1024K, 83% used [0x00000000ed180000,0x00000000ed255200,0x00000000ed280000)
  to   space 3072K, 0% used [0x00000000ed500000,0x00000000ed500000,0x00000000ed800000)
 ParOldGen       total 390656K, used 283820K [0x00000000c0000000, 0x00000000d7d80000, 0x00000000eab00000)
  object space 390656K, 72% used [0x00000000c0000000,0x00000000d152b2e8,0x00000000d7d80000)
 Metaspace       used 79254K, committed 80704K, reserved 1179648K
  class space    used 8008K, committed 8640K, reserved 1048576K
}
Event: 16.830 GC heap after
{Heap after GC invocations=226 (full 10):
 PSYoungGen      total 41472K, used 2816K [0x00000000eab00000, 0x00000000ed800000, 0x0000000100000000)
  eden space 38400K, 0% used [0x00000000eab00000,0x00000000eab00000,0x00000000ed080000)
  from space 3072K, 91% used [0x00000000ed500000,0x00000000ed7c0018,0x00000000ed800000)
  to   space 3584K, 0% used [0x00000000ed100000,0x00000000ed100000,0x00000000ed480000)
 ParOldGen       total 390656K, used 284153K [0x00000000c0000000, 0x00000000d7d80000, 0x00000000eab00000)
  object space 390656K, 72% used [0x00000000c0000000,0x00000000d157e560,0x00000000d7d80000)
 Metaspace       used 79254K, committed 80704K, reserved 1179648K
  class space    used 8008K, committed 8640K, reserved 1048576K
}
Event: 16.935 GC heap before
{Heap before GC invocations=227 (full 10):
 PSYoungGen      total 41472K, used 41216K [0x00000000eab00000, 0x00000000ed800000, 0x0000000100000000)
  eden space 38400K, 100% used [0x00000000eab00000,0x00000000ed080000,0x00000000ed080000)
  from space 3072K, 91% used [0x00000000ed500000,0x00000000ed7c0018,0x00000000ed800000)
  to   space 3584K, 0% used [0x00000000ed100000,0x00000000ed100000,0x00000000ed480000)
 ParOldGen       total 390656K, used 284153K [0x00000000c0000000, 0x00000000d7d80000, 0x00000000eab00000)
  object space 390656K, 72% used [0x00000000c0000000,0x00000000d157e560,0x00000000d7d80000)
 Metaspace       used 79259K, committed 80768K, reserved 1179648K
  class space    used 8008K, committed 8640K, reserved 1048576K
}
Event: 16.937 GC heap after
{Heap after GC invocations=227 (full 10):
 PSYoungGen      total 38912K, used 400K [0x00000000eab00000, 0x00000000ed580000, 0x0000000100000000)
  eden space 38400K, 0% used [0x00000000eab00000,0x00000000eab00000,0x00000000ed080000)
  from space 512K, 78% used [0x00000000ed100000,0x00000000ed164030,0x00000000ed180000)
  to   space 1536K, 0% used [0x00000000ed400000,0x00000000ed400000,0x00000000ed580000)
 ParOldGen       total 390656K, used 286818K [0x00000000c0000000, 0x00000000d7d80000, 0x00000000eab00000)
  object space 390656K, 73% used [0x00000000c0000000,0x00000000d1818b78,0x00000000d7d80000)
 Metaspace       used 79259K, committed 80768K, reserved 1179648K
  class space    used 8008K, committed 8640K, reserved 1048576K
}
Event: 17.151 GC heap before
{Heap before GC invocations=228 (full 10):
 PSYoungGen      total 38912K, used 38729K [0x00000000eab00000, 0x00000000ed580000, 0x0000000100000000)
  eden space 38400K, 99% used [0x00000000eab00000,0x00000000ed06e468,0x00000000ed080000)
  from space 512K, 78% used [0x00000000ed100000,0x00000000ed164030,0x00000000ed180000)
  to   space 1536K, 0% used [0x00000000ed400000,0x00000000ed400000,0x00000000ed580000)
 ParOldGen       total 390656K, used 286818K [0x00000000c0000000, 0x00000000d7d80000, 0x00000000eab00000)
  object space 390656K, 73% used [0x00000000c0000000,0x00000000d1818b78,0x00000000d7d80000)
 Metaspace       used 79259K, committed 80768K, reserved 1179648K
  class space    used 8008K, committed 8640K, reserved 1048576K
}
Event: 17.152 GC heap after
{Heap after GC invocations=228 (full 10):
 PSYoungGen      total 39424K, used 989K [0x00000000eab00000, 0x00000000ed500000, 0x0000000100000000)
  eden space 38400K, 0% used [0x00000000eab00000,0x00000000eab00000,0x00000000ed080000)
  from space 1024K, 96% used [0x00000000ed400000,0x00000000ed4f7798,0x00000000ed500000)
  to   space 1536K, 0% used [0x00000000ed200000,0x00000000ed200000,0x00000000ed380000)
 ParOldGen       total 390656K, used 286818K [0x00000000c0000000, 0x00000000d7d80000, 0x00000000eab00000)
  object space 390656K, 73% used [0x00000000c0000000,0x00000000d1818b78,0x00000000d7d80000)
 Metaspace       used 79259K, committed 80768K, reserved 1179648K
  class space    used 8008K, committed 8640K, reserved 1048576K
}
Event: 17.410 GC heap before
{Heap before GC invocations=229 (full 10):
 PSYoungGen      total 39424K, used 39389K [0x00000000eab00000, 0x00000000ed500000, 0x0000000100000000)
  eden space 38400K, 100% used [0x00000000eab00000,0x00000000ed080000,0x00000000ed080000)
  from space 1024K, 96% used [0x00000000ed400000,0x00000000ed4f7798,0x00000000ed500000)
  to   space 1536K, 0% used [0x00000000ed200000,0x00000000ed200000,0x00000000ed380000)
 ParOldGen       total 390656K, used 286818K [0x00000000c0000000, 0x00000000d7d80000, 0x00000000eab00000)
  object space 390656K, 73% used [0x00000000c0000000,0x00000000d1818b78,0x00000000d7d80000)
 Metaspace       used 79276K, committed 80768K, reserved 1179648K
  class space    used 8010K, committed 8640K, reserved 1048576K
}
Event: 17.412 GC heap after
{Heap after GC invocations=229 (full 10):
 PSYoungGen      total 39936K, used 568K [0x00000000eab00000, 0x00000000ed480000, 0x0000000100000000)
  eden space 38400K, 0% used [0x00000000eab00000,0x00000000eab00000,0x00000000ed080000)
  from space 1536K, 36% used [0x00000000ed200000,0x00000000ed28e140,0x00000000ed380000)
  to   space 1024K, 0% used [0x00000000ed380000,0x00000000ed380000,0x00000000ed480000)
 ParOldGen       total 390656K, used 286826K [0x00000000c0000000, 0x00000000d7d80000, 0x00000000eab00000)
  object space 390656K, 73% used [0x00000000c0000000,0x00000000d181ab78,0x00000000d7d80000)
 Metaspace       used 79276K, committed 80768K, reserved 1179648K
  class space    used 8010K, committed 8640K, reserved 1048576K
}
Event: 17.670 GC heap before
{Heap before GC invocations=230 (full 10):
 PSYoungGen      total 39936K, used 38968K [0x00000000eab00000, 0x00000000ed480000, 0x0000000100000000)
  eden space 38400K, 100% used [0x00000000eab00000,0x00000000ed080000,0x00000000ed080000)
  from space 1536K, 36% used [0x00000000ed200000,0x00000000ed28e140,0x00000000ed380000)
  to   space 1024K, 0% used [0x00000000ed380000,0x00000000ed380000,0x00000000ed480000)
 ParOldGen       total 390656K, used 286826K [0x00000000c0000000, 0x00000000d7d80000, 0x00000000eab00000)
  object space 390656K, 73% used [0x00000000c0000000,0x00000000d181ab78,0x00000000d7d80000)
 Metaspace       used 79281K, committed 80768K, reserved 1179648K
  class space    used 8010K, committed 8640K, reserved 1048576K
}
Event: 17.671 GC heap after
{Heap after GC invocations=230 (full 10):
 PSYoungGen      total 38912K, used 416K [0x00000000eab00000, 0x00000000ed400000, 0x0000000100000000)
  eden space 38400K, 0% used [0x00000000eab00000,0x00000000eab00000,0x00000000ed080000)
  from space 512K, 81% used [0x00000000ed380000,0x00000000ed3e8000,0x00000000ed400000)
  to   space 512K, 0% used [0x00000000ed300000,0x00000000ed300000,0x00000000ed380000)
 ParOldGen       total 390656K, used 286826K [0x00000000c0000000, 0x00000000d7d80000, 0x00000000eab00000)
  object space 390656K, 73% used [0x00000000c0000000,0x00000000d181ab78,0x00000000d7d80000)
 Metaspace       used 79281K, committed 80768K, reserved 1179648K
  class space    used 8010K, committed 8640K, reserved 1048576K
}
Event: 17.918 GC heap before
{Heap before GC invocations=231 (full 10):
 PSYoungGen      total 38912K, used 38816K [0x00000000eab00000, 0x00000000ed400000, 0x0000000100000000)
  eden space 38400K, 100% used [0x00000000eab00000,0x00000000ed080000,0x00000000ed080000)
  from space 512K, 81% used [0x00000000ed380000,0x00000000ed3e8000,0x00000000ed400000)
  to   space 512K, 0% used [0x00000000ed300000,0x00000000ed300000,0x00000000ed380000)
 ParOldGen       total 390656K, used 286826K [0x00000000c0000000, 0x00000000d7d80000, 0x00000000eab00000)
  object space 390656K, 73% used [0x00000000c0000000,0x00000000d181ab78,0x00000000d7d80000)
 Metaspace       used 79311K, committed 80768K, reserved 1179648K
  class space    used 8014K, committed 8640K, reserved 1048576K
}
Event: 17.919 GC heap after
{Heap after GC invocations=231 (full 10):
 PSYoungGen      total 38912K, used 480K [0x00000000eab00000, 0x00000000ed400000, 0x0000000100000000)
  eden space 38400K, 0% used [0x00000000eab00000,0x00000000eab00000,0x00000000ed080000)
  from space 512K, 93% used [0x00000000ed300000,0x00000000ed378020,0x00000000ed380000)
  to   space 512K, 0% used [0x00000000ed380000,0x00000000ed380000,0x00000000ed400000)
 ParOldGen       total 390656K, used 286842K [0x00000000c0000000, 0x00000000d7d80000, 0x00000000eab00000)
  object space 390656K, 73% used [0x00000000c0000000,0x00000000d181eb78,0x00000000d7d80000)
 Metaspace       used 79311K, committed 80768K, reserved 1179648K
  class space    used 8014K, committed 8640K, reserved 1048576K
}
Event: 18.171 GC heap before
{Heap before GC invocations=232 (full 10):
 PSYoungGen      total 38912K, used 38880K [0x00000000eab00000, 0x00000000ed400000, 0x0000000100000000)
  eden space 38400K, 100% used [0x00000000eab00000,0x00000000ed080000,0x00000000ed080000)
  from space 512K, 93% used [0x00000000ed300000,0x00000000ed378020,0x00000000ed380000)
  to   space 512K, 0% used [0x00000000ed380000,0x00000000ed380000,0x00000000ed400000)
 ParOldGen       total 390656K, used 286842K [0x00000000c0000000, 0x00000000d7d80000, 0x00000000eab00000)
  object space 390656K, 73% used [0x00000000c0000000,0x00000000d181eb78,0x00000000d7d80000)
 Metaspace       used 79312K, committed 80768K, reserved 1179648K
  class space    used 8014K, committed 8640K, reserved 1048576K
}
Event: 18.172 GC heap after
{Heap after GC invocations=232 (full 10):
 PSYoungGen      total 38912K, used 480K [0x00000000eab00000, 0x00000000ed400000, 0x0000000100000000)
  eden space 38400K, 0% used [0x00000000eab00000,0x00000000eab00000,0x00000000ed080000)
  from space 512K, 93% used [0x00000000ed380000,0x00000000ed3f8020,0x00000000ed400000)
  to   space 512K, 0% used [0x00000000ed300000,0x00000000ed300000,0x00000000ed380000)
 ParOldGen       total 390656K, used 286930K [0x00000000c0000000, 0x00000000d7d80000, 0x00000000eab00000)
  object space 390656K, 73% used [0x00000000c0000000,0x00000000d1834b78,0x00000000d7d80000)
 Metaspace       used 79312K, committed 80768K, reserved 1179648K
  class space    used 8014K, committed 8640K, reserved 1048576K
}

