# JRE version: OpenJDK Runtime Environment Temurin-17.0.12+7 (17.0.12+7) (build 17.0.12+7)
# Java VM: OpenJDK 64-Bit Server VM Temurin-17.0.12+7 (17.0.12+7, mixed mode, tiered, compressed oops, compressed class ptrs, parallel gc, windows-amd64)
GC Precious Log:
 CPUs: 8 total, 8 available
 Memory: 7969M
 Large Page Support: Disabled
 NUMA Support: Disabled
 Compressed Oops: Enabled (32-bit)
 Alignments: Space 512K, Generation 512K, Heap 2M
 Heap Min Capacity: 100M
 Heap Initial Capacity: 100M
 Heap Max Capacity: 1G
 Pre-touch: Disabled
 Parallel Workers: 8
Heap:
 PSYoungGen      total 16384K, used 11103K [0x00000000eab00000, 0x00000000ebd00000, 0x0000000100000000)
  eden space 14336K, 64% used [0x00000000eab00000,0x00000000eb3fd188,0x00000000eb900000)
  from space 2048K, 92% used [0x00000000ebb00000,0x00000000ebcdab38,0x00000000ebd00000)
  to   space 2048K, 0% used [0x00000000eb900000,0x00000000eb900000,0x00000000ebb00000)
 ParOldGen       total 68608K, used 57687K [0x00000000c0000000, 0x00000000c4300000, 0x00000000eab00000)
  object space 68608K, 84% used [0x00000000c0000000,0x00000000c3855e08,0x00000000c4300000)
 Metaspace       used 61974K, committed 63104K, reserved 1114112K
  class space    used 6595K, committed 7104K, reserved 1048576K
GC Heap History (20 events):
Event: 6.401 GC heap before
{Heap before GC invocations=40 (full 3):
 PSYoungGen      total 16384K, used 16352K [0x00000000eab00000, 0x00000000ec380000, 0x0000000100000000)
  eden space 14336K, 100% used [0x00000000eab00000,0x00000000eb900000,0x00000000eb900000)
  from space 2048K, 98% used [0x00000000ebd80000,0x00000000ebf78020,0x00000000ebf80000)
  to   space 4608K, 0% used [0x00000000eb900000,0x00000000eb900000,0x00000000ebd80000)
 ParOldGen       total 68608K, used 45575K [0x00000000c0000000, 0x00000000c4300000, 0x00000000eab00000)
  object space 68608K, 66% used [0x00000000c0000000,0x00000000c2c81cc0,0x00000000c4300000)
 Metaspace       used 60456K, committed 61568K, reserved 1114112K
  class space    used 6498K, committed 6976K, reserved 1048576K
}
Event: 6.403 GC heap after
{Heap after GC invocations=40 (full 3):
 PSYoungGen      total 16384K, used 1640K [0x00000000eab00000, 0x00000000ebf00000, 0x0000000100000000)
  eden space 14336K, 0% used [0x00000000eab00000,0x00000000eab00000,0x00000000eb900000)
  from space 2048K, 80% used [0x00000000eb900000,0x00000000eba9a2c8,0x00000000ebb00000)
  to   space 3072K, 0% used [0x00000000ebc00000,0x00000000ebc00000,0x00000000ebf00000)
 ParOldGen       total 68608K, used 47165K [0x00000000c0000000, 0x00000000c4300000, 0x00000000eab00000)
  object space 68608K, 68% used [0x00000000c0000000,0x00000000c2e0f718,0x00000000c4300000)
 Metaspace       used 60456K, committed 61568K, reserved 1114112K
  class space    used 6498K, committed 6976K, reserved 1048576K
}
Event: 6.463 GC heap before
{Heap before GC invocations=41 (full 3):
 PSYoungGen      total 16384K, used 15976K [0x00000000eab00000, 0x00000000ebf00000, 0x0000000100000000)
  eden space 14336K, 100% used [0x00000000eab00000,0x00000000eb900000,0x00000000eb900000)
  from space 2048K, 80% used [0x00000000eb900000,0x00000000eba9a2c8,0x00000000ebb00000)
  to   space 3072K, 0% used [0x00000000ebc00000,0x00000000ebc00000,0x00000000ebf00000)
 ParOldGen       total 68608K, used 47165K [0x00000000c0000000, 0x00000000c4300000, 0x00000000eab00000)
  object space 68608K, 68% used [0x00000000c0000000,0x00000000c2e0f718,0x00000000c4300000)
 Metaspace       used 60678K, committed 61760K, reserved 1114112K
  class space    used 6505K, committed 6976K, reserved 1048576K
}
Event: 6.465 GC heap after
{Heap after GC invocations=41 (full 3):
 PSYoungGen      total 16896K, used 2283K [0x00000000eab00000, 0x00000000ebe80000, 0x0000000100000000)
  eden space 14336K, 0% used [0x00000000eab00000,0x00000000eab00000,0x00000000eb900000)
  from space 2560K, 89% used [0x00000000ebc00000,0x00000000ebe3ac80,0x00000000ebe80000)
  to   space 2560K, 0% used [0x00000000eb980000,0x00000000eb980000,0x00000000ebc00000)
 ParOldGen       total 68608K, used 48623K [0x00000000c0000000, 0x00000000c4300000, 0x00000000eab00000)
  object space 68608K, 70% used [0x00000000c0000000,0x00000000c2f7bc28,0x00000000c4300000)
 Metaspace       used 60678K, committed 61760K, reserved 1114112K
  class space    used 6505K, committed 6976K, reserved 1048576K
}
Event: 6.532 GC heap before
{Heap before GC invocations=42 (full 3):
 PSYoungGen      total 16896K, used 16619K [0x00000000eab00000, 0x00000000ebe80000, 0x0000000100000000)
  eden space 14336K, 100% used [0x00000000eab00000,0x00000000eb900000,0x00000000eb900000)
  from space 2560K, 89% used [0x00000000ebc00000,0x00000000ebe3ac80,0x00000000ebe80000)
  to   space 2560K, 0% used [0x00000000eb980000,0x00000000eb980000,0x00000000ebc00000)
 ParOldGen       total 68608K, used 48623K [0x00000000c0000000, 0x00000000c4300000, 0x00000000eab00000)
  object space 68608K, 70% used [0x00000000c0000000,0x00000000c2f7bc28,0x00000000c4300000)
 Metaspace       used 60880K, committed 62016K, reserved 1114112K
  class space    used 6518K, committed 7040K, reserved 1048576K
}
Event: 6.535 GC heap after
{Heap after GC invocations=42 (full 3):
 PSYoungGen      total 15872K, used 1379K [0x00000000eab00000, 0x00000000ebd00000, 0x0000000100000000)
  eden space 14336K, 0% used [0x00000000eab00000,0x00000000eab00000,0x00000000eb900000)
  from space 1536K, 89% used [0x00000000eb980000,0x00000000ebad8fe0,0x00000000ebb00000)
  to   space 2048K, 0% used [0x00000000ebb00000,0x00000000ebb00000,0x00000000ebd00000)
 ParOldGen       total 68608K, used 50745K [0x00000000c0000000, 0x00000000c4300000, 0x00000000eab00000)
  object space 68608K, 73% used [0x00000000c0000000,0x00000000c318e7f8,0x00000000c4300000)
 Metaspace       used 60880K, committed 62016K, reserved 1114112K
  class space    used 6518K, committed 7040K, reserved 1048576K
}
Event: 6.631 GC heap before
{Heap before GC invocations=43 (full 3):
 PSYoungGen      total 15872K, used 15715K [0x00000000eab00000, 0x00000000ebd00000, 0x0000000100000000)
  eden space 14336K, 100% used [0x00000000eab00000,0x00000000eb900000,0x00000000eb900000)
  from space 1536K, 89% used [0x00000000eb980000,0x00000000ebad8fe0,0x00000000ebb00000)
  to   space 2048K, 0% used [0x00000000ebb00000,0x00000000ebb00000,0x00000000ebd00000)
 ParOldGen       total 68608K, used 50745K [0x00000000c0000000, 0x00000000c4300000, 0x00000000eab00000)
  object space 68608K, 73% used [0x00000000c0000000,0x00000000c318e7f8,0x00000000c4300000)
 Metaspace       used 61038K, committed 62208K, reserved 1114112K
  class space    used 6521K, committed 7040K, reserved 1048576K
}
Event: 6.634 GC heap after
{Heap after GC invocations=43 (full 3):
 PSYoungGen      total 15360K, used 800K [0x00000000eab00000, 0x00000000ebc00000, 0x0000000100000000)
  eden space 14336K, 0% used [0x00000000eab00000,0x00000000eab00000,0x00000000eb900000)
  from space 1024K, 78% used [0x00000000ebb00000,0x00000000ebbc8000,0x00000000ebc00000)
  to   space 1536K, 0% used [0x00000000eb900000,0x00000000eb900000,0x00000000eba80000)
 ParOldGen       total 68608K, used 51871K [0x00000000c0000000, 0x00000000c4300000, 0x00000000eab00000)
  object space 68608K, 75% used [0x00000000c0000000,0x00000000c32a7ca0,0x00000000c4300000)
 Metaspace       used 61038K, committed 62208K, reserved 1114112K
  class space    used 6521K, committed 7040K, reserved 1048576K
}
Event: 6.752 GC heap before
{Heap before GC invocations=44 (full 3):
 PSYoungGen      total 15360K, used 15136K [0x00000000eab00000, 0x00000000ebc00000, 0x0000000100000000)
  eden space 14336K, 100% used [0x00000000eab00000,0x00000000eb900000,0x00000000eb900000)
  from space 1024K, 78% used [0x00000000ebb00000,0x00000000ebbc8000,0x00000000ebc00000)
  to   space 1536K, 0% used [0x00000000eb900000,0x00000000eb900000,0x00000000eba80000)
 ParOldGen       total 68608K, used 51871K [0x00000000c0000000, 0x00000000c4300000, 0x00000000eab00000)
  object space 68608K, 75% used [0x00000000c0000000,0x00000000c32a7ca0,0x00000000c4300000)
 Metaspace       used 61180K, committed 62336K, reserved 1114112K
  class space    used 6531K, committed 7040K, reserved 1048576K
}
Event: 6.755 GC heap after
{Heap after GC invocations=44 (full 3):
 PSYoungGen      total 15872K, used 1504K [0x00000000eab00000, 0x00000000ebf00000, 0x0000000100000000)
  eden space 14336K, 0% used [0x00000000eab00000,0x00000000eab00000,0x00000000eb900000)
  from space 1536K, 97% used [0x00000000eb900000,0x00000000eba78020,0x00000000eba80000)
  to   space 3072K, 0% used [0x00000000ebc00000,0x00000000ebc00000,0x00000000ebf00000)
 ParOldGen       total 68608K, used 52749K [0x00000000c0000000, 0x00000000c4300000, 0x00000000eab00000)
  object space 68608K, 76% used [0x00000000c0000000,0x00000000c33834d0,0x00000000c4300000)
 Metaspace       used 61180K, committed 62336K, reserved 1114112K
  class space    used 6531K, committed 7040K, reserved 1048576K
}
Event: 6.830 GC heap before
{Heap before GC invocations=45 (full 3):
 PSYoungGen      total 15872K, used 15840K [0x00000000eab00000, 0x00000000ebf00000, 0x0000000100000000)
  eden space 14336K, 100% used [0x00000000eab00000,0x00000000eb900000,0x00000000eb900000)
  from space 1536K, 97% used [0x00000000eb900000,0x00000000eba78020,0x00000000eba80000)
  to   space 3072K, 0% used [0x00000000ebc00000,0x00000000ebc00000,0x00000000ebf00000)
 ParOldGen       total 68608K, used 52749K [0x00000000c0000000, 0x00000000c4300000, 0x00000000eab00000)
  object space 68608K, 76% used [0x00000000c0000000,0x00000000c33834d0,0x00000000c4300000)
 Metaspace       used 61247K, committed 62336K, reserved 1114112K
  class space    used 6539K, committed 7040K, reserved 1048576K
}
Event: 6.832 GC heap after
{Heap after GC invocations=45 (full 3):
 PSYoungGen      total 15360K, used 768K [0x00000000eab00000, 0x00000000ebd00000, 0x0000000100000000)
  eden space 14336K, 0% used [0x00000000eab00000,0x00000000eab00000,0x00000000eb900000)
  from space 1024K, 75% used [0x00000000ebc00000,0x00000000ebcc0000,0x00000000ebd00000)
  to   space 1536K, 0% used [0x00000000eba00000,0x00000000eba00000,0x00000000ebb80000)
 ParOldGen       total 68608K, used 54200K [0x00000000c0000000, 0x00000000c4300000, 0x00000000eab00000)
  object space 68608K, 79% used [0x00000000c0000000,0x00000000c34ee170,0x00000000c4300000)
 Metaspace       used 61247K, committed 62336K, reserved 1114112K
  class space    used 6539K, committed 7040K, reserved 1048576K
}
Event: 6.886 GC heap before
{Heap before GC invocations=46 (full 3):
 PSYoungGen      total 15360K, used 15104K [0x00000000eab00000, 0x00000000ebd00000, 0x0000000100000000)
  eden space 14336K, 100% used [0x00000000eab00000,0x00000000eb900000,0x00000000eb900000)
  from space 1024K, 75% used [0x00000000ebc00000,0x00000000ebcc0000,0x00000000ebd00000)
  to   space 1536K, 0% used [0x00000000eba00000,0x00000000eba00000,0x00000000ebb80000)
 ParOldGen       total 68608K, used 54200K [0x00000000c0000000, 0x00000000c4300000, 0x00000000eab00000)
  object space 68608K, 79% used [0x00000000c0000000,0x00000000c34ee170,0x00000000c4300000)
 Metaspace       used 61390K, committed 62528K, reserved 1114112K
  class space    used 6548K, committed 7040K, reserved 1048576K
}
Event: 6.887 GC heap after
{Heap after GC invocations=46 (full 3):
 PSYoungGen      total 15872K, used 1296K [0x00000000eab00000, 0x00000000ebc80000, 0x0000000100000000)
  eden space 14336K, 0% used [0x00000000eab00000,0x00000000eab00000,0x00000000eb900000)
  from space 1536K, 84% used [0x00000000eba00000,0x00000000ebb44020,0x00000000ebb80000)
  to   space 1024K, 0% used [0x00000000ebb80000,0x00000000ebb80000,0x00000000ebc80000)
 ParOldGen       total 68608K, used 54820K [0x00000000c0000000, 0x00000000c4300000, 0x00000000eab00000)
  object space 68608K, 79% used [0x00000000c0000000,0x00000000c3589250,0x00000000c4300000)
 Metaspace       used 61390K, committed 62528K, reserved 1114112K
  class space    used 6548K, committed 7040K, reserved 1048576K
}
Event: 6.929 GC heap before
{Heap before GC invocations=47 (full 3):
 PSYoungGen      total 15872K, used 15632K [0x00000000eab00000, 0x00000000ebc80000, 0x0000000100000000)
  eden space 14336K, 100% used [0x00000000eab00000,0x00000000eb900000,0x00000000eb900000)
  from space 1536K, 84% used [0x00000000eba00000,0x00000000ebb44020,0x00000000ebb80000)
  to   space 1024K, 0% used [0x00000000ebb80000,0x00000000ebb80000,0x00000000ebc80000)
 ParOldGen       total 68608K, used 54820K [0x00000000c0000000, 0x00000000c4300000, 0x00000000eab00000)
  object space 68608K, 79% used [0x00000000c0000000,0x00000000c3589250,0x00000000c4300000)
 Metaspace       used 61501K, committed 62592K, reserved 1114112K
  class space    used 6553K, committed 7040K, reserved 1048576K
}
Event: 6.931 GC heap after
{Heap after GC invocations=47 (full 3):
 PSYoungGen      total 15360K, used 1008K [0x00000000eab00000, 0x00000000ebe00000, 0x0000000100000000)
  eden space 14336K, 0% used [0x00000000eab00000,0x00000000eab00000,0x00000000eb900000)
  from space 1024K, 98% used [0x00000000ebb80000,0x00000000ebc7c020,0x00000000ebc80000)
  to   space 2560K, 0% used [0x00000000eb900000,0x00000000eb900000,0x00000000ebb80000)
 ParOldGen       total 68608K, used 56015K [0x00000000c0000000, 0x00000000c4300000, 0x00000000eab00000)
  object space 68608K, 81% used [0x00000000c0000000,0x00000000c36b3e98,0x00000000c4300000)
 Metaspace       used 61501K, committed 62592K, reserved 1114112K
  class space    used 6553K, committed 7040K, reserved 1048576K
}
Event: 6.973 GC heap before
{Heap before GC invocations=48 (full 3):
 PSYoungGen      total 15360K, used 15344K [0x00000000eab00000, 0x00000000ebe00000, 0x0000000100000000)
  eden space 14336K, 100% used [0x00000000eab00000,0x00000000eb900000,0x00000000eb900000)
  from space 1024K, 98% used [0x00000000ebb80000,0x00000000ebc7c020,0x00000000ebc80000)
  to   space 2560K, 0% used [0x00000000eb900000,0x00000000eb900000,0x00000000ebb80000)
 ParOldGen       total 68608K, used 56015K [0x00000000c0000000, 0x00000000c4300000, 0x00000000eab00000)
  object space 68608K, 81% used [0x00000000c0000000,0x00000000c36b3e98,0x00000000c4300000)
 Metaspace       used 61617K, committed 62720K, reserved 1114112K
  class space    used 6562K, committed 7040K, reserved 1048576K
}
Event: 6.975 GC heap after
{Heap after GC invocations=48 (full 3):
 PSYoungGen      total 15872K, used 1184K [0x00000000eab00000, 0x00000000ebd00000, 0x0000000100000000)
  eden space 14336K, 0% used [0x00000000eab00000,0x00000000eab00000,0x00000000eb900000)
  from space 1536K, 77% used [0x00000000eb900000,0x00000000eba28000,0x00000000eba80000)
  to   space 2048K, 0% used [0x00000000ebb00000,0x00000000ebb00000,0x00000000ebd00000)
 ParOldGen       total 68608K, used 56857K [0x00000000c0000000, 0x00000000c4300000, 0x00000000eab00000)
  object space 68608K, 82% used [0x00000000c0000000,0x00000000c37866e0,0x00000000c4300000)
 Metaspace       used 61617K, committed 62720K, reserved 1114112K
  class space    used 6562K, committed 7040K, reserved 1048576K
}
Event: 7.026 GC heap before
{Heap before GC invocations=49 (full 3):
 PSYoungGen      total 15872K, used 15520K [0x00000000eab00000, 0x00000000ebd00000, 0x0000000100000000)
  eden space 14336K, 100% used [0x00000000eab00000,0x00000000eb900000,0x00000000eb900000)
  from space 1536K, 77% used [0x00000000eb900000,0x00000000eba28000,0x00000000eba80000)
  to   space 2048K, 0% used [0x00000000ebb00000,0x00000000ebb00000,0x00000000ebd00000)
 ParOldGen       total 68608K, used 56857K [0x00000000c0000000, 0x00000000c4300000, 0x00000000eab00000)
  object space 68608K, 82% used [0x00000000c0000000,0x00000000c37866e0,0x00000000c4300000)
 Metaspace       used 61878K, committed 62976K, reserved 1114112K
  class space    used 6581K, committed 7040K, reserved 1048576K
}
Event: 7.028 GC heap after
{Heap after GC invocations=49 (full 3):
 PSYoungGen      total 16384K, used 1898K [0x00000000eab00000, 0x00000000ebd00000, 0x0000000100000000)
  eden space 14336K, 0% used [0x00000000eab00000,0x00000000eab00000,0x00000000eb900000)
  from space 2048K, 92% used [0x00000000ebb00000,0x00000000ebcdab38,0x00000000ebd00000)
  to   space 2048K, 0% used [0x00000000eb900000,0x00000000eb900000,0x00000000ebb00000)
 ParOldGen       total 68608K, used 57687K [0x00000000c0000000, 0x00000000c4300000, 0x00000000eab00000)
  object space 68608K, 84% used [0x00000000c0000000,0x00000000c3855e08,0x00000000c4300000)
 Metaspace       used 61878K, committed 62976K, reserved 1114112K
  class space    used 6581K, committed 7040K, reserved 1048576K
}

