# JRE version: OpenJDK Runtime Environment Temurin-17.0.12+7 (17.0.12+7) (build 17.0.12+7)
# Java VM: OpenJDK 64-Bit Server VM Temurin-17.0.12+7 (17.0.12+7, mixed mode, emulated-client, tiered, compressed oops, compressed class ptrs, g1 gc, windows-amd64)
GC Precious Log:
 CPUs: 8 total, 8 available
 Memory: 7969M
 Large Page Support: Disabled
 NUMA Support: Disabled
 Compressed Oops: Enabled (32-bit)
 Heap Region Size: 1M
 Heap Min Capacity: 8M
 Heap Initial Capacity: 126M
 Heap Max Capacity: 1G
 Pre-touch: Disabled
 Parallel Workers: 8
 Concurrent Workers: 2
 Concurrent Refinement Workers: 8
 Periodic GC: Disabled
Heap:
 garbage-first heap   total 106496K, used 41822K [0x00000000c0000000, 0x0000000100000000)
  region size 1024K, 1 young (1024K), 0 survivors (0K)
 Metaspace       used 60499K, committed 61312K, reserved 1114112K
  class space    used 7319K, committed 7680K, reserved 1048576K
GC Heap History (20 events):
Event: 9692.802 GC heap after
{Heap after GC invocations=970 (full 949):
 garbage-first heap   total 106496K, used 41822K [0x00000000c0000000, 0x0000000100000000)
  region size 1024K, 0 young (0K), 0 survivors (0K)
 Metaspace       used 60499K, committed 61312K, reserved 1114112K
  class space    used 7319K, committed 7680K, reserved 1048576K
}
Event: 9702.870 GC heap before
{Heap before GC invocations=970 (full 949):
 garbage-first heap   total 106496K, used 41822K [0x00000000c0000000, 0x0000000100000000)
  region size 1024K, 1 young (1024K), 0 survivors (0K)
 Metaspace       used 60499K, committed 61312K, reserved 1114112K
  class space    used 7319K, committed 7680K, reserved 1048576K
}
Event: 9702.890 GC heap after
{Heap after GC invocations=971 (full 950):
 garbage-first heap   total 106496K, used 41822K [0x00000000c0000000, 0x0000000100000000)
  region size 1024K, 0 young (0K), 0 survivors (0K)
 Metaspace       used 60499K, committed 61312K, reserved 1114112K
  class space    used 7319K, committed 7680K, reserved 1048576K
}
Event: 9712.955 GC heap before
{Heap before GC invocations=971 (full 950):
 garbage-first heap   total 106496K, used 41822K [0x00000000c0000000, 0x0000000100000000)
  region size 1024K, 1 young (1024K), 0 survivors (0K)
 Metaspace       used 60499K, committed 61312K, reserved 1114112K
  class space    used 7319K, committed 7680K, reserved 1048576K
}
Event: 9712.973 GC heap after
{Heap after GC invocations=972 (full 951):
 garbage-first heap   total 106496K, used 41822K [0x00000000c0000000, 0x0000000100000000)
  region size 1024K, 0 young (0K), 0 survivors (0K)
 Metaspace       used 60499K, committed 61312K, reserved 1114112K
  class space    used 7319K, committed 7680K, reserved 1048576K
}
Event: 9723.028 GC heap before
{Heap before GC invocations=972 (full 951):
 garbage-first heap   total 106496K, used 41822K [0x00000000c0000000, 0x0000000100000000)
  region size 1024K, 1 young (1024K), 0 survivors (0K)
 Metaspace       used 60499K, committed 61312K, reserved 1114112K
  class space    used 7319K, committed 7680K, reserved 1048576K
}
Event: 9723.046 GC heap after
{Heap after GC invocations=973 (full 952):
 garbage-first heap   total 106496K, used 41822K [0x00000000c0000000, 0x0000000100000000)
  region size 1024K, 0 young (0K), 0 survivors (0K)
 Metaspace       used 60499K, committed 61312K, reserved 1114112K
  class space    used 7319K, committed 7680K, reserved 1048576K
}
Event: 9733.118 GC heap before
{Heap before GC invocations=973 (full 952):
 garbage-first heap   total 106496K, used 41822K [0x00000000c0000000, 0x0000000100000000)
  region size 1024K, 1 young (1024K), 0 survivors (0K)
 Metaspace       used 60499K, committed 61312K, reserved 1114112K
  class space    used 7319K, committed 7680K, reserved 1048576K
}
Event: 9733.136 GC heap after
{Heap after GC invocations=974 (full 953):
 garbage-first heap   total 106496K, used 41822K [0x00000000c0000000, 0x0000000100000000)
  region size 1024K, 0 young (0K), 0 survivors (0K)
 Metaspace       used 60499K, committed 61312K, reserved 1114112K
  class space    used 7319K, committed 7680K, reserved 1048576K
}
Event: 9743.202 GC heap before
{Heap before GC invocations=974 (full 953):
 garbage-first heap   total 106496K, used 41822K [0x00000000c0000000, 0x0000000100000000)
  region size 1024K, 1 young (1024K), 0 survivors (0K)
 Metaspace       used 60499K, committed 61312K, reserved 1114112K
  class space    used 7319K, committed 7680K, reserved 1048576K
}
Event: 9743.218 GC heap after
{Heap after GC invocations=975 (full 954):
 garbage-first heap   total 106496K, used 41822K [0x00000000c0000000, 0x0000000100000000)
  region size 1024K, 0 young (0K), 0 survivors (0K)
 Metaspace       used 60499K, committed 61312K, reserved 1114112K
  class space    used 7319K, committed 7680K, reserved 1048576K
}
Event: 9753.277 GC heap before
{Heap before GC invocations=975 (full 954):
 garbage-first heap   total 106496K, used 41822K [0x00000000c0000000, 0x0000000100000000)
  region size 1024K, 1 young (1024K), 0 survivors (0K)
 Metaspace       used 60499K, committed 61312K, reserved 1114112K
  class space    used 7319K, committed 7680K, reserved 1048576K
}
Event: 9753.297 GC heap after
{Heap after GC invocations=976 (full 955):
 garbage-first heap   total 106496K, used 41822K [0x00000000c0000000, 0x0000000100000000)
  region size 1024K, 0 young (0K), 0 survivors (0K)
 Metaspace       used 60499K, committed 61312K, reserved 1114112K
  class space    used 7319K, committed 7680K, reserved 1048576K
}
Event: 9763.375 GC heap before
{Heap before GC invocations=976 (full 955):
 garbage-first heap   total 106496K, used 41822K [0x00000000c0000000, 0x0000000100000000)
  region size 1024K, 1 young (1024K), 0 survivors (0K)
 Metaspace       used 60499K, committed 61312K, reserved 1114112K
  class space    used 7319K, committed 7680K, reserved 1048576K
}
Event: 9763.395 GC heap after
{Heap after GC invocations=977 (full 956):
 garbage-first heap   total 106496K, used 41822K [0x00000000c0000000, 0x0000000100000000)
  region size 1024K, 0 young (0K), 0 survivors (0K)
 Metaspace       used 60499K, committed 61312K, reserved 1114112K
  class space    used 7319K, committed 7680K, reserved 1048576K
}
Event: 9773.451 GC heap before
{Heap before GC invocations=977 (full 956):
 garbage-first heap   total 106496K, used 41822K [0x00000000c0000000, 0x0000000100000000)
  region size 1024K, 1 young (1024K), 0 survivors (0K)
 Metaspace       used 60499K, committed 61312K, reserved 1114112K
  class space    used 7319K, committed 7680K, reserved 1048576K
}
Event: 9773.468 GC heap after
{Heap after GC invocations=978 (full 957):
 garbage-first heap   total 106496K, used 41822K [0x00000000c0000000, 0x0000000100000000)
  region size 1024K, 0 young (0K), 0 survivors (0K)
 Metaspace       used 60499K, committed 61312K, reserved 1114112K
  class space    used 7319K, committed 7680K, reserved 1048576K
}
Event: 9783.539 GC heap before
{Heap before GC invocations=978 (full 957):
 garbage-first heap   total 106496K, used 41822K [0x00000000c0000000, 0x0000000100000000)
  region size 1024K, 1 young (1024K), 0 survivors (0K)
 Metaspace       used 60499K, committed 61312K, reserved 1114112K
  class space    used 7319K, committed 7680K, reserved 1048576K
}
Event: 9783.561 GC heap after
{Heap after GC invocations=979 (full 958):
 garbage-first heap   total 106496K, used 41822K [0x00000000c0000000, 0x0000000100000000)
  region size 1024K, 0 young (0K), 0 survivors (0K)
 Metaspace       used 60499K, committed 61312K, reserved 1114112K
  class space    used 7319K, committed 7680K, reserved 1048576K
}
Event: 9793.607 GC heap before
{Heap before GC invocations=979 (full 958):
 garbage-first heap   total 106496K, used 41822K [0x00000000c0000000, 0x0000000100000000)
  region size 1024K, 1 young (1024K), 0 survivors (0K)
 Metaspace       used 60499K, committed 61312K, reserved 1114112K
  class space    used 7319K, committed 7680K, reserved 1048576K
}

