# JRE version: OpenJDK Runtime Environment Temurin-17.0.12+7 (17.0.12+7) (build 17.0.12+7)
# Java VM: OpenJDK 64-Bit Server VM Temurin-17.0.12+7 (17.0.12+7, mixed mode, tiered, compressed oops, compressed class ptrs, parallel gc, windows-amd64)
GC Precious Log:
 CPUs: 8 total, 8 available
 Memory: 7969M
 Large Page Support: Disabled
 NUMA Support: Disabled
 Compressed Oops: Enabled (32-bit)
 Alignments: Space 512K, Generation 512K, Heap 2M
 Heap Min Capacity: 100M
 Heap Initial Capacity: 100M
 Heap Max Capacity: 1G
 Pre-touch: Disabled
 Parallel Workers: 8
Heap:
 PSYoungGen      total 15360K, used 11673K [0x00000000eab00000, 0x00000000ebf80000, 0x0000000100000000)
  eden space 14848K, 75% used [0x00000000eab00000,0x00000000eb5e6cc0,0x00000000eb980000)
  from space 512K, 99% used [0x00000000ebd80000,0x00000000ebdffa40,0x00000000ebe00000)
  to   space 3072K, 0% used [0x00000000eb980000,0x00000000eb980000,0x00000000ebc80000)
 ParOldGen       total 368128K, used 360631K [0x00000000c0000000, 0x00000000d6780000, 0x00000000eab00000)
  object space 368128K, 97% used [0x00000000c0000000,0x00000000d602ddc0,0x00000000d6780000)
 Metaspace       used 102618K, committed 104384K, reserved 1179648K
  class space    used 10665K, committed 11456K, reserved 1048576K
GC Heap History (20 events):
Event: 309.626 GC heap before
{Heap before GC invocations=1770 (full 35):
 PSYoungGen      total 15360K, used 15040K [0x00000000eab00000, 0x00000000ebe00000, 0x0000000100000000)
  eden space 14848K, 100% used [0x00000000eab00000,0x00000000eb980000,0x00000000eb980000)
  from space 512K, 37% used [0x00000000ebd80000,0x00000000ebdb0000,0x00000000ebe00000)
  to   space 512K, 0% used [0x00000000ebd00000,0x00000000ebd00000,0x00000000ebd80000)
 ParOldGen       total 368128K, used 357502K [0x00000000c0000000, 0x00000000d6780000, 0x00000000eab00000)
  object space 368128K, 97% used [0x00000000c0000000,0x00000000d5d1fa70,0x00000000d6780000)
 Metaspace       used 102596K, committed 104320K, reserved 1179648K
  class space    used 10662K, committed 11456K, reserved 1048576K
}
Event: 309.627 GC heap after
{Heap after GC invocations=1770 (full 35):
 PSYoungGen      total 15360K, used 224K [0x00000000eab00000, 0x00000000ebe00000, 0x0000000100000000)
  eden space 14848K, 0% used [0x00000000eab00000,0x00000000eab00000,0x00000000eb980000)
  from space 512K, 43% used [0x00000000ebd00000,0x00000000ebd38000,0x00000000ebd80000)
  to   space 512K, 0% used [0x00000000ebd80000,0x00000000ebd80000,0x00000000ebe00000)
 ParOldGen       total 368128K, used 357550K [0x00000000c0000000, 0x00000000d6780000, 0x00000000eab00000)
  object space 368128K, 97% used [0x00000000c0000000,0x00000000d5d2ba70,0x00000000d6780000)
 Metaspace       used 102596K, committed 104320K, reserved 1179648K
  class space    used 10662K, committed 11456K, reserved 1048576K
}
Event: 309.640 GC heap before
{Heap before GC invocations=1771 (full 35):
 PSYoungGen      total 15360K, used 15072K [0x00000000eab00000, 0x00000000ebe00000, 0x0000000100000000)
  eden space 14848K, 100% used [0x00000000eab00000,0x00000000eb980000,0x00000000eb980000)
  from space 512K, 43% used [0x00000000ebd00000,0x00000000ebd38000,0x00000000ebd80000)
  to   space 512K, 0% used [0x00000000ebd80000,0x00000000ebd80000,0x00000000ebe00000)
 ParOldGen       total 368128K, used 357550K [0x00000000c0000000, 0x00000000d6780000, 0x00000000eab00000)
  object space 368128K, 97% used [0x00000000c0000000,0x00000000d5d2ba70,0x00000000d6780000)
 Metaspace       used 102596K, committed 104320K, reserved 1179648K
  class space    used 10662K, committed 11456K, reserved 1048576K
}
Event: 309.641 GC heap after
{Heap after GC invocations=1771 (full 35):
 PSYoungGen      total 15360K, used 512K [0x00000000eab00000, 0x00000000ebe00000, 0x0000000100000000)
  eden space 14848K, 0% used [0x00000000eab00000,0x00000000eab00000,0x00000000eb980000)
  from space 512K, 100% used [0x00000000ebd80000,0x00000000ebe00000,0x00000000ebe00000)
  to   space 1024K, 0% used [0x00000000ebc00000,0x00000000ebc00000,0x00000000ebd00000)
 ParOldGen       total 368128K, used 357614K [0x00000000c0000000, 0x00000000d6780000, 0x00000000eab00000)
  object space 368128K, 97% used [0x00000000c0000000,0x00000000d5d3ba70,0x00000000d6780000)
 Metaspace       used 102596K, committed 104320K, reserved 1179648K
  class space    used 10662K, committed 11456K, reserved 1048576K
}
Event: 309.653 GC heap before
{Heap before GC invocations=1772 (full 35):
 PSYoungGen      total 15360K, used 15360K [0x00000000eab00000, 0x00000000ebe00000, 0x0000000100000000)
  eden space 14848K, 100% used [0x00000000eab00000,0x00000000eb980000,0x00000000eb980000)
  from space 512K, 100% used [0x00000000ebd80000,0x00000000ebe00000,0x00000000ebe00000)
  to   space 1024K, 0% used [0x00000000ebc00000,0x00000000ebc00000,0x00000000ebd00000)
 ParOldGen       total 368128K, used 357614K [0x00000000c0000000, 0x00000000d6780000, 0x00000000eab00000)
  object space 368128K, 97% used [0x00000000c0000000,0x00000000d5d3ba70,0x00000000d6780000)
 Metaspace       used 102596K, committed 104320K, reserved 1179648K
  class space    used 10662K, committed 11456K, reserved 1048576K
}
Event: 309.654 GC heap after
{Heap after GC invocations=1772 (full 35):
 PSYoungGen      total 15872K, used 320K [0x00000000eab00000, 0x00000000ebe00000, 0x0000000100000000)
  eden space 14848K, 0% used [0x00000000eab00000,0x00000000eab00000,0x00000000eb980000)
  from space 1024K, 31% used [0x00000000ebc00000,0x00000000ebc50000,0x00000000ebd00000)
  to   space 512K, 0% used [0x00000000ebd80000,0x00000000ebd80000,0x00000000ebe00000)
 ParOldGen       total 368128K, used 358086K [0x00000000c0000000, 0x00000000d6780000, 0x00000000eab00000)
  object space 368128K, 97% used [0x00000000c0000000,0x00000000d5db1a80,0x00000000d6780000)
 Metaspace       used 102596K, committed 104320K, reserved 1179648K
  class space    used 10662K, committed 11456K, reserved 1048576K
}
Event: 309.668 GC heap before
{Heap before GC invocations=1773 (full 35):
 PSYoungGen      total 15872K, used 15168K [0x00000000eab00000, 0x00000000ebe00000, 0x0000000100000000)
  eden space 14848K, 100% used [0x00000000eab00000,0x00000000eb980000,0x00000000eb980000)
  from space 1024K, 31% used [0x00000000ebc00000,0x00000000ebc50000,0x00000000ebd00000)
  to   space 512K, 0% used [0x00000000ebd80000,0x00000000ebd80000,0x00000000ebe00000)
 ParOldGen       total 368128K, used 358086K [0x00000000c0000000, 0x00000000d6780000, 0x00000000eab00000)
  object space 368128K, 97% used [0x00000000c0000000,0x00000000d5db1a80,0x00000000d6780000)
 Metaspace       used 102596K, committed 104320K, reserved 1179648K
  class space    used 10662K, committed 11456K, reserved 1048576K
}
Event: 309.669 GC heap after
{Heap after GC invocations=1773 (full 35):
 PSYoungGen      total 15360K, used 494K [0x00000000eab00000, 0x00000000ebe00000, 0x0000000100000000)
  eden space 14848K, 0% used [0x00000000eab00000,0x00000000eab00000,0x00000000eb980000)
  from space 512K, 96% used [0x00000000ebd80000,0x00000000ebdfb838,0x00000000ebe00000)
  to   space 1024K, 0% used [0x00000000ebc00000,0x00000000ebc00000,0x00000000ebd00000)
 ParOldGen       total 368128K, used 358366K [0x00000000c0000000, 0x00000000d6780000, 0x00000000eab00000)
  object space 368128K, 97% used [0x00000000c0000000,0x00000000d5df7a80,0x00000000d6780000)
 Metaspace       used 102596K, committed 104320K, reserved 1179648K
  class space    used 10662K, committed 11456K, reserved 1048576K
}
Event: 309.686 GC heap before
{Heap before GC invocations=1774 (full 35):
 PSYoungGen      total 15360K, used 15342K [0x00000000eab00000, 0x00000000ebe00000, 0x0000000100000000)
  eden space 14848K, 100% used [0x00000000eab00000,0x00000000eb980000,0x00000000eb980000)
  from space 512K, 96% used [0x00000000ebd80000,0x00000000ebdfb838,0x00000000ebe00000)
  to   space 1024K, 0% used [0x00000000ebc00000,0x00000000ebc00000,0x00000000ebd00000)
 ParOldGen       total 368128K, used 358366K [0x00000000c0000000, 0x00000000d6780000, 0x00000000eab00000)
  object space 368128K, 97% used [0x00000000c0000000,0x00000000d5df7a80,0x00000000d6780000)
 Metaspace       used 102596K, committed 104320K, reserved 1179648K
  class space    used 10662K, committed 11456K, reserved 1048576K
}
Event: 309.687 GC heap after
{Heap after GC invocations=1774 (full 35):
 PSYoungGen      total 15872K, used 336K [0x00000000eab00000, 0x00000000ebe00000, 0x0000000100000000)
  eden space 14848K, 0% used [0x00000000eab00000,0x00000000eab00000,0x00000000eb980000)
  from space 1024K, 32% used [0x00000000ebc00000,0x00000000ebc543d8,0x00000000ebd00000)
  to   space 512K, 0% used [0x00000000ebd80000,0x00000000ebd80000,0x00000000ebe00000)
 ParOldGen       total 368128K, used 358398K [0x00000000c0000000, 0x00000000d6780000, 0x00000000eab00000)
  object space 368128K, 97% used [0x00000000c0000000,0x00000000d5dffa80,0x00000000d6780000)
 Metaspace       used 102596K, committed 104320K, reserved 1179648K
  class space    used 10662K, committed 11456K, reserved 1048576K
}
Event: 309.706 GC heap before
{Heap before GC invocations=1775 (full 35):
 PSYoungGen      total 15872K, used 15184K [0x00000000eab00000, 0x00000000ebe00000, 0x0000000100000000)
  eden space 14848K, 100% used [0x00000000eab00000,0x00000000eb980000,0x00000000eb980000)
  from space 1024K, 32% used [0x00000000ebc00000,0x00000000ebc543d8,0x00000000ebd00000)
  to   space 512K, 0% used [0x00000000ebd80000,0x00000000ebd80000,0x00000000ebe00000)
 ParOldGen       total 368128K, used 358398K [0x00000000c0000000, 0x00000000d6780000, 0x00000000eab00000)
  object space 368128K, 97% used [0x00000000c0000000,0x00000000d5dffa80,0x00000000d6780000)
 Metaspace       used 102596K, committed 104320K, reserved 1179648K
  class space    used 10662K, committed 11456K, reserved 1048576K
}
Event: 309.707 GC heap after
{Heap after GC invocations=1775 (full 35):
 PSYoungGen      total 15360K, used 349K [0x00000000eab00000, 0x00000000ebe00000, 0x0000000100000000)
  eden space 14848K, 0% used [0x00000000eab00000,0x00000000eab00000,0x00000000eb980000)
  from space 512K, 68% used [0x00000000ebd80000,0x00000000ebdd7698,0x00000000ebe00000)
  to   space 512K, 0% used [0x00000000ebd00000,0x00000000ebd00000,0x00000000ebd80000)
 ParOldGen       total 368128K, used 358454K [0x00000000c0000000, 0x00000000d6780000, 0x00000000eab00000)
  object space 368128K, 97% used [0x00000000c0000000,0x00000000d5e0da80,0x00000000d6780000)
 Metaspace       used 102596K, committed 104320K, reserved 1179648K
  class space    used 10662K, committed 11456K, reserved 1048576K
}
Event: 309.725 GC heap before
{Heap before GC invocations=1776 (full 35):
 PSYoungGen      total 15360K, used 15197K [0x00000000eab00000, 0x00000000ebe00000, 0x0000000100000000)
  eden space 14848K, 100% used [0x00000000eab00000,0x00000000eb980000,0x00000000eb980000)
  from space 512K, 68% used [0x00000000ebd80000,0x00000000ebdd7698,0x00000000ebe00000)
  to   space 512K, 0% used [0x00000000ebd00000,0x00000000ebd00000,0x00000000ebd80000)
 ParOldGen       total 368128K, used 358454K [0x00000000c0000000, 0x00000000d6780000, 0x00000000eab00000)
  object space 368128K, 97% used [0x00000000c0000000,0x00000000d5e0da80,0x00000000d6780000)
 Metaspace       used 102596K, committed 104320K, reserved 1179648K
  class space    used 10662K, committed 11456K, reserved 1048576K
}
Event: 309.726 GC heap after
{Heap after GC invocations=1776 (full 35):
 PSYoungGen      total 15360K, used 224K [0x00000000eab00000, 0x00000000ebe00000, 0x0000000100000000)
  eden space 14848K, 0% used [0x00000000eab00000,0x00000000eab00000,0x00000000eb980000)
  from space 512K, 43% used [0x00000000ebd00000,0x00000000ebd38000,0x00000000ebd80000)
  to   space 512K, 0% used [0x00000000ebd80000,0x00000000ebd80000,0x00000000ebe00000)
 ParOldGen       total 368128K, used 358510K [0x00000000c0000000, 0x00000000d6780000, 0x00000000eab00000)
  object space 368128K, 97% used [0x00000000c0000000,0x00000000d5e1ba80,0x00000000d6780000)
 Metaspace       used 102596K, committed 104320K, reserved 1179648K
  class space    used 10662K, committed 11456K, reserved 1048576K
}
Event: 309.755 GC heap before
{Heap before GC invocations=1777 (full 35):
 PSYoungGen      total 15360K, used 15072K [0x00000000eab00000, 0x00000000ebe00000, 0x0000000100000000)
  eden space 14848K, 100% used [0x00000000eab00000,0x00000000eb980000,0x00000000eb980000)
  from space 512K, 43% used [0x00000000ebd00000,0x00000000ebd38000,0x00000000ebd80000)
  to   space 512K, 0% used [0x00000000ebd80000,0x00000000ebd80000,0x00000000ebe00000)
 ParOldGen       total 368128K, used 358510K [0x00000000c0000000, 0x00000000d6780000, 0x00000000eab00000)
  object space 368128K, 97% used [0x00000000c0000000,0x00000000d5e1ba80,0x00000000d6780000)
 Metaspace       used 102601K, committed 104320K, reserved 1179648K
  class space    used 10663K, committed 11456K, reserved 1048576K
}
Event: 309.758 GC heap after
{Heap after GC invocations=1777 (full 35):
 PSYoungGen      total 15360K, used 466K [0x00000000eab00000, 0x00000000ebe00000, 0x0000000100000000)
  eden space 14848K, 0% used [0x00000000eab00000,0x00000000eab00000,0x00000000eb980000)
  from space 512K, 91% used [0x00000000ebd80000,0x00000000ebdf4800,0x00000000ebe00000)
  to   space 512K, 0% used [0x00000000ebd00000,0x00000000ebd00000,0x00000000ebd80000)
 ParOldGen       total 368128K, used 358574K [0x00000000c0000000, 0x00000000d6780000, 0x00000000eab00000)
  object space 368128K, 97% used [0x00000000c0000000,0x00000000d5e2ba80,0x00000000d6780000)
 Metaspace       used 102601K, committed 104320K, reserved 1179648K
  class space    used 10663K, committed 11456K, reserved 1048576K
}
Event: 309.797 GC heap before
{Heap before GC invocations=1778 (full 35):
 PSYoungGen      total 15360K, used 15289K [0x00000000eab00000, 0x00000000ebe00000, 0x0000000100000000)
  eden space 14848K, 99% used [0x00000000eab00000,0x00000000eb979fe0,0x00000000eb980000)
  from space 512K, 91% used [0x00000000ebd80000,0x00000000ebdf4800,0x00000000ebe00000)
  to   space 512K, 0% used [0x00000000ebd00000,0x00000000ebd00000,0x00000000ebd80000)
 ParOldGen       total 368128K, used 358574K [0x00000000c0000000, 0x00000000d6780000, 0x00000000eab00000)
  object space 368128K, 97% used [0x00000000c0000000,0x00000000d5e2ba80,0x00000000d6780000)
 Metaspace       used 102614K, committed 104384K, reserved 1179648K
  class space    used 10664K, committed 11456K, reserved 1048576K
}
Event: 309.798 GC heap after
{Heap after GC invocations=1778 (full 35):
 PSYoungGen      total 15360K, used 433K [0x00000000eab00000, 0x00000000ebe00000, 0x0000000100000000)
  eden space 14848K, 0% used [0x00000000eab00000,0x00000000eab00000,0x00000000eb980000)
  from space 512K, 84% used [0x00000000ebd00000,0x00000000ebd6c738,0x00000000ebd80000)
  to   space 512K, 0% used [0x00000000ebd80000,0x00000000ebd80000,0x00000000ebe00000)
 ParOldGen       total 368128K, used 358775K [0x00000000c0000000, 0x00000000d6780000, 0x00000000eab00000)
  object space 368128K, 97% used [0x00000000c0000000,0x00000000d5e5de80,0x00000000d6780000)
 Metaspace       used 102614K, committed 104384K, reserved 1179648K
  class space    used 10664K, committed 11456K, reserved 1048576K
}
Event: 309.833 GC heap before
{Heap before GC invocations=1779 (full 35):
 PSYoungGen      total 15360K, used 15281K [0x00000000eab00000, 0x00000000ebe00000, 0x0000000100000000)
  eden space 14848K, 100% used [0x00000000eab00000,0x00000000eb980000,0x00000000eb980000)
  from space 512K, 84% used [0x00000000ebd00000,0x00000000ebd6c738,0x00000000ebd80000)
  to   space 512K, 0% used [0x00000000ebd80000,0x00000000ebd80000,0x00000000ebe00000)
 ParOldGen       total 368128K, used 358775K [0x00000000c0000000, 0x00000000d6780000, 0x00000000eab00000)
  object space 368128K, 97% used [0x00000000c0000000,0x00000000d5e5de80,0x00000000d6780000)
 Metaspace       used 102618K, committed 104384K, reserved 1179648K
  class space    used 10665K, committed 11456K, reserved 1048576K
}
Event: 309.835 GC heap after
{Heap after GC invocations=1779 (full 35):
 PSYoungGen      total 15360K, used 510K [0x00000000eab00000, 0x00000000ebf80000, 0x0000000100000000)
  eden space 14848K, 0% used [0x00000000eab00000,0x00000000eab00000,0x00000000eb980000)
  from space 512K, 99% used [0x00000000ebd80000,0x00000000ebdffa40,0x00000000ebe00000)
  to   space 3072K, 0% used [0x00000000eb980000,0x00000000eb980000,0x00000000ebc80000)
 ParOldGen       total 368128K, used 360631K [0x00000000c0000000, 0x00000000d6780000, 0x00000000eab00000)
  object space 368128K, 97% used [0x00000000c0000000,0x00000000d602ddc0,0x00000000d6780000)
 Metaspace       used 102618K, committed 104384K, reserved 1179648K
  class space    used 10665K, committed 11456K, reserved 1048576K
}

