# JRE version: OpenJDK Runtime Environment Temurin-17.0.12+7 (17.0.12+7) (build 17.0.12+7)
# Java VM: OpenJDK 64-Bit Server VM Temurin-17.0.12+7 (17.0.12+7, mixed mode, emulated-client, tiered, compressed oops, compressed class ptrs, g1 gc, windows-amd64)
GC Precious Log:
 CPUs: 8 total, 8 available
 Memory: 7969M
 Large Page Support: Disabled
 NUMA Support: Disabled
 Compressed Oops: Enabled (32-bit)
 Heap Region Size: 1M
 Heap Min Capacity: 8M
 Heap Initial Capacity: 126M
 Heap Max Capacity: 1G
 Pre-touch: Disabled
 Parallel Workers: 8
 Concurrent Workers: 2
 Concurrent Refinement Workers: 8
 Periodic GC: Disabled
Heap:
 garbage-first heap   total 132096K, used 51724K [0x00000000c0000000, 0x0000000100000000)
  region size 1024K, 1 young (1024K), 0 survivors (0K)
 Metaspace       used 63738K, committed 64256K, reserved 1114112K
  class space    used 7858K, committed 8128K, reserved 1048576K
GC Heap History (20 events):
Event: 6243.251 GC heap after
{Heap after GC invocations=430 (full 339):
 garbage-first heap   total 132096K, used 51724K [0x00000000c0000000, 0x0000000100000000)
  region size 1024K, 0 young (0K), 0 survivors (0K)
 Metaspace       used 63738K, committed 64256K, reserved 1114112K
  class space    used 7858K, committed 8128K, reserved 1048576K
}
Event: 6253.312 GC heap before
{Heap before GC invocations=430 (full 339):
 garbage-first heap   total 132096K, used 51724K [0x00000000c0000000, 0x0000000100000000)
  region size 1024K, 1 young (1024K), 0 survivors (0K)
 Metaspace       used 63738K, committed 64256K, reserved 1114112K
  class space    used 7858K, committed 8128K, reserved 1048576K
}
Event: 6253.333 GC heap after
{Heap after GC invocations=431 (full 340):
 garbage-first heap   total 132096K, used 51724K [0x00000000c0000000, 0x0000000100000000)
  region size 1024K, 0 young (0K), 0 survivors (0K)
 Metaspace       used 63738K, committed 64256K, reserved 1114112K
  class space    used 7858K, committed 8128K, reserved 1048576K
}
Event: 6263.401 GC heap before
{Heap before GC invocations=431 (full 340):
 garbage-first heap   total 132096K, used 51724K [0x00000000c0000000, 0x0000000100000000)
  region size 1024K, 1 young (1024K), 0 survivors (0K)
 Metaspace       used 63738K, committed 64256K, reserved 1114112K
  class space    used 7858K, committed 8128K, reserved 1048576K
}
Event: 6263.425 GC heap after
{Heap after GC invocations=432 (full 341):
 garbage-first heap   total 132096K, used 51724K [0x00000000c0000000, 0x0000000100000000)
  region size 1024K, 0 young (0K), 0 survivors (0K)
 Metaspace       used 63738K, committed 64256K, reserved 1114112K
  class space    used 7858K, committed 8128K, reserved 1048576K
}
Event: 6273.489 GC heap before
{Heap before GC invocations=432 (full 341):
 garbage-first heap   total 132096K, used 51724K [0x00000000c0000000, 0x0000000100000000)
  region size 1024K, 1 young (1024K), 0 survivors (0K)
 Metaspace       used 63738K, committed 64256K, reserved 1114112K
  class space    used 7858K, committed 8128K, reserved 1048576K
}
Event: 6273.513 GC heap after
{Heap after GC invocations=433 (full 342):
 garbage-first heap   total 132096K, used 51724K [0x00000000c0000000, 0x0000000100000000)
  region size 1024K, 0 young (0K), 0 survivors (0K)
 Metaspace       used 63738K, committed 64256K, reserved 1114112K
  class space    used 7858K, committed 8128K, reserved 1048576K
}
Event: 6283.583 GC heap before
{Heap before GC invocations=433 (full 342):
 garbage-first heap   total 132096K, used 51724K [0x00000000c0000000, 0x0000000100000000)
  region size 1024K, 1 young (1024K), 0 survivors (0K)
 Metaspace       used 63738K, committed 64256K, reserved 1114112K
  class space    used 7858K, committed 8128K, reserved 1048576K
}
Event: 6283.605 GC heap after
{Heap after GC invocations=434 (full 343):
 garbage-first heap   total 132096K, used 51724K [0x00000000c0000000, 0x0000000100000000)
  region size 1024K, 0 young (0K), 0 survivors (0K)
 Metaspace       used 63738K, committed 64256K, reserved 1114112K
  class space    used 7858K, committed 8128K, reserved 1048576K
}
Event: 6293.663 GC heap before
{Heap before GC invocations=434 (full 343):
 garbage-first heap   total 132096K, used 51724K [0x00000000c0000000, 0x0000000100000000)
  region size 1024K, 1 young (1024K), 0 survivors (0K)
 Metaspace       used 63738K, committed 64256K, reserved 1114112K
  class space    used 7858K, committed 8128K, reserved 1048576K
}
Event: 6293.687 GC heap after
{Heap after GC invocations=435 (full 344):
 garbage-first heap   total 132096K, used 51724K [0x00000000c0000000, 0x0000000100000000)
  region size 1024K, 0 young (0K), 0 survivors (0K)
 Metaspace       used 63738K, committed 64256K, reserved 1114112K
  class space    used 7858K, committed 8128K, reserved 1048576K
}
Event: 6303.765 GC heap before
{Heap before GC invocations=435 (full 344):
 garbage-first heap   total 132096K, used 51724K [0x00000000c0000000, 0x0000000100000000)
  region size 1024K, 1 young (1024K), 0 survivors (0K)
 Metaspace       used 63738K, committed 64256K, reserved 1114112K
  class space    used 7858K, committed 8128K, reserved 1048576K
}
Event: 6303.792 GC heap after
{Heap after GC invocations=436 (full 345):
 garbage-first heap   total 132096K, used 51724K [0x00000000c0000000, 0x0000000100000000)
  region size 1024K, 0 young (0K), 0 survivors (0K)
 Metaspace       used 63738K, committed 64256K, reserved 1114112K
  class space    used 7858K, committed 8128K, reserved 1048576K
}
Event: 6313.869 GC heap before
{Heap before GC invocations=436 (full 345):
 garbage-first heap   total 132096K, used 51724K [0x00000000c0000000, 0x0000000100000000)
  region size 1024K, 1 young (1024K), 0 survivors (0K)
 Metaspace       used 63738K, committed 64256K, reserved 1114112K
  class space    used 7858K, committed 8128K, reserved 1048576K
}
Event: 6313.894 GC heap after
{Heap after GC invocations=437 (full 346):
 garbage-first heap   total 132096K, used 51724K [0x00000000c0000000, 0x0000000100000000)
  region size 1024K, 0 young (0K), 0 survivors (0K)
 Metaspace       used 63738K, committed 64256K, reserved 1114112K
  class space    used 7858K, committed 8128K, reserved 1048576K
}
Event: 6323.960 GC heap before
{Heap before GC invocations=437 (full 346):
 garbage-first heap   total 132096K, used 51724K [0x00000000c0000000, 0x0000000100000000)
  region size 1024K, 1 young (1024K), 0 survivors (0K)
 Metaspace       used 63738K, committed 64256K, reserved 1114112K
  class space    used 7858K, committed 8128K, reserved 1048576K
}
Event: 6323.983 GC heap after
{Heap after GC invocations=438 (full 347):
 garbage-first heap   total 132096K, used 51724K [0x00000000c0000000, 0x0000000100000000)
  region size 1024K, 0 young (0K), 0 survivors (0K)
 Metaspace       used 63738K, committed 64256K, reserved 1114112K
  class space    used 7858K, committed 8128K, reserved 1048576K
}
Event: 6334.067 GC heap before
{Heap before GC invocations=438 (full 347):
 garbage-first heap   total 132096K, used 51724K [0x00000000c0000000, 0x0000000100000000)
  region size 1024K, 1 young (1024K), 0 survivors (0K)
 Metaspace       used 63738K, committed 64256K, reserved 1114112K
  class space    used 7858K, committed 8128K, reserved 1048576K
}
Event: 6334.092 GC heap after
{Heap after GC invocations=439 (full 348):
 garbage-first heap   total 132096K, used 51724K [0x00000000c0000000, 0x0000000100000000)
  region size 1024K, 0 young (0K), 0 survivors (0K)
 Metaspace       used 63738K, committed 64256K, reserved 1114112K
  class space    used 7858K, committed 8128K, reserved 1048576K
}
Event: 6344.108 GC heap before
{Heap before GC invocations=439 (full 348):
 garbage-first heap   total 132096K, used 51724K [0x00000000c0000000, 0x0000000100000000)
  region size 1024K, 1 young (1024K), 0 survivors (0K)
 Metaspace       used 63738K, committed 64256K, reserved 1114112K
  class space    used 7858K, committed 8128K, reserved 1048576K
}

