# JRE version: OpenJDK Runtime Environment Temurin-17.0.12+7 (17.0.12+7) (build 17.0.12+7)
# Java VM: OpenJDK 64-Bit Server VM Temurin-17.0.12+7 (17.0.12+7, mixed mode, tiered, compressed oops, compressed class ptrs, parallel gc, windows-amd64)
GC Precious Log:
 CPUs: 8 total, 8 available
 Memory: 7969M
 Large Page Support: Disabled
 NUMA Support: Disabled
 Compressed Oops: Enabled (32-bit)
 Alignments: Space 512K, Generation 512K, Heap 2M
 Heap Min Capacity: 100M
 Heap Initial Capacity: 100M
 Heap Max Capacity: 1G
 Pre-touch: Disabled
 Parallel Workers: 8
Heap:
 PSYoungGen      total 91136K, used 41382K [0x00000000eab00000, 0x00000000f1a80000, 0x0000000100000000)
  eden space 73728K, 32% used [0x00000000eab00000,0x00000000ec270928,0x00000000ef300000)
  from space 17408K, 99% used [0x00000000f0980000,0x00000000f1a790d8,0x00000000f1a80000)
  to   space 13824K, 0% used [0x00000000ef300000,0x00000000ef300000,0x00000000f0080000)
 ParOldGen       total 225792K, used 185625K [0x00000000c0000000, 0x00000000cdc80000, 0x00000000eab00000)
  object space 225792K, 82% used [0x00000000c0000000,0x00000000cb546670,0x00000000cdc80000)
 Metaspace       used 70052K, committed 71360K, reserved 1114112K
  class space    used 7313K, committed 7872K, reserved 1048576K
GC Heap History (20 events):
Event: 11.968 GC heap before
{Heap before GC invocations=146 (full 8):
 PSYoungGen      total 67584K, used 67563K [0x00000000eab00000, 0x00000000efc00000, 0x0000000100000000)
  eden space 55808K, 100% used [0x00000000eab00000,0x00000000ee180000,0x00000000ee180000)
  from space 11776K, 99% used [0x00000000eee00000,0x00000000ef97ad58,0x00000000ef980000)
  to   space 12800K, 0% used [0x00000000ee180000,0x00000000ee180000,0x00000000eee00000)
 ParOldGen       total 185344K, used 180489K [0x00000000c0000000, 0x00000000cb500000, 0x00000000eab00000)
  object space 185344K, 97% used [0x00000000c0000000,0x00000000cb0424b8,0x00000000cb500000)
 Metaspace       used 68954K, committed 70272K, reserved 1114112K
  class space    used 7209K, committed 7744K, reserved 1048576K
}
Event: 11.977 GC heap after
{Heap after GC invocations=146 (full 8):
 PSYoungGen      total 68608K, used 11068K [0x00000000eab00000, 0x00000000efd80000, 0x0000000100000000)
  eden space 55808K, 0% used [0x00000000eab00000,0x00000000eab00000,0x00000000ee180000)
  from space 12800K, 86% used [0x00000000ee180000,0x00000000eec4f380,0x00000000eee00000)
  to   space 11776K, 0% used [0x00000000ef200000,0x00000000ef200000,0x00000000efd80000)
 ParOldGen       total 185344K, used 182989K [0x00000000c0000000, 0x00000000cb500000, 0x00000000eab00000)
  object space 185344K, 98% used [0x00000000c0000000,0x00000000cb2b3520,0x00000000cb500000)
 Metaspace       used 68954K, committed 70272K, reserved 1114112K
  class space    used 7209K, committed 7744K, reserved 1048576K
}
Event: 11.977 GC heap before
{Heap before GC invocations=147 (full 9):
 PSYoungGen      total 68608K, used 11068K [0x00000000eab00000, 0x00000000efd80000, 0x0000000100000000)
  eden space 55808K, 0% used [0x00000000eab00000,0x00000000eab00000,0x00000000ee180000)
  from space 12800K, 86% used [0x00000000ee180000,0x00000000eec4f380,0x00000000eee00000)
  to   space 11776K, 0% used [0x00000000ef200000,0x00000000ef200000,0x00000000efd80000)
 ParOldGen       total 185344K, used 182989K [0x00000000c0000000, 0x00000000cb500000, 0x00000000eab00000)
  object space 185344K, 98% used [0x00000000c0000000,0x00000000cb2b3520,0x00000000cb500000)
 Metaspace       used 68954K, committed 70272K, reserved 1114112K
  class space    used 7209K, committed 7744K, reserved 1048576K
}
Event: 12.085 GC heap after
{Heap after GC invocations=147 (full 9):
 PSYoungGen      total 72704K, used 0K [0x00000000eab00000, 0x00000000efe00000, 0x0000000100000000)
  eden space 60928K, 0% used [0x00000000eab00000,0x00000000eab00000,0x00000000ee680000)
  from space 11776K, 0% used [0x00000000ef200000,0x00000000ef200000,0x00000000efd80000)
  to   space 11776K, 0% used [0x00000000ee680000,0x00000000ee680000,0x00000000ef200000)
 ParOldGen       total 225792K, used 171275K [0x00000000c0000000, 0x00000000cdc80000, 0x00000000eab00000)
  object space 225792K, 75% used [0x00000000c0000000,0x00000000ca742df8,0x00000000cdc80000)
 Metaspace       used 68954K, committed 70272K, reserved 1114112K
  class space    used 7209K, committed 7744K, reserved 1048576K
}
Event: 12.138 GC heap before
{Heap before GC invocations=148 (full 9):
 PSYoungGen      total 72704K, used 60928K [0x00000000eab00000, 0x00000000efe00000, 0x0000000100000000)
  eden space 60928K, 100% used [0x00000000eab00000,0x00000000ee680000,0x00000000ee680000)
  from space 11776K, 0% used [0x00000000ef200000,0x00000000ef200000,0x00000000efd80000)
  to   space 11776K, 0% used [0x00000000ee680000,0x00000000ee680000,0x00000000ef200000)
 ParOldGen       total 225792K, used 171275K [0x00000000c0000000, 0x00000000cdc80000, 0x00000000eab00000)
  object space 225792K, 75% used [0x00000000c0000000,0x00000000ca742df8,0x00000000cdc80000)
 Metaspace       used 68968K, committed 70272K, reserved 1114112K
  class space    used 7209K, committed 7744K, reserved 1048576K
}
Event: 12.142 GC heap after
{Heap after GC invocations=148 (full 9):
 PSYoungGen      total 72704K, used 3190K [0x00000000eab00000, 0x00000000ef880000, 0x0000000100000000)
  eden space 60928K, 0% used [0x00000000eab00000,0x00000000eab00000,0x00000000ee680000)
  from space 11776K, 27% used [0x00000000ee680000,0x00000000ee99d8f0,0x00000000ef200000)
  to   space 6656K, 0% used [0x00000000ef200000,0x00000000ef200000,0x00000000ef880000)
 ParOldGen       total 225792K, used 171283K [0x00000000c0000000, 0x00000000cdc80000, 0x00000000eab00000)
  object space 225792K, 75% used [0x00000000c0000000,0x00000000ca744df8,0x00000000cdc80000)
 Metaspace       used 68968K, committed 70272K, reserved 1114112K
  class space    used 7209K, committed 7744K, reserved 1048576K
}
Event: 12.250 GC heap before
{Heap before GC invocations=149 (full 9):
 PSYoungGen      total 72704K, used 64118K [0x00000000eab00000, 0x00000000ef880000, 0x0000000100000000)
  eden space 60928K, 100% used [0x00000000eab00000,0x00000000ee680000,0x00000000ee680000)
  from space 11776K, 27% used [0x00000000ee680000,0x00000000ee99d8f0,0x00000000ef200000)
  to   space 6656K, 0% used [0x00000000ef200000,0x00000000ef200000,0x00000000ef880000)
 ParOldGen       total 225792K, used 171283K [0x00000000c0000000, 0x00000000cdc80000, 0x00000000eab00000)
  object space 225792K, 75% used [0x00000000c0000000,0x00000000ca744df8,0x00000000cdc80000)
 Metaspace       used 68999K, committed 70272K, reserved 1114112K
  class space    used 7209K, committed 7744K, reserved 1048576K
}
Event: 12.252 GC heap after
{Heap after GC invocations=149 (full 9):
 PSYoungGen      total 71680K, used 5737K [0x00000000eab00000, 0x00000000ef800000, 0x0000000100000000)
  eden space 65536K, 0% used [0x00000000eab00000,0x00000000eab00000,0x00000000eeb00000)
  from space 6144K, 93% used [0x00000000ef200000,0x00000000ef79a5f0,0x00000000ef800000)
  to   space 6656K, 0% used [0x00000000eeb00000,0x00000000eeb00000,0x00000000ef180000)
 ParOldGen       total 225792K, used 171291K [0x00000000c0000000, 0x00000000cdc80000, 0x00000000eab00000)
  object space 225792K, 75% used [0x00000000c0000000,0x00000000ca746df8,0x00000000cdc80000)
 Metaspace       used 68999K, committed 70272K, reserved 1114112K
  class space    used 7209K, committed 7744K, reserved 1048576K
}
Event: 12.355 GC heap before
{Heap before GC invocations=150 (full 9):
 PSYoungGen      total 71680K, used 71273K [0x00000000eab00000, 0x00000000ef800000, 0x0000000100000000)
  eden space 65536K, 100% used [0x00000000eab00000,0x00000000eeb00000,0x00000000eeb00000)
  from space 6144K, 93% used [0x00000000ef200000,0x00000000ef79a5f0,0x00000000ef800000)
  to   space 6656K, 0% used [0x00000000eeb00000,0x00000000eeb00000,0x00000000ef180000)
 ParOldGen       total 225792K, used 171291K [0x00000000c0000000, 0x00000000cdc80000, 0x00000000eab00000)
  object space 225792K, 75% used [0x00000000c0000000,0x00000000ca746df8,0x00000000cdc80000)
 Metaspace       used 69020K, committed 70272K, reserved 1114112K
  class space    used 7209K, committed 7744K, reserved 1048576K
}
Event: 12.359 GC heap after
{Heap after GC invocations=150 (full 9):
 PSYoungGen      total 72192K, used 6630K [0x00000000eab00000, 0x00000000f0480000, 0x0000000100000000)
  eden space 65536K, 0% used [0x00000000eab00000,0x00000000eab00000,0x00000000eeb00000)
  from space 6656K, 99% used [0x00000000eeb00000,0x00000000ef179808,0x00000000ef180000)
  to   space 10752K, 0% used [0x00000000efa00000,0x00000000efa00000,0x00000000f0480000)
 ParOldGen       total 225792K, used 174430K [0x00000000c0000000, 0x00000000cdc80000, 0x00000000eab00000)
  object space 225792K, 77% used [0x00000000c0000000,0x00000000caa57878,0x00000000cdc80000)
 Metaspace       used 69020K, committed 70272K, reserved 1114112K
  class space    used 7209K, committed 7744K, reserved 1048576K
}
Event: 12.424 GC heap before
{Heap before GC invocations=151 (full 9):
 PSYoungGen      total 72192K, used 72166K [0x00000000eab00000, 0x00000000f0480000, 0x0000000100000000)
  eden space 65536K, 100% used [0x00000000eab00000,0x00000000eeb00000,0x00000000eeb00000)
  from space 6656K, 99% used [0x00000000eeb00000,0x00000000ef179808,0x00000000ef180000)
  to   space 10752K, 0% used [0x00000000efa00000,0x00000000efa00000,0x00000000f0480000)
 ParOldGen       total 225792K, used 174430K [0x00000000c0000000, 0x00000000cdc80000, 0x00000000eab00000)
  object space 225792K, 77% used [0x00000000c0000000,0x00000000caa57878,0x00000000cdc80000)
 Metaspace       used 69026K, committed 70336K, reserved 1114112K
  class space    used 7209K, committed 7744K, reserved 1048576K
}
Event: 12.430 GC heap after
{Heap after GC invocations=151 (full 9):
 PSYoungGen      total 78848K, used 8245K [0x00000000eab00000, 0x00000000f0280000, 0x0000000100000000)
  eden space 70144K, 0% used [0x00000000eab00000,0x00000000eab00000,0x00000000eef80000)
  from space 8704K, 94% used [0x00000000efa00000,0x00000000f020d6c0,0x00000000f0280000)
  to   space 9216K, 0% used [0x00000000ef080000,0x00000000ef080000,0x00000000ef980000)
 ParOldGen       total 225792K, used 174430K [0x00000000c0000000, 0x00000000cdc80000, 0x00000000eab00000)
  object space 225792K, 77% used [0x00000000c0000000,0x00000000caa57878,0x00000000cdc80000)
 Metaspace       used 69026K, committed 70336K, reserved 1114112K
  class space    used 7209K, committed 7744K, reserved 1048576K
}
Event: 12.560 GC heap before
{Heap before GC invocations=152 (full 9):
 PSYoungGen      total 78848K, used 78389K [0x00000000eab00000, 0x00000000f0280000, 0x0000000100000000)
  eden space 70144K, 100% used [0x00000000eab00000,0x00000000eef80000,0x00000000eef80000)
  from space 8704K, 94% used [0x00000000efa00000,0x00000000f020d6c0,0x00000000f0280000)
  to   space 9216K, 0% used [0x00000000ef080000,0x00000000ef080000,0x00000000ef980000)
 ParOldGen       total 225792K, used 174430K [0x00000000c0000000, 0x00000000cdc80000, 0x00000000eab00000)
  object space 225792K, 77% used [0x00000000c0000000,0x00000000caa57878,0x00000000cdc80000)
 Metaspace       used 69030K, committed 70336K, reserved 1114112K
  class space    used 7209K, committed 7744K, reserved 1048576K
}
Event: 12.566 GC heap after
{Heap after GC invocations=152 (full 9):
 PSYoungGen      total 80384K, used 9204K [0x00000000eab00000, 0x00000000f0d00000, 0x0000000100000000)
  eden space 71168K, 0% used [0x00000000eab00000,0x00000000eab00000,0x00000000ef080000)
  from space 9216K, 99% used [0x00000000ef080000,0x00000000ef97d130,0x00000000ef980000)
  to   space 12800K, 0% used [0x00000000f0080000,0x00000000f0080000,0x00000000f0d00000)
 ParOldGen       total 225792K, used 177094K [0x00000000c0000000, 0x00000000cdc80000, 0x00000000eab00000)
  object space 225792K, 78% used [0x00000000c0000000,0x00000000cacf1828,0x00000000cdc80000)
 Metaspace       used 69030K, committed 70336K, reserved 1114112K
  class space    used 7209K, committed 7744K, reserved 1048576K
}
Event: 12.659 GC heap before
{Heap before GC invocations=153 (full 9):
 PSYoungGen      total 80384K, used 80372K [0x00000000eab00000, 0x00000000f0d00000, 0x0000000100000000)
  eden space 71168K, 100% used [0x00000000eab00000,0x00000000ef080000,0x00000000ef080000)
  from space 9216K, 99% used [0x00000000ef080000,0x00000000ef97d130,0x00000000ef980000)
  to   space 12800K, 0% used [0x00000000f0080000,0x00000000f0080000,0x00000000f0d00000)
 ParOldGen       total 225792K, used 177094K [0x00000000c0000000, 0x00000000cdc80000, 0x00000000eab00000)
  object space 225792K, 78% used [0x00000000c0000000,0x00000000cacf1828,0x00000000cdc80000)
 Metaspace       used 69030K, committed 70336K, reserved 1114112K
  class space    used 7209K, committed 7744K, reserved 1048576K
}
Event: 12.666 GC heap after
{Heap after GC invocations=153 (full 9):
 PSYoungGen      total 86528K, used 12797K [0x00000000eab00000, 0x00000000f1000000, 0x0000000100000000)
  eden space 73728K, 0% used [0x00000000eab00000,0x00000000eab00000,0x00000000ef300000)
  from space 12800K, 99% used [0x00000000f0080000,0x00000000f0cff6c0,0x00000000f0d00000)
  to   space 13824K, 0% used [0x00000000ef300000,0x00000000ef300000,0x00000000f0080000)
 ParOldGen       total 225792K, used 177307K [0x00000000c0000000, 0x00000000cdc80000, 0x00000000eab00000)
  object space 225792K, 78% used [0x00000000c0000000,0x00000000cad26df0,0x00000000cdc80000)
 Metaspace       used 69030K, committed 70336K, reserved 1114112K
  class space    used 7209K, committed 7744K, reserved 1048576K
}
Event: 12.758 GC heap before
{Heap before GC invocations=154 (full 9):
 PSYoungGen      total 86528K, used 86525K [0x00000000eab00000, 0x00000000f1000000, 0x0000000100000000)
  eden space 73728K, 100% used [0x00000000eab00000,0x00000000ef300000,0x00000000ef300000)
  from space 12800K, 99% used [0x00000000f0080000,0x00000000f0cff6c0,0x00000000f0d00000)
  to   space 13824K, 0% used [0x00000000ef300000,0x00000000ef300000,0x00000000f0080000)
 ParOldGen       total 225792K, used 177307K [0x00000000c0000000, 0x00000000cdc80000, 0x00000000eab00000)
  object space 225792K, 78% used [0x00000000c0000000,0x00000000cad26df0,0x00000000cdc80000)
 Metaspace       used 69071K, committed 70336K, reserved 1114112K
  class space    used 7210K, committed 7744K, reserved 1048576K
}
Event: 12.769 GC heap after
{Heap after GC invocations=154 (full 9):
 PSYoungGen      total 87552K, used 13812K [0x00000000eab00000, 0x00000000f1a80000, 0x0000000100000000)
  eden space 73728K, 0% used [0x00000000eab00000,0x00000000eab00000,0x00000000ef300000)
  from space 13824K, 99% used [0x00000000ef300000,0x00000000f007d1e0,0x00000000f0080000)
  to   space 17408K, 0% used [0x00000000f0980000,0x00000000f0980000,0x00000000f1a80000)
 ParOldGen       total 225792K, used 180053K [0x00000000c0000000, 0x00000000cdc80000, 0x00000000eab00000)
  object space 225792K, 79% used [0x00000000c0000000,0x00000000cafd5740,0x00000000cdc80000)
 Metaspace       used 69071K, committed 70336K, reserved 1114112K
  class space    used 7210K, committed 7744K, reserved 1048576K
}
Event: 12.987 GC heap before
{Heap before GC invocations=155 (full 9):
 PSYoungGen      total 87552K, used 87540K [0x00000000eab00000, 0x00000000f1a80000, 0x0000000100000000)
  eden space 73728K, 100% used [0x00000000eab00000,0x00000000ef300000,0x00000000ef300000)
  from space 13824K, 99% used [0x00000000ef300000,0x00000000f007d1e0,0x00000000f0080000)
  to   space 17408K, 0% used [0x00000000f0980000,0x00000000f0980000,0x00000000f1a80000)
 ParOldGen       total 225792K, used 180053K [0x00000000c0000000, 0x00000000cdc80000, 0x00000000eab00000)
  object space 225792K, 79% used [0x00000000c0000000,0x00000000cafd5740,0x00000000cdc80000)
 Metaspace       used 69888K, committed 71168K, reserved 1114112K
  class space    used 7310K, committed 7872K, reserved 1048576K
}
Event: 12.999 GC heap after
{Heap after GC invocations=155 (full 9):
 PSYoungGen      total 91136K, used 17380K [0x00000000eab00000, 0x00000000f1a80000, 0x0000000100000000)
  eden space 73728K, 0% used [0x00000000eab00000,0x00000000eab00000,0x00000000ef300000)
  from space 17408K, 99% used [0x00000000f0980000,0x00000000f1a790d8,0x00000000f1a80000)
  to   space 13824K, 0% used [0x00000000ef300000,0x00000000ef300000,0x00000000f0080000)
 ParOldGen       total 225792K, used 185625K [0x00000000c0000000, 0x00000000cdc80000, 0x00000000eab00000)
  object space 225792K, 82% used [0x00000000c0000000,0x00000000cb546670,0x00000000cdc80000)
 Metaspace       used 69888K, committed 71168K, reserved 1114112K
  class space    used 7310K, committed 7872K, reserved 1048576K
}

