# JRE version: OpenJDK Runtime Environment Temurin-17.0.12+7 (17.0.12+7) (build 17.0.12+7)
# Java VM: OpenJDK 64-Bit Server VM Temurin-17.0.12+7 (17.0.12+7, mixed mode, tiered, compressed oops, compressed class ptrs, parallel gc, windows-amd64)
GC Precious Log:
 CPUs: 8 total, 8 available
 Memory: 7969M
 Large Page Support: Disabled
 NUMA Support: Disabled
 Compressed Oops: Enabled (32-bit)
 Alignments: Space 512K, Generation 512K, Heap 2M
 Heap Min Capacity: 100M
 Heap Initial Capacity: 100M
 Heap Max Capacity: 1G
 Pre-touch: Disabled
 Parallel Workers: 8
Heap:
 PSYoungGen      total 9216K, used 8238K [0x00000000eab00000, 0x00000000eb980000, 0x0000000100000000)
  eden space 7168K, 88% used [0x00000000eab00000,0x00000000eb13aba8,0x00000000eb200000)
  from space 2048K, 90% used [0x00000000eb580000,0x00000000eb750d40,0x00000000eb780000)
  to   space 2048K, 0% used [0x00000000eb780000,0x00000000eb780000,0x00000000eb980000)
 ParOldGen       total 225792K, used 197528K [0x00000000c0000000, 0x00000000cdc80000, 0x00000000eab00000)
  object space 225792K, 87% used [0x00000000c0000000,0x00000000cc0e6000,0x00000000cdc80000)
 Metaspace       used 90477K, committed 91968K, reserved 1179648K
  class space    used 9272K, committed 9920K, reserved 1048576K
GC Heap History (20 events):
Event: 979.741 GC heap before
{Heap before GC invocations=504 (full 18):
 PSYoungGen      total 13824K, used 13088K [0x00000000eab00000, 0x00000000ebe80000, 0x0000000100000000)
  eden space 12800K, 100% used [0x00000000eab00000,0x00000000eb780000,0x00000000eb780000)
  from space 1024K, 28% used [0x00000000ebd00000,0x00000000ebd48020,0x00000000ebe00000)
  to   space 512K, 0% used [0x00000000ebe00000,0x00000000ebe00000,0x00000000ebe80000)
 ParOldGen       total 225792K, used 188132K [0x00000000c0000000, 0x00000000cdc80000, 0x00000000eab00000)
  object space 225792K, 83% used [0x00000000c0000000,0x00000000cb7b9200,0x00000000cdc80000)
 Metaspace       used 89336K, committed 90752K, reserved 1179648K
  class space    used 9145K, committed 9792K, reserved 1048576K
}
Event: 979.742 GC heap after
{Heap after GC invocations=504 (full 18):
 PSYoungGen      total 13312K, used 416K [0x00000000eab00000, 0x00000000ebe80000, 0x0000000100000000)
  eden space 12800K, 0% used [0x00000000eab00000,0x00000000eab00000,0x00000000eb780000)
  from space 512K, 81% used [0x00000000ebe00000,0x00000000ebe68020,0x00000000ebe80000)
  to   space 512K, 0% used [0x00000000ebd80000,0x00000000ebd80000,0x00000000ebe00000)
 ParOldGen       total 225792K, used 188140K [0x00000000c0000000, 0x00000000cdc80000, 0x00000000eab00000)
  object space 225792K, 83% used [0x00000000c0000000,0x00000000cb7bb200,0x00000000cdc80000)
 Metaspace       used 89336K, committed 90752K, reserved 1179648K
  class space    used 9145K, committed 9792K, reserved 1048576K
}
Event: 982.646 GC heap before
{Heap before GC invocations=505 (full 18):
 PSYoungGen      total 13312K, used 13216K [0x00000000eab00000, 0x00000000ebe80000, 0x0000000100000000)
  eden space 12800K, 100% used [0x00000000eab00000,0x00000000eb780000,0x00000000eb780000)
  from space 512K, 81% used [0x00000000ebe00000,0x00000000ebe68020,0x00000000ebe80000)
  to   space 512K, 0% used [0x00000000ebd80000,0x00000000ebd80000,0x00000000ebe00000)
 ParOldGen       total 225792K, used 188140K [0x00000000c0000000, 0x00000000cdc80000, 0x00000000eab00000)
  object space 225792K, 83% used [0x00000000c0000000,0x00000000cb7bb200,0x00000000cdc80000)
 Metaspace       used 89695K, committed 91072K, reserved 1179648K
  class space    used 9184K, committed 9792K, reserved 1048576K
}
Event: 982.647 GC heap after
{Heap after GC invocations=505 (full 18):
 PSYoungGen      total 13312K, used 288K [0x00000000eab00000, 0x00000000ebe80000, 0x0000000100000000)
  eden space 12800K, 0% used [0x00000000eab00000,0x00000000eab00000,0x00000000eb780000)
  from space 512K, 56% used [0x00000000ebd80000,0x00000000ebdc8000,0x00000000ebe00000)
  to   space 512K, 0% used [0x00000000ebe00000,0x00000000ebe00000,0x00000000ebe80000)
 ParOldGen       total 225792K, used 188148K [0x00000000c0000000, 0x00000000cdc80000, 0x00000000eab00000)
  object space 225792K, 83% used [0x00000000c0000000,0x00000000cb7bd200,0x00000000cdc80000)
 Metaspace       used 89695K, committed 91072K, reserved 1179648K
  class space    used 9184K, committed 9792K, reserved 1048576K
}
Event: 994.904 GC heap before
{Heap before GC invocations=506 (full 18):
 PSYoungGen      total 13312K, used 13088K [0x00000000eab00000, 0x00000000ebe80000, 0x0000000100000000)
  eden space 12800K, 100% used [0x00000000eab00000,0x00000000eb780000,0x00000000eb780000)
  from space 512K, 56% used [0x00000000ebd80000,0x00000000ebdc8000,0x00000000ebe00000)
  to   space 512K, 0% used [0x00000000ebe00000,0x00000000ebe00000,0x00000000ebe80000)
 ParOldGen       total 225792K, used 188148K [0x00000000c0000000, 0x00000000cdc80000, 0x00000000eab00000)
  object space 225792K, 83% used [0x00000000c0000000,0x00000000cb7bd200,0x00000000cdc80000)
 Metaspace       used 89754K, committed 91136K, reserved 1179648K
  class space    used 9184K, committed 9792K, reserved 1048576K
}
Event: 994.906 GC heap after
{Heap after GC invocations=506 (full 18):
 PSYoungGen      total 13312K, used 288K [0x00000000eab00000, 0x00000000ebe80000, 0x0000000100000000)
  eden space 12800K, 0% used [0x00000000eab00000,0x00000000eab00000,0x00000000eb780000)
  from space 512K, 56% used [0x00000000ebe00000,0x00000000ebe48000,0x00000000ebe80000)
  to   space 512K, 0% used [0x00000000ebd80000,0x00000000ebd80000,0x00000000ebe00000)
 ParOldGen       total 225792K, used 188156K [0x00000000c0000000, 0x00000000cdc80000, 0x00000000eab00000)
  object space 225792K, 83% used [0x00000000c0000000,0x00000000cb7bf200,0x00000000cdc80000)
 Metaspace       used 89754K, committed 91136K, reserved 1179648K
  class space    used 9184K, committed 9792K, reserved 1048576K
}
Event: 1223.069 GC heap before
{Heap before GC invocations=507 (full 18):
 PSYoungGen      total 13312K, used 13088K [0x00000000eab00000, 0x00000000ebe80000, 0x0000000100000000)
  eden space 12800K, 100% used [0x00000000eab00000,0x00000000eb780000,0x00000000eb780000)
  from space 512K, 56% used [0x00000000ebe00000,0x00000000ebe48000,0x00000000ebe80000)
  to   space 512K, 0% used [0x00000000ebd80000,0x00000000ebd80000,0x00000000ebe00000)
 ParOldGen       total 225792K, used 188156K [0x00000000c0000000, 0x00000000cdc80000, 0x00000000eab00000)
  object space 225792K, 83% used [0x00000000c0000000,0x00000000cb7bf200,0x00000000cdc80000)
 Metaspace       used 89825K, committed 91264K, reserved 1179648K
  class space    used 9197K, committed 9792K, reserved 1048576K
}
Event: 1223.072 GC heap after
{Heap after GC invocations=507 (full 18):
 PSYoungGen      total 13312K, used 320K [0x00000000eab00000, 0x00000000ebe80000, 0x0000000100000000)
  eden space 12800K, 0% used [0x00000000eab00000,0x00000000eab00000,0x00000000eb780000)
  from space 512K, 62% used [0x00000000ebd80000,0x00000000ebdd0000,0x00000000ebe00000)
  to   space 512K, 0% used [0x00000000ebe00000,0x00000000ebe00000,0x00000000ebe80000)
 ParOldGen       total 225792K, used 188156K [0x00000000c0000000, 0x00000000cdc80000, 0x00000000eab00000)
  object space 225792K, 83% used [0x00000000c0000000,0x00000000cb7bf200,0x00000000cdc80000)
 Metaspace       used 89825K, committed 91264K, reserved 1179648K
  class space    used 9197K, committed 9792K, reserved 1048576K
}
Event: 1424.686 GC heap before
{Heap before GC invocations=508 (full 18):
 PSYoungGen      total 13312K, used 13119K [0x00000000eab00000, 0x00000000ebe80000, 0x0000000100000000)
  eden space 12800K, 99% used [0x00000000eab00000,0x00000000eb77fff8,0x00000000eb780000)
  from space 512K, 62% used [0x00000000ebd80000,0x00000000ebdd0000,0x00000000ebe00000)
  to   space 512K, 0% used [0x00000000ebe00000,0x00000000ebe00000,0x00000000ebe80000)
 ParOldGen       total 225792K, used 188156K [0x00000000c0000000, 0x00000000cdc80000, 0x00000000eab00000)
  object space 225792K, 83% used [0x00000000c0000000,0x00000000cb7bf200,0x00000000cdc80000)
 Metaspace       used 89831K, committed 91264K, reserved 1179648K
  class space    used 9197K, committed 9792K, reserved 1048576K
}
Event: 1424.687 GC heap after
{Heap after GC invocations=508 (full 18):
 PSYoungGen      total 13312K, used 500K [0x00000000eab00000, 0x00000000ebe80000, 0x0000000100000000)
  eden space 12800K, 0% used [0x00000000eab00000,0x00000000eab00000,0x00000000eb780000)
  from space 512K, 97% used [0x00000000ebe00000,0x00000000ebe7d220,0x00000000ebe80000)
  to   space 1024K, 0% used [0x00000000ebc80000,0x00000000ebc80000,0x00000000ebd80000)
 ParOldGen       total 225792K, used 188268K [0x00000000c0000000, 0x00000000cdc80000, 0x00000000eab00000)
  object space 225792K, 83% used [0x00000000c0000000,0x00000000cb7db200,0x00000000cdc80000)
 Metaspace       used 89831K, committed 91264K, reserved 1179648K
  class space    used 9197K, committed 9792K, reserved 1048576K
}
Event: 1425.277 GC heap before
{Heap before GC invocations=509 (full 18):
 PSYoungGen      total 13312K, used 13300K [0x00000000eab00000, 0x00000000ebe80000, 0x0000000100000000)
  eden space 12800K, 100% used [0x00000000eab00000,0x00000000eb780000,0x00000000eb780000)
  from space 512K, 97% used [0x00000000ebe00000,0x00000000ebe7d220,0x00000000ebe80000)
  to   space 1024K, 0% used [0x00000000ebc80000,0x00000000ebc80000,0x00000000ebd80000)
 ParOldGen       total 225792K, used 188268K [0x00000000c0000000, 0x00000000cdc80000, 0x00000000eab00000)
  object space 225792K, 83% used [0x00000000c0000000,0x00000000cb7db200,0x00000000cdc80000)
 Metaspace       used 90129K, committed 91584K, reserved 1179648K
  class space    used 9231K, committed 9856K, reserved 1048576K
}
Event: 1425.280 GC heap after
{Heap after GC invocations=509 (full 18):
 PSYoungGen      total 13824K, used 1012K [0x00000000eab00000, 0x00000000ebe80000, 0x0000000100000000)
  eden space 12800K, 0% used [0x00000000eab00000,0x00000000eab00000,0x00000000eb780000)
  from space 1024K, 98% used [0x00000000ebc80000,0x00000000ebd7d240,0x00000000ebd80000)
  to   space 1024K, 0% used [0x00000000ebd80000,0x00000000ebd80000,0x00000000ebe80000)
 ParOldGen       total 225792K, used 188372K [0x00000000c0000000, 0x00000000cdc80000, 0x00000000eab00000)
  object space 225792K, 83% used [0x00000000c0000000,0x00000000cb7f5200,0x00000000cdc80000)
 Metaspace       used 90129K, committed 91584K, reserved 1179648K
  class space    used 9231K, committed 9856K, reserved 1048576K
}
Event: 1425.368 GC heap before
{Heap before GC invocations=510 (full 18):
 PSYoungGen      total 13824K, used 13812K [0x00000000eab00000, 0x00000000ebe80000, 0x0000000100000000)
  eden space 12800K, 100% used [0x00000000eab00000,0x00000000eb780000,0x00000000eb780000)
  from space 1024K, 98% used [0x00000000ebc80000,0x00000000ebd7d240,0x00000000ebd80000)
  to   space 1024K, 0% used [0x00000000ebd80000,0x00000000ebd80000,0x00000000ebe80000)
 ParOldGen       total 225792K, used 188372K [0x00000000c0000000, 0x00000000cdc80000, 0x00000000eab00000)
  object space 225792K, 83% used [0x00000000c0000000,0x00000000cb7f5200,0x00000000cdc80000)
 Metaspace       used 90449K, committed 91904K, reserved 1179648K
  class space    used 9271K, committed 9920K, reserved 1048576K
}
Event: 1425.373 GC heap after
{Heap after GC invocations=510 (full 18):
 PSYoungGen      total 8192K, used 1006K [0x00000000eab00000, 0x00000000ece80000, 0x0000000100000000)
  eden space 7168K, 0% used [0x00000000eab00000,0x00000000eab00000,0x00000000eb200000)
  from space 1024K, 98% used [0x00000000ebd80000,0x00000000ebe7bb40,0x00000000ebe80000)
  to   space 11776K, 0% used [0x00000000eb200000,0x00000000eb200000,0x00000000ebd80000)
 ParOldGen       total 225792K, used 197432K [0x00000000c0000000, 0x00000000cdc80000, 0x00000000eab00000)
  object space 225792K, 87% used [0x00000000c0000000,0x00000000cc0ce000,0x00000000cdc80000)
 Metaspace       used 90449K, committed 91904K, reserved 1179648K
  class space    used 9271K, committed 9920K, reserved 1048576K
}
Event: 1425.405 GC heap before
{Heap before GC invocations=511 (full 18):
 PSYoungGen      total 8192K, used 8174K [0x00000000eab00000, 0x00000000ece80000, 0x0000000100000000)
  eden space 7168K, 100% used [0x00000000eab00000,0x00000000eb200000,0x00000000eb200000)
  from space 1024K, 98% used [0x00000000ebd80000,0x00000000ebe7bb40,0x00000000ebe80000)
  to   space 11776K, 0% used [0x00000000eb200000,0x00000000eb200000,0x00000000ebd80000)
 ParOldGen       total 225792K, used 197432K [0x00000000c0000000, 0x00000000cdc80000, 0x00000000eab00000)
  object space 225792K, 87% used [0x00000000c0000000,0x00000000cc0ce000,0x00000000cdc80000)
 Metaspace       used 90451K, committed 91904K, reserved 1179648K
  class space    used 9271K, committed 9920K, reserved 1048576K
}
Event: 1425.408 GC heap after
{Heap after GC invocations=511 (full 18):
 PSYoungGen      total 9216K, used 1966K [0x00000000eab00000, 0x00000000ebe00000, 0x0000000100000000)
  eden space 7168K, 0% used [0x00000000eab00000,0x00000000eab00000,0x00000000eb200000)
  from space 2048K, 96% used [0x00000000eb200000,0x00000000eb3ebb40,0x00000000eb400000)
  to   space 5120K, 0% used [0x00000000eb900000,0x00000000eb900000,0x00000000ebe00000)
 ParOldGen       total 225792K, used 197528K [0x00000000c0000000, 0x00000000cdc80000, 0x00000000eab00000)
  object space 225792K, 87% used [0x00000000c0000000,0x00000000cc0e6000,0x00000000cdc80000)
 Metaspace       used 90451K, committed 91904K, reserved 1179648K
  class space    used 9271K, committed 9920K, reserved 1048576K
}
Event: 1425.459 GC heap before
{Heap before GC invocations=512 (full 18):
 PSYoungGen      total 9216K, used 9134K [0x00000000eab00000, 0x00000000ebe00000, 0x0000000100000000)
  eden space 7168K, 100% used [0x00000000eab00000,0x00000000eb200000,0x00000000eb200000)
  from space 2048K, 96% used [0x00000000eb200000,0x00000000eb3ebb40,0x00000000eb400000)
  to   space 5120K, 0% used [0x00000000eb900000,0x00000000eb900000,0x00000000ebe00000)
 ParOldGen       total 225792K, used 197528K [0x00000000c0000000, 0x00000000cdc80000, 0x00000000eab00000)
  object space 225792K, 87% used [0x00000000c0000000,0x00000000cc0e6000,0x00000000cdc80000)
 Metaspace       used 90451K, committed 91904K, reserved 1179648K
  class space    used 9271K, committed 9920K, reserved 1048576K
}
Event: 1425.460 GC heap after
{Heap after GC invocations=512 (full 18):
 PSYoungGen      total 8704K, used 1326K [0x00000000eab00000, 0x00000000eba80000, 0x0000000100000000)
  eden space 7168K, 0% used [0x00000000eab00000,0x00000000eab00000,0x00000000eb200000)
  from space 1536K, 86% used [0x00000000eb900000,0x00000000eba4bb40,0x00000000eba80000)
  to   space 2560K, 0% used [0x00000000eb580000,0x00000000eb580000,0x00000000eb800000)
 ParOldGen       total 225792K, used 197528K [0x00000000c0000000, 0x00000000cdc80000, 0x00000000eab00000)
  object space 225792K, 87% used [0x00000000c0000000,0x00000000cc0e6000,0x00000000cdc80000)
 Metaspace       used 90451K, committed 91904K, reserved 1179648K
  class space    used 9271K, committed 9920K, reserved 1048576K
}
Event: 1425.472 GC heap before
{Heap before GC invocations=513 (full 18):
 PSYoungGen      total 8704K, used 8494K [0x00000000eab00000, 0x00000000eba80000, 0x0000000100000000)
  eden space 7168K, 100% used [0x00000000eab00000,0x00000000eb200000,0x00000000eb200000)
  from space 1536K, 86% used [0x00000000eb900000,0x00000000eba4bb40,0x00000000eba80000)
  to   space 2560K, 0% used [0x00000000eb580000,0x00000000eb580000,0x00000000eb800000)
 ParOldGen       total 225792K, used 197528K [0x00000000c0000000, 0x00000000cdc80000, 0x00000000eab00000)
  object space 225792K, 87% used [0x00000000c0000000,0x00000000cc0e6000,0x00000000cdc80000)
 Metaspace       used 90452K, committed 91904K, reserved 1179648K
  class space    used 9271K, committed 9920K, reserved 1048576K
}
Event: 1425.473 GC heap after
{Heap after GC invocations=513 (full 18):
 PSYoungGen      total 9216K, used 1859K [0x00000000eab00000, 0x00000000eb980000, 0x0000000100000000)
  eden space 7168K, 0% used [0x00000000eab00000,0x00000000eab00000,0x00000000eb200000)
  from space 2048K, 90% used [0x00000000eb580000,0x00000000eb750d40,0x00000000eb780000)
  to   space 2048K, 0% used [0x00000000eb780000,0x00000000eb780000,0x00000000eb980000)
 ParOldGen       total 225792K, used 197528K [0x00000000c0000000, 0x00000000cdc80000, 0x00000000eab00000)
  object space 225792K, 87% used [0x00000000c0000000,0x00000000cc0e6000,0x00000000cdc80000)
 Metaspace       used 90452K, committed 91904K, reserved 1179648K
  class space    used 9271K, committed 9920K, reserved 1048576K
}

