# JRE version: OpenJDK Runtime Environment Temurin-17.0.12+7 (17.0.12+7) (build 17.0.12+7)
# Java VM: OpenJDK 64-Bit Server VM Temurin-17.0.12+7 (17.0.12+7, mixed mode, tiered, compressed oops, compressed class ptrs, parallel gc, windows-amd64)
GC Precious Log:
 CPUs: 8 total, 8 available
 Memory: 7969M
 Large Page Support: Disabled
 NUMA Support: Disabled
 Compressed Oops: Enabled (32-bit)
 Alignments: Space 512K, Generation 512K, Heap 2M
 Heap Min Capacity: 100M
 Heap Initial Capacity: 100M
 Heap Max Capacity: 1G
 Pre-touch: Disabled
 Parallel Workers: 8
Heap:
 PSYoungGen      total 6144K, used 2656K [0x00000000eab00000, 0x00000000eb180000, 0x0000000100000000)
  eden space 5120K, 47% used [0x00000000eab00000,0x00000000ead60140,0x00000000eb000000)
  from space 1024K, 21% used [0x00000000eb000000,0x00000000eb038000,0x00000000eb100000)
  to   space 512K, 0% used [0x00000000eb100000,0x00000000eb100000,0x00000000eb180000)
 ParOldGen       total 199680K, used 180911K [0x00000000c0000000, 0x00000000cc300000, 0x00000000eab00000)
  object space 199680K, 90% used [0x00000000c0000000,0x00000000cb0abd90,0x00000000cc300000)
 Metaspace       used 118630K, committed 120128K, reserved 1179648K
  class space    used 11783K, committed 12480K, reserved 1048576K
GC Heap History (20 events):
Event: 23564.201 GC heap before
{Heap before GC invocations=18960 (full 410):
 PSYoungGen      total 5632K, used 5504K [0x00000000eab00000, 0x00000000eb200000, 0x0000000100000000)
  eden space 5120K, 100% used [0x00000000eab00000,0x00000000eb000000,0x00000000eb000000)
  from space 512K, 75% used [0x00000000eb100000,0x00000000eb160000,0x00000000eb180000)
  to   space 512K, 0% used [0x00000000eb180000,0x00000000eb180000,0x00000000eb200000)
 ParOldGen       total 199680K, used 179045K [0x00000000c0000000, 0x00000000cc300000, 0x00000000eab00000)
  object space 199680K, 89% used [0x00000000c0000000,0x00000000caed9760,0x00000000cc300000)
 Metaspace       used 118601K, committed 120128K, reserved 1179648K
  class space    used 11778K, committed 12480K, reserved 1048576K
}
Event: 23564.201 GC heap after
{Heap after GC invocations=18960 (full 410):
 PSYoungGen      total 5632K, used 192K [0x00000000eab00000, 0x00000000eb200000, 0x0000000100000000)
  eden space 5120K, 0% used [0x00000000eab00000,0x00000000eab00000,0x00000000eb000000)
  from space 512K, 37% used [0x00000000eb180000,0x00000000eb1b0000,0x00000000eb200000)
  to   space 512K, 0% used [0x00000000eb100000,0x00000000eb100000,0x00000000eb180000)
 ParOldGen       total 199680K, used 179093K [0x00000000c0000000, 0x00000000cc300000, 0x00000000eab00000)
  object space 199680K, 89% used [0x00000000c0000000,0x00000000caee5760,0x00000000cc300000)
 Metaspace       used 118601K, committed 120128K, reserved 1179648K
  class space    used 11778K, committed 12480K, reserved 1048576K
}
Event: 23564.207 GC heap before
{Heap before GC invocations=18961 (full 410):
 PSYoungGen      total 5632K, used 4733K [0x00000000eab00000, 0x00000000eb200000, 0x0000000100000000)
  eden space 5120K, 88% used [0x00000000eab00000,0x00000000eaf6f798,0x00000000eb000000)
  from space 512K, 37% used [0x00000000eb180000,0x00000000eb1b0000,0x00000000eb200000)
  to   space 512K, 0% used [0x00000000eb100000,0x00000000eb100000,0x00000000eb180000)
 ParOldGen       total 199680K, used 179093K [0x00000000c0000000, 0x00000000cc300000, 0x00000000eab00000)
  object space 199680K, 89% used [0x00000000c0000000,0x00000000caee5760,0x00000000cc300000)
 Metaspace       used 118601K, committed 120128K, reserved 1179648K
  class space    used 11778K, committed 12480K, reserved 1048576K
}
Event: 23564.208 GC heap after
{Heap after GC invocations=18961 (full 410):
 PSYoungGen      total 5632K, used 288K [0x00000000eab00000, 0x00000000eb200000, 0x0000000100000000)
  eden space 5120K, 0% used [0x00000000eab00000,0x00000000eab00000,0x00000000eb000000)
  from space 512K, 56% used [0x00000000eb100000,0x00000000eb148000,0x00000000eb180000)
  to   space 512K, 0% used [0x00000000eb180000,0x00000000eb180000,0x00000000eb200000)
 ParOldGen       total 199680K, used 179117K [0x00000000c0000000, 0x00000000cc300000, 0x00000000eab00000)
  object space 199680K, 89% used [0x00000000c0000000,0x00000000caeeb760,0x00000000cc300000)
 Metaspace       used 118601K, committed 120128K, reserved 1179648K
  class space    used 11778K, committed 12480K, reserved 1048576K
}
Event: 23564.215 GC heap before
{Heap before GC invocations=18962 (full 410):
 PSYoungGen      total 5632K, used 5408K [0x00000000eab00000, 0x00000000eb200000, 0x0000000100000000)
  eden space 5120K, 100% used [0x00000000eab00000,0x00000000eb000000,0x00000000eb000000)
  from space 512K, 56% used [0x00000000eb100000,0x00000000eb148000,0x00000000eb180000)
  to   space 512K, 0% used [0x00000000eb180000,0x00000000eb180000,0x00000000eb200000)
 ParOldGen       total 199680K, used 179117K [0x00000000c0000000, 0x00000000cc300000, 0x00000000eab00000)
  object space 199680K, 89% used [0x00000000c0000000,0x00000000caeeb760,0x00000000cc300000)
 Metaspace       used 118601K, committed 120128K, reserved 1179648K
  class space    used 11778K, committed 12480K, reserved 1048576K
}
Event: 23564.216 GC heap after
{Heap after GC invocations=18962 (full 410):
 PSYoungGen      total 5632K, used 384K [0x00000000eab00000, 0x00000000eb200000, 0x0000000100000000)
  eden space 5120K, 0% used [0x00000000eab00000,0x00000000eab00000,0x00000000eb000000)
  from space 512K, 75% used [0x00000000eb180000,0x00000000eb1e0000,0x00000000eb200000)
  to   space 512K, 0% used [0x00000000eb100000,0x00000000eb100000,0x00000000eb180000)
 ParOldGen       total 199680K, used 179258K [0x00000000c0000000, 0x00000000cc300000, 0x00000000eab00000)
  object space 199680K, 89% used [0x00000000c0000000,0x00000000caf0e960,0x00000000cc300000)
 Metaspace       used 118601K, committed 120128K, reserved 1179648K
  class space    used 11778K, committed 12480K, reserved 1048576K
}
Event: 23564.227 GC heap before
{Heap before GC invocations=18963 (full 410):
 PSYoungGen      total 5632K, used 5504K [0x00000000eab00000, 0x00000000eb200000, 0x0000000100000000)
  eden space 5120K, 100% used [0x00000000eab00000,0x00000000eb000000,0x00000000eb000000)
  from space 512K, 75% used [0x00000000eb180000,0x00000000eb1e0000,0x00000000eb200000)
  to   space 512K, 0% used [0x00000000eb100000,0x00000000eb100000,0x00000000eb180000)
 ParOldGen       total 199680K, used 179258K [0x00000000c0000000, 0x00000000cc300000, 0x00000000eab00000)
  object space 199680K, 89% used [0x00000000c0000000,0x00000000caf0e960,0x00000000cc300000)
 Metaspace       used 118626K, committed 120128K, reserved 1179648K
  class space    used 11783K, committed 12480K, reserved 1048576K
}
Event: 23564.228 GC heap after
{Heap after GC invocations=18963 (full 410):
 PSYoungGen      total 5632K, used 346K [0x00000000eab00000, 0x00000000eb200000, 0x0000000100000000)
  eden space 5120K, 0% used [0x00000000eab00000,0x00000000eab00000,0x00000000eb000000)
  from space 512K, 67% used [0x00000000eb100000,0x00000000eb156900,0x00000000eb180000)
  to   space 512K, 0% used [0x00000000eb180000,0x00000000eb180000,0x00000000eb200000)
 ParOldGen       total 199680K, used 179538K [0x00000000c0000000, 0x00000000cc300000, 0x00000000eab00000)
  object space 199680K, 89% used [0x00000000c0000000,0x00000000caf54960,0x00000000cc300000)
 Metaspace       used 118626K, committed 120128K, reserved 1179648K
  class space    used 11783K, committed 12480K, reserved 1048576K
}
Event: 23564.234 GC heap before
{Heap before GC invocations=18964 (full 410):
 PSYoungGen      total 5632K, used 5051K [0x00000000eab00000, 0x00000000eb200000, 0x0000000100000000)
  eden space 5120K, 91% used [0x00000000eab00000,0x00000000eaf98548,0x00000000eb000000)
  from space 512K, 67% used [0x00000000eb100000,0x00000000eb156900,0x00000000eb180000)
  to   space 512K, 0% used [0x00000000eb180000,0x00000000eb180000,0x00000000eb200000)
 ParOldGen       total 199680K, used 179538K [0x00000000c0000000, 0x00000000cc300000, 0x00000000eab00000)
  object space 199680K, 89% used [0x00000000c0000000,0x00000000caf54960,0x00000000cc300000)
 Metaspace       used 118629K, committed 120128K, reserved 1179648K
  class space    used 11783K, committed 12480K, reserved 1048576K
}
Event: 23564.235 GC heap after
{Heap after GC invocations=18964 (full 410):
 PSYoungGen      total 5632K, used 282K [0x00000000eab00000, 0x00000000eb200000, 0x0000000100000000)
  eden space 5120K, 0% used [0x00000000eab00000,0x00000000eab00000,0x00000000eb000000)
  from space 512K, 55% used [0x00000000eb180000,0x00000000eb1c6900,0x00000000eb200000)
  to   space 512K, 0% used [0x00000000eb100000,0x00000000eb100000,0x00000000eb180000)
 ParOldGen       total 199680K, used 179690K [0x00000000c0000000, 0x00000000cc300000, 0x00000000eab00000)
  object space 199680K, 89% used [0x00000000c0000000,0x00000000caf7a960,0x00000000cc300000)
 Metaspace       used 118629K, committed 120128K, reserved 1179648K
  class space    used 11783K, committed 12480K, reserved 1048576K
}
Event: 23564.241 GC heap before
{Heap before GC invocations=18965 (full 410):
 PSYoungGen      total 5632K, used 5402K [0x00000000eab00000, 0x00000000eb200000, 0x0000000100000000)
  eden space 5120K, 100% used [0x00000000eab00000,0x00000000eb000000,0x00000000eb000000)
  from space 512K, 55% used [0x00000000eb180000,0x00000000eb1c6900,0x00000000eb200000)
  to   space 512K, 0% used [0x00000000eb100000,0x00000000eb100000,0x00000000eb180000)
 ParOldGen       total 199680K, used 179690K [0x00000000c0000000, 0x00000000cc300000, 0x00000000eab00000)
  object space 199680K, 89% used [0x00000000c0000000,0x00000000caf7a960,0x00000000cc300000)
 Metaspace       used 118629K, committed 120128K, reserved 1179648K
  class space    used 11783K, committed 12480K, reserved 1048576K
}
Event: 23564.241 GC heap after
{Heap after GC invocations=18965 (full 410):
 PSYoungGen      total 5632K, used 384K [0x00000000eab00000, 0x00000000eb200000, 0x0000000100000000)
  eden space 5120K, 0% used [0x00000000eab00000,0x00000000eab00000,0x00000000eb000000)
  from space 512K, 75% used [0x00000000eb100000,0x00000000eb160000,0x00000000eb180000)
  to   space 512K, 0% used [0x00000000eb180000,0x00000000eb180000,0x00000000eb200000)
 ParOldGen       total 199680K, used 179830K [0x00000000c0000000, 0x00000000cc300000, 0x00000000eab00000)
  object space 199680K, 90% used [0x00000000c0000000,0x00000000caf9db60,0x00000000cc300000)
 Metaspace       used 118629K, committed 120128K, reserved 1179648K
  class space    used 11783K, committed 12480K, reserved 1048576K
}
Event: 23564.247 GC heap before
{Heap before GC invocations=18966 (full 410):
 PSYoungGen      total 5632K, used 5504K [0x00000000eab00000, 0x00000000eb200000, 0x0000000100000000)
  eden space 5120K, 100% used [0x00000000eab00000,0x00000000eb000000,0x00000000eb000000)
  from space 512K, 75% used [0x00000000eb100000,0x00000000eb160000,0x00000000eb180000)
  to   space 512K, 0% used [0x00000000eb180000,0x00000000eb180000,0x00000000eb200000)
 ParOldGen       total 199680K, used 179830K [0x00000000c0000000, 0x00000000cc300000, 0x00000000eab00000)
  object space 199680K, 90% used [0x00000000c0000000,0x00000000caf9db60,0x00000000cc300000)
 Metaspace       used 118629K, committed 120128K, reserved 1179648K
  class space    used 11783K, committed 12480K, reserved 1048576K
}
Event: 23564.247 GC heap after
{Heap after GC invocations=18966 (full 410):
 PSYoungGen      total 5632K, used 510K [0x00000000eab00000, 0x00000000eb300000, 0x0000000100000000)
  eden space 5120K, 0% used [0x00000000eab00000,0x00000000eab00000,0x00000000eb000000)
  from space 512K, 99% used [0x00000000eb180000,0x00000000eb1ff8d0,0x00000000eb200000)
  to   space 1536K, 0% used [0x00000000eb000000,0x00000000eb000000,0x00000000eb180000)
 ParOldGen       total 199680K, used 180273K [0x00000000c0000000, 0x00000000cc300000, 0x00000000eab00000)
  object space 199680K, 90% used [0x00000000c0000000,0x00000000cb00c460,0x00000000cc300000)
 Metaspace       used 118629K, committed 120128K, reserved 1179648K
  class space    used 11783K, committed 12480K, reserved 1048576K
}
Event: 23564.251 GC heap before
{Heap before GC invocations=18967 (full 410):
 PSYoungGen      total 5632K, used 5630K [0x00000000eab00000, 0x00000000eb300000, 0x0000000100000000)
  eden space 5120K, 100% used [0x00000000eab00000,0x00000000eb000000,0x00000000eb000000)
  from space 512K, 99% used [0x00000000eb180000,0x00000000eb1ff8d0,0x00000000eb200000)
  to   space 1536K, 0% used [0x00000000eb000000,0x00000000eb000000,0x00000000eb180000)
 ParOldGen       total 199680K, used 180273K [0x00000000c0000000, 0x00000000cc300000, 0x00000000eab00000)
  object space 199680K, 90% used [0x00000000c0000000,0x00000000cb00c460,0x00000000cc300000)
 Metaspace       used 118629K, committed 120128K, reserved 1179648K
  class space    used 11783K, committed 12480K, reserved 1048576K
}
Event: 23564.252 GC heap after
{Heap after GC invocations=18967 (full 410):
 PSYoungGen      total 5632K, used 416K [0x00000000eab00000, 0x00000000eb200000, 0x0000000100000000)
  eden space 5120K, 0% used [0x00000000eab00000,0x00000000eab00000,0x00000000eb000000)
  from space 512K, 81% used [0x00000000eb000000,0x00000000eb068000,0x00000000eb080000)
  to   space 1024K, 0% used [0x00000000eb100000,0x00000000eb100000,0x00000000eb200000)
 ParOldGen       total 199680K, used 180785K [0x00000000c0000000, 0x00000000cc300000, 0x00000000eab00000)
  object space 199680K, 90% used [0x00000000c0000000,0x00000000cb08c630,0x00000000cc300000)
 Metaspace       used 118629K, committed 120128K, reserved 1179648K
  class space    used 11783K, committed 12480K, reserved 1048576K
}
Event: 23564.257 GC heap before
{Heap before GC invocations=18968 (full 410):
 PSYoungGen      total 5632K, used 5536K [0x00000000eab00000, 0x00000000eb200000, 0x0000000100000000)
  eden space 5120K, 100% used [0x00000000eab00000,0x00000000eb000000,0x00000000eb000000)
  from space 512K, 81% used [0x00000000eb000000,0x00000000eb068000,0x00000000eb080000)
  to   space 1024K, 0% used [0x00000000eb100000,0x00000000eb100000,0x00000000eb200000)
 ParOldGen       total 199680K, used 180785K [0x00000000c0000000, 0x00000000cc300000, 0x00000000eab00000)
  object space 199680K, 90% used [0x00000000c0000000,0x00000000cb08c630,0x00000000cc300000)
 Metaspace       used 118629K, committed 120128K, reserved 1179648K
  class space    used 11783K, committed 12480K, reserved 1048576K
}
Event: 23564.258 GC heap after
{Heap after GC invocations=18968 (full 410):
 PSYoungGen      total 6144K, used 506K [0x00000000eab00000, 0x00000000eb200000, 0x0000000100000000)
  eden space 5120K, 0% used [0x00000000eab00000,0x00000000eab00000,0x00000000eb000000)
  from space 1024K, 49% used [0x00000000eb100000,0x00000000eb17e900,0x00000000eb200000)
  to   space 1024K, 0% used [0x00000000eb000000,0x00000000eb000000,0x00000000eb100000)
 ParOldGen       total 199680K, used 180857K [0x00000000c0000000, 0x00000000cc300000, 0x00000000eab00000)
  object space 199680K, 90% used [0x00000000c0000000,0x00000000cb09e630,0x00000000cc300000)
 Metaspace       used 118629K, committed 120128K, reserved 1179648K
  class space    used 11783K, committed 12480K, reserved 1048576K
}
Event: 23564.381 GC heap before
{Heap before GC invocations=18969 (full 410):
 PSYoungGen      total 6144K, used 5095K [0x00000000eab00000, 0x00000000eb200000, 0x0000000100000000)
  eden space 5120K, 89% used [0x00000000eab00000,0x00000000eaf7b628,0x00000000eb000000)
  from space 1024K, 49% used [0x00000000eb100000,0x00000000eb17e900,0x00000000eb200000)
  to   space 1024K, 0% used [0x00000000eb000000,0x00000000eb000000,0x00000000eb100000)
 ParOldGen       total 199680K, used 180857K [0x00000000c0000000, 0x00000000cc300000, 0x00000000eab00000)
  object space 199680K, 90% used [0x00000000c0000000,0x00000000cb09e630,0x00000000cc300000)
 Metaspace       used 118629K, committed 120128K, reserved 1179648K
  class space    used 11783K, committed 12480K, reserved 1048576K
}
Event: 23564.382 GC heap after
{Heap after GC invocations=18969 (full 410):
 PSYoungGen      total 6144K, used 224K [0x00000000eab00000, 0x00000000eb180000, 0x0000000100000000)
  eden space 5120K, 0% used [0x00000000eab00000,0x00000000eab00000,0x00000000eb000000)
  from space 1024K, 21% used [0x00000000eb000000,0x00000000eb038000,0x00000000eb100000)
  to   space 512K, 0% used [0x00000000eb100000,0x00000000eb100000,0x00000000eb180000)
 ParOldGen       total 199680K, used 180911K [0x00000000c0000000, 0x00000000cc300000, 0x00000000eab00000)
  object space 199680K, 90% used [0x00000000c0000000,0x00000000cb0abd90,0x00000000cc300000)
 Metaspace       used 118629K, committed 120128K, reserved 1179648K
  class space    used 11783K, committed 12480K, reserved 1048576K
}

